

***********************************************************************
Fatal NI connect error 12541, connecting to:
 (DESCRIPTION=(CONNECT_DATA=(SERVICE_NAME=inmind.fls)(CID=(PROGRAM=httpd)(HOST=apguweb1)(USER=daemon)))(ADDRESS=(PROTOCOL=TCP)(HOST=10.120.1.49)(PORT=1521)))

  VERSION INFORMATION:
	TNS for Linux: Version 10.1.0.5.0 - Production
	TCP/IP NT Protocol Adapter for Linux: Version 10.1.0.5.0 - Production
  Time: 22-OCT-2013 11:00:30
  Tracing not turned on.
  Tns error struct:
    ns main err code: 12541
    TNS-12541: Message 12541 not found; No message file for product=network, facility=TNS
    ns secondary err code: 12560
    nt main err code: 511
    TNS-00511: Message 511 not found; No message file for product=network, facility=TNS
    nt secondary err code: 111
    nt OS err code: 0


***********************************************************************
Fatal NI connect error 12541, connecting to:
 (DESCRIPTION=(CONNECT_DATA=(SERVICE_NAME=inmind.fls)(CID=(PROGRAM=httpd)(HOST=apguweb1)(USER=daemon)))(ADDRESS=(PROTOCOL=TCP)(HOST=10.120.1.49)(PORT=1521)))

  VERSION INFORMATION:
	TNS for Linux: Version 10.1.0.5.0 - Production
	TCP/IP NT Protocol Adapter for Linux: Version 10.1.0.5.0 - Production
  Time: 22-OCT-2013 11:04:20
  Tracing not turned on.
  Tns error struct:
    ns main err code: 12541
    TNS-12541: Message 12541 not found; No message file for product=network, facility=TNS
    ns secondary err code: 12560
    nt main err code: 511
    TNS-00511: Message 511 not found; No message file for product=network, facility=TNS
    nt secondary err code: 111
    nt OS err code: 0


***********************************************************************
Fatal NI connect error 12541, connecting to:
 (DESCRIPTION=(CONNECT_DATA=(SERVICE_NAME=inmind.fls)(CID=(PROGRAM=httpd)(HOST=apguweb1)(USER=daemon)))(ADDRESS=(PROTOCOL=TCP)(HOST=10.120.1.49)(PORT=1521)))

  VERSION INFORMATION:
	TNS for Linux: Version 10.1.0.5.0 - Production
	TCP/IP NT Protocol Adapter for Linux: Version 10.1.0.5.0 - Production
  Time: 22-OCT-2013 13:54:13
  Tracing not turned on.
  Tns error struct:
    ns main err code: 12541
    TNS-12541: Message 12541 not found; No message file for product=network, facility=TNS
    ns secondary err code: 12560
    nt main err code: 511
    TNS-00511: Message 511 not found; No message file for product=network, facility=TNS
    nt secondary err code: 111
    nt OS err code: 0


***********************************************************************
Fatal NI connect error 12541, connecting to:
 (DESCRIPTION=(CONNECT_DATA=(SERVICE_NAME=inmind.fls)(CID=(PROGRAM=httpd)(HOST=apguweb1)(USER=daemon)))(ADDRESS=(PROTOCOL=TCP)(HOST=10.120.1.49)(PORT=1521)))

  VERSION INFORMATION:
	TNS for Linux: Version 10.1.0.5.0 - Production
	TCP/IP NT Protocol Adapter for Linux: Version 10.1.0.5.0 - Production
  Time: 22-OCT-2013 14:43:00
  Tracing not turned on.
  Tns error struct:
    ns main err code: 12541
    TNS-12541: Message 12541 not found; No message file for product=network, facility=TNS
    ns secondary err code: 12560
    nt main err code: 511
    TNS-00511: Message 511 not found; No message file for product=network, facility=TNS
    nt secondary err code: 111
    nt OS err code: 0


***********************************************************************
Fatal NI connect error 12537, connecting to:
 (DESCRIPTION=(CONNECT_DATA=(SERVICE_NAME=gzplanp)(CID=(PROGRAM=httpd)(HOST=apguweb1)(USER=daemon)))(ADDRESS=(PROTOCOL=TCP)(HOST=10.120.1.38)(PORT=1521)))

  VERSION INFORMATION:
	TNS for Linux: Version 10.1.0.5.0 - Production
	TCP/IP NT Protocol Adapter for Linux: Version 10.1.0.5.0 - Production
  Time: 20-JUL-2018 13:26:45
  Tracing not turned on.
  Tns error struct:
    ns main err code: 12537
    TNS-12537: Message 12537 not found; No message file for product=network, facility=TNS
    ns secondary err code: 12560
    nt main err code: 507
    TNS-00507: Message 507 not found; No message file for product=network, facility=TNS
    nt secondary err code: 0
    nt OS err code: 0


***********************************************************************
Fatal NI connect error 12537, connecting to:
 (DESCRIPTION=(CONNECT_DATA=(SERVICE_NAME=gzplanp)(CID=(PROGRAM=httpd@apguweb1)(HOST=apguweb1)(USER=daemon)))(ADDRESS=(PROTOCOL=TCP)(HOST=10.120.1.38)(PORT=1521)))

  VERSION INFORMATION:
	TNS for Linux: Version 10.1.0.5.0 - Production
	TCP/IP NT Protocol Adapter for Linux: Version 10.1.0.5.0 - Production
  Time: 06-DEC-2018 11:43:44
  Tracing not turned on.
  Tns error struct:
    ns main err code: 12537
    TNS-12537: Message 12537 not found; No message file for product=network, facility=TNS
    ns secondary err code: 12560
    nt main err code: 507
    TNS-00507: Message 507 not found; No message file for product=network, facility=TNS
    nt secondary err code: 0


***********************************************************************
Fatal NI connect error 12537, connecting to:
 (DESCRIPTION=(CONNECT_DATA=(SERVICE_NAME=gzplanp)(CID=(PROGRAM=httpd@apguweb1)(HOST=apguweb1)(USER=daemon)))(ADDRESS=(PROTOCOL=TCP)(HOST=10.120.1.38)(PORT=1521)))

  VERSION INFORMATION:
	TNS for Linux: Version 10.1.0.5.0 - Production
	TCP/IP NT Protocol Adapter for Linux: Version 10.1.0.5.0 - Production
  Time: 06-DEC-2018 11:43:50
  Tracing not turned on.
  Tns error struct:
    ns main err code: 12537
    TNS-12537: Message 12537 not found; No message file for product=network, facility=TNS
    ns secondary err code: 12560
    nt main err code: 507
    TNS-00507: Message 507 not found; No message file for product=network, facility=TNS
    nt secondary err code: 0
    nt OS err code: 0
    nt OS err code: 0
