

***********************************************************************
Fatal NI connect error 12541, connecting to:
 (DESCRIPTION=(CONNECT_DATA=(SERVICE_NAME=inmind.fls)(CID=(PROGRAM=httpd)(HOST=apguweb1)(USER=daemon)))(ADDRESS=(PROTOCOL=TCP)(HOST=10.120.1.49)(PORT=1521)))

  VERSION INFORMATION:
	TNS for Linux: Version 10.1.0.5.0 - Production
	TCP/IP NT Protocol Adapter for Linux: Version 10.1.0.5.0 - Production
  Time: 25-MAY-2012 13:47:06
  Tracing not turned on.
  Tns error struct:
    ns main err code: 12541
    TNS-12541: Message 12541 not found; No message file for product=network, facility=TNS
    ns secondary err code: 12560
    nt main err code: 511
    TNS-00511: Message 511 not found; No message file for product=network, facility=TNS
    nt secondary err code: 111
    nt OS err code: 0


***********************************************************************
Fatal NI connect error 12514, connecting to:
 (DESCRIPTION=(CONNECT_DATA=(SERVICE_NAME=HKLIVE.viasystems.com)(CID=(PROGRAM=httpd)(HOST=apguweb1)(USER=daemon)))(ADDRESS=(PROTOCOL=TCP)(HOST=10.110.1.32)(PORT=1521)))

  VERSION INFORMATION:
	TNS for Linux: Version 10.1.0.5.0 - Production
	TCP/IP NT Protocol Adapter for Linux: Version 10.1.0.5.0 - Production
  Time: 24-AUG-2013 10:50:43
  Tracing not turned on.
  Tns error struct:
    ns main err code: 12564
    TNS-12564: Message 12564 not found; No message file for product=network, facility=TNS
    ns secondary err code: 0
    nt main err code: 0
    nt secondary err code: 0
    nt OS err code: 0


***********************************************************************
Fatal NI connect error 12541, connecting to:
 (DESCRIPTION=(CONNECT_DATA=(SERVICE_NAME=inmind.fls)(CID=(PROGRAM=httpd)(HOST=apguweb1)(USER=daemon)))(ADDRESS=(PROTOCOL=TCP)(HOST=10.120.1.49)(PORT=1521)))

  VERSION INFORMATION:
	TNS for Linux: Version 10.1.0.5.0 - Production
	TCP/IP NT Protocol Adapter for Linux: Version 10.1.0.5.0 - Production
  Time: 22-OCT-2013 11:01:24
  Tracing not turned on.
  Tns error struct:
    ns main err code: 12541
    TNS-12541: Message 12541 not found; No message file for product=network, facility=TNS
    ns secondary err code: 12560
    nt main err code: 511
    TNS-00511: Message 511 not found; No message file for product=network, facility=TNS
    nt secondary err code: 111


***********************************************************************
Fatal NI connect error 12541, connecting to:
 (DESCRIPTION=(CONNECT_DATA=(SERVICE_NAME=inmind.fls)(CID=(PROGRAM=httpd)(HOST=apguweb1)(USER=daemon)))(ADDRESS=(PROTOCOL=TCP)(HOST=10.120.1.49)(PORT=1521)))

  VERSION INFORMATION:
	TNS for Linux: Version 10.1.0.5.0 - Production
	TCP/IP NT Protocol Adapter for Linux: Version 10.1.0.5.0 - Production
  Time: 22-OCT-2013 11:10:18
  Tracing not turned on.
  Tns error struct:
    ns main err code: 12541
    TNS-12541: Message 12541 not found; No message file for product=network, facility=TNS
    ns secondary err code: 12560
    nt main err code: 511
    TNS-00511: Message 511 not found; No message file for product=network, facility=TNS
    nt secondary err code: 111
    nt OS err code: 0
    nt OS err code: 0


***********************************************************************
Fatal NI connect error 12541, connecting to:
 (DESCRIPTION=(CONNECT_DATA=(SERVICE_NAME=inmind.fls)(CID=(PROGRAM=httpd)(HOST=apguweb1)(USER=daemon)))(ADDRESS=(PROTOCOL=TCP)(HOST=10.120.1.49)(PORT=1521)))

  VERSION INFORMATION:
	TNS for Linux: Version 10.1.0.5.0 - Production
	TCP/IP NT Protocol Adapter for Linux: Version 10.1.0.5.0 - Production
  Time: 23-OCT-2013 12:04:41
  Tracing not turned on.
  Tns error struct:
    ns main err code: 12541
    TNS-12541: Message 12541 not found; No message file for product=network, facility=TNS
    ns secondary err code: 12560
    nt main err code: 511
    TNS-00511: Message 511 not found; No message file for product=network, facility=TNS
    nt secondary err code: 111
    nt OS err code: 0


***********************************************************************
Fatal NI connect error 12541, connecting to:
 (DESCRIPTION=(CONNECT_DATA=(SERVICE_NAME=inmind.fls)(CID=(PROGRAM=httpd)(HOST=apguweb1)(USER=daemon)))(ADDRESS=(PROTOCOL=TCP)(HOST=10.120.1.49)(PORT=1521)))

  VERSION INFORMATION:
	TNS for Linux: Version 10.1.0.5.0 - Production
	TCP/IP NT Protocol Adapter for Linux: Version 10.1.0.5.0 - Production
  Time: 24-OCT-2013 15:27:02
  Tracing not turned on.
  Tns error struct:
    ns main err code: 12541
    TNS-12541: Message 12541 not found; No message file for product=network, facility=TNS
    ns secondary err code: 12560
    nt main err code: 511
    TNS-00511: Message 511 not found; No message file for product=network, facility=TNS
    nt secondary err code: 111
    nt OS err code: 0


***********************************************************************
Fatal NI connect error 12541, connecting to:
 (DESCRIPTION=(CONNECT_DATA=(SERVICE_NAME=inmind.fls)(CID=(PROGRAM=httpd)(HOST=apguweb1)(USER=daemon)))(ADDRESS=(PROTOCOL=TCP)(HOST=10.120.1.49)(PORT=1521)))

  VERSION INFORMATION:
	TNS for Linux: Version 10.1.0.5.0 - Production
	TCP/IP NT Protocol Adapter for Linux: Version 10.1.0.5.0 - Production
  Time: 24-OCT-2013 16:44:44
  Tracing not turned on.
  Tns error struct:
    ns main err code: 12541
    TNS-12541: Message 12541 not found; No message file for product=network, facility=TNS
    ns secondary err code: 12560
    nt main err code: 511
    TNS-00511: Message 511 not found; No message file for product=network, facility=TNS
    nt secondary err code: 111
    nt OS err code: 0


***********************************************************************
Fatal NI connect error 12170.

  VERSION INFORMATION:
	TNS for Linux: Version 10.1.0.5.0 - Production
	TCP/IP NT Protocol Adapter for Linux: Version 10.1.0.5.0 - Production
  Time: 14-JUL-2018 11:36:54
  Tracing not turned on.
  Tns error struct:
    ns main err code: 12535
    TNS-12535: Message 12535 not found; No message file for product=network, facility=TNS
    ns secondary err code: 12560
    nt main err code: 505
    TNS-00505: Message 505 not found; No message file for product=network, facility=TNS
    nt secondary err code: 110
    nt OS err code: 0
  Client address: <unknown>


***********************************************************************
Fatal NI connect error 12537, connecting to:
 (DESCRIPTION=(CONNECT_DATA=(SERVICE_NAME=gzplanp)(CID=(PROGRAM=httpd)(HOST=apguweb1)(USER=daemon)))(ADDRESS=(PROTOCOL=TCP)(HOST=10.120.1.38)(PORT=1521)))

  VERSION INFORMATION:
	TNS for Linux: Version 10.1.0.5.0 - Production
	TCP/IP NT Protocol Adapter for Linux: Version 10.1.0.5.0 - Production
  Time: 20-JUL-2018 13:26:45
  Tracing not turned on.
  Tns error struct:
    ns main err code: 12537
    TNS-12537: Message 12537 not found; No message file for product=network, facility=TNS
    ns secondary err code: 12560
    nt main err code: 507
    TNS-00507: Message 507 not found; No message file for product=network, facility=TNS
    nt secondary err code: 0
    nt OS err code: 0


***********************************************************************
Fatal NI connect error 12537, connecting to:
 (DESCRIPTION=(CONNECT_DATA=(SERVICE_NAME=gzplanp)(CID=(PROGRAM=httpd)(HOST=apguweb1)(USER=daemon)))(ADDRESS=(PROTOCOL=TCP)(HOST=10.120.1.38)(PORT=1521)))

  VERSION INFORMATION:
	TNS for Linux: Version 10.1.0.5.0 - Production
	TCP/IP NT Protocol Adapter for Linux: Version 10.1.0.5.0 - Production
  Time: 25-JUL-2018 13:53:56
  Tracing not turned on.
  Tns error struct:
    ns main err code: 12537
    TNS-12537: Message 12537 not found; No message file for product=network, facility=TNS
    ns secondary err code: 12560
    nt main err code: 507
    TNS-00507: Message 507 not found; No message file for product=network, facility=TNS
    nt secondary err code: 0
    nt OS err code: 0


***********************************************************************
Fatal NI connect error 12537, connecting to:
 (DESCRIPTION=(CONNECT_DATA=(SERVICE_NAME=gzplanp)(CID=(PROGRAM=httpd)(HOST=apguweb1)(USER=daemon)))(ADDRESS=(PROTOCOL=TCP)(HOST=10.120.1.38)(PORT=1521)))

  VERSION INFORMATION:
	TNS for Linux: Version 10.1.0.5.0 - Production
	TCP/IP NT Protocol Adapter for Linux: Version 10.1.0.5.0 - Production
  Time: 25-JUL-2018 13:53:57
  Tracing not turned on.
  Tns error struct:
    ns main err code: 12537
    TNS-12537: Message 12537 not found; No message file for product=network, facility=TNS
    ns secondary err code: 12560
    nt main err code: 507
    TNS-00507: Message 507 not found; No message file for product=network, facility=TNS
    nt secondary err code: 0
    nt OS err code: 0


***********************************************************************
Fatal NI connect error 12537, connecting to:
 (DESCRIPTION=(CONNECT_DATA=(SERVICE_NAME=gzplanp)(CID=(PROGRAM=httpd)(HOST=apguweb1)(USER=daemon)))(ADDRESS=(PROTOCOL=TCP)(HOST=10.120.1.38)(PORT=1521)))

  VERSION INFORMATION:
	TNS for Linux: Version 10.1.0.5.0 - Production
	TCP/IP NT Protocol Adapter for Linux: Version 10.1.0.5.0 - Production
  Time: 25-JUL-2018 13:53:58
  Tracing not turned on.
  Tns error struct:
    ns main err code: 12537
    TNS-12537: Message 12537 not found; No message file for product=network, facility=TNS
    ns secondary err code: 12560
    nt main err code: 507
    TNS-00507: Message 507 not found; No message file for product=network, facility=TNS
    nt secondary err code: 0
    nt OS err code: 0


***********************************************************************
Fatal NI connect error 12537, connecting to:
 (DESCRIPTION=(CONNECT_DATA=(SERVICE_NAME=gzplanp)(CID=(PROGRAM=httpd)(HOST=apguweb1)(USER=daemon)))(ADDRESS=(PROTOCOL=TCP)(HOST=10.120.1.38)(PORT=1521)))

  VERSION INFORMATION:
	TNS for Linux: Version 10.1.0.5.0 - Production
	TCP/IP NT Protocol Adapter for Linux: Version 10.1.0.5.0 - Production
  Time: 25-JUL-2018 13:53:59
  Tracing not turned on.
  Tns error struct:
    ns main err code: 12537
    TNS-12537: Message 12537 not found; No message file for product=network, facility=TNS
    ns secondary err code: 12560
    nt main err code: 507
    TNS-00507: Message 507 not found; No message file for product=network, facility=TNS
    nt secondary err code: 0


***********************************************************************
Fatal NI connect error 12537, connecting to:
 (DESCRIPTION=(CONNECT_DATA=(SERVICE_NAME=gzplanp)(CID=(PROGRAM=httpd)(HOST=apguweb1)(USER=daemon)))(ADDRESS=(PROTOCOL=TCP)(HOST=10.120.1.38)(PORT=1521)))

  VERSION INFORMATION:
	TNS for Linux: Version 10.1.0.5.0 - Production
	TCP/IP NT Protocol Adapter for Linux: Version 10.1.0.5.0 - Production
  Time: 25-JUL-2018 13:54:02
  Tracing not turned on.
  Tns error struct:
    ns main err code: 12537
    TNS-12537: Message 12537 not found; No message file for product=network, facility=TNS
    ns secondary err code: 12560
    nt main err code: 507
    TNS-00507: Message 507 not found; No message file for product=network, facility=TNS
    nt secondary err code: 0
    nt OS err code: 0


***********************************************************************
Fatal NI connect error 12537, connecting to:
 (DESCRIPTION=(CONNECT_DATA=(SERVICE_NAME=gzplanp)(CID=(PROGRAM=httpd)(HOST=apguweb1)(USER=daemon)))(ADDRESS=(PROTOCOL=TCP)(HOST=10.120.1.38)(PORT=1521)))

  VERSION INFORMATION:
	TNS for Linux: Version 10.1.0.5.0 - Production
	TCP/IP NT Protocol Adapter for Linux: Version 10.1.0.5.0 - Production
  Time: 25-JUL-2018 13:54:02
  Tracing not turned on.
  Tns error struct:
    ns main err code: 12537
    TNS-12537: Message 12537 not found; No message file for product=network, facility=TNS
    ns secondary err code: 12560
    nt main err code: 507
    TNS-00507: Message 507 not found; No message file for product=network, facility=TNS
    nt secondary err code: 0
    nt OS err code: 0


***********************************************************************
Fatal NI connect error 12537, connecting to:
 (DESCRIPTION=(CONNECT_DATA=(SERVICE_NAME=gzplanp)(CID=(PROGRAM=httpd)(HOST=apguweb1)(USER=daemon)))(ADDRESS=(PROTOCOL=TCP)(HOST=10.120.1.38)(PORT=1521)))

  VERSION INFORMATION:
	TNS for Linux: Version 10.1.0.5.0 - Production
	TCP/IP NT Protocol Adapter for Linux: Version 10.1.0.5.0 - Production
  Time: 25-JUL-2018 13:54:03
  Tracing not turned on.
  Tns error struct:
    ns main err code: 12537
    TNS-12537: Message 12537 not found; No message file for product=network, facility=TNS
    ns secondary err code: 12560
    nt main err code: 507
    TNS-00507: Message 507 not found; No message file for product=network, facility=TNS
    nt secondary err code: 0
    nt OS err code: 0


***********************************************************************
Fatal NI connect error 12537, connecting to:
 (DESCRIPTION=(CONNECT_DATA=(SERVICE_NAME=gzplanp)(CID=(PROGRAM=httpd)(HOST=apguweb1)(USER=daemon)))(ADDRESS=(PROTOCOL=TCP)(HOST=10.120.1.38)(PORT=1521)))

  VERSION INFORMATION:
	TNS for Linux: Version 10.1.0.5.0 - Production
	TCP/IP NT Protocol Adapter for Linux: Version 10.1.0.5.0 - Production
  Time: 25-JUL-2018 13:54:04
  Tracing not turned on.
  Tns error struct:
    ns main err code: 12537
    TNS-12537: Message 12537 not found; No message file for product=network, facility=TNS
    ns secondary err code: 12560
    nt main err code: 507
    TNS-00507: Message 507 not found; No message file for product=network, facility=TNS
    nt secondary err code: 0
    nt OS err code: 0


***********************************************************************
Fatal NI connect error 12537, connecting to:
 (DESCRIPTION=(CONNECT_DATA=(SERVICE_NAME=gzplanp)(CID=(PROGRAM=httpd)(HOST=apguweb1)(USER=daemon)))(ADDRESS=(PROTOCOL=TCP)(HOST=10.120.1.38)(PORT=1521)))

  VERSION INFORMATION:
	TNS for Linux: Version 10.1.0.5.0 - Production
	TCP/IP NT Protocol Adapter for Linux: Version 10.1.0.5.0 - Production
  Time: 25-JUL-2018 13:54:05
  Tracing not turned on.
  Tns error struct:
    ns main err code: 12537
    TNS-12537: Message 12537 not found; No message file for product=network, facility=TNS
    ns secondary err code: 12560
    nt main err code: 507
    TNS-00507: Message 507 not found; No message file for product=network, facility=TNS
    nt secondary err code: 0
    nt OS err code: 0


***********************************************************************
Fatal NI connect error 12537, connecting to:
 (DESCRIPTION=(CONNECT_DATA=(SERVICE_NAME=gzplanp)(CID=(PROGRAM=httpd)(HOST=apguweb1)(USER=daemon)))(ADDRESS=(PROTOCOL=TCP)(HOST=10.120.1.38)(PORT=1521)))

  VERSION INFORMATION:
	TNS for Linux: Version 10.1.0.5.0 - Production
	TCP/IP NT Protocol Adapter for Linux: Version 10.1.0.5.0 - Production
  Time: 25-JUL-2018 13:54:06
  Tracing not turned on.
  Tns error struct:
    ns main err code: 12537
    TNS-12537: Message 12537 not found; No message file for product=network, facility=TNS
    ns secondary err code: 12560
    nt main err code: 507
    TNS-00507: Message 507 not found; No message file for product=network, facility=TNS
    nt secondary err code: 0
    nt OS err code: 0


***********************************************************************
Fatal NI connect error 12537, connecting to:
 (DESCRIPTION=(CONNECT_DATA=(SERVICE_NAME=gzplanp)(CID=(PROGRAM=httpd)(HOST=apguweb1)(USER=daemon)))(ADDRESS=(PROTOCOL=TCP)(HOST=10.120.1.38)(PORT=1521)))

  VERSION INFORMATION:
	TNS for Linux: Version 10.1.0.5.0 - Production
	TCP/IP NT Protocol Adapter for Linux: Version 10.1.0.5.0 - Production
  Time: 25-JUL-2018 13:54:07
  Tracing not turned on.
  Tns error struct:
    ns main err code: 12537
    TNS-12537: Message 12537 not found; No message file for product=network, facility=TNS
    ns secondary err code: 12560
    nt main err code: 507
    TNS-00507: Message 507 not found; No message file for product=network, facility=TNS
    nt secondary err code: 0
    nt OS err code: 0


***********************************************************************
Fatal NI connect error 12537, connecting to:
 (DESCRIPTION=(CONNECT_DATA=(SERVICE_NAME=gzplanp)(CID=(PROGRAM=httpd)(HOST=apguweb1)(USER=daemon)))(ADDRESS=(PROTOCOL=TCP)(HOST=10.120.1.38)(PORT=1521)))

  VERSION INFORMATION:
	TNS for Linux: Version 10.1.0.5.0 - Production
	TCP/IP NT Protocol Adapter for Linux: Version 10.1.0.5.0 - Production
  Time: 25-JUL-2018 13:54:08
  Tracing not turned on.
  Tns error struct:
    ns main err code: 12537
    TNS-12537: Message 12537 not found; No message file for product=network, facility=TNS
    ns secondary err code: 12560
    nt main err code: 507
    TNS-00507: Message 507 not found; No message file for product=network, facility=TNS
    nt secondary err code: 0
    nt OS err code: 0


***********************************************************************
Fatal NI connect error 12537, connecting to:
 (DESCRIPTION=(CONNECT_DATA=(SERVICE_NAME=gzplanp)(CID=(PROGRAM=httpd)(HOST=apguweb1)(USER=daemon)))(ADDRESS=(PROTOCOL=TCP)(HOST=10.120.1.38)(PORT=1521)))

  VERSION INFORMATION:
	TNS for Linux: Version 10.1.0.5.0 - Production
	TCP/IP NT Protocol Adapter for Linux: Version 10.1.0.5.0 - Production
  Time: 25-JUL-2018 13:54:09
  Tracing not turned on.
  Tns error struct:
    ns main err code: 12537
    TNS-12537: Message 12537 not found; No message file for product=network, facility=TNS
    ns secondary err code: 12560
    nt main err code: 507
    TNS-00507: Message 507 not found; No message file for product=network, facility=TNS
    nt secondary err code: 0
    nt OS err code: 0


***********************************************************************
Fatal NI connect error 12537, connecting to:
 (DESCRIPTION=(CONNECT_DATA=(SERVICE_NAME=gzplanp)(CID=(PROGRAM=httpd)(HOST=apguweb1)(USER=daemon)))(ADDRESS=(PROTOCOL=TCP)(HOST=10.120.1.38)(PORT=1521)))

  VERSION INFORMATION:
	TNS for Linux: Version 10.1.0.5.0 - Production
	TCP/IP NT Protocol Adapter for Linux: Version 10.1.0.5.0 - Production
  Time: 25-JUL-2018 13:54:10
  Tracing not turned on.
  Tns error struct:
    ns main err code: 12537
    TNS-12537: Message 12537 not found; No message file for product=network, facility=TNS
    ns secondary err code: 12560
    nt main err code: 507
    TNS-00507: Message 507 not found; No message file for product=network, facility=TNS
    nt secondary err code: 0
    nt OS err code: 0


***********************************************************************
Fatal NI connect error 12537, connecting to:
 (DESCRIPTION=(CONNECT_DATA=(SERVICE_NAME=gzplanp)(CID=(PROGRAM=httpd)(HOST=apguweb1)(USER=daemon)))(ADDRESS=(PROTOCOL=TCP)(HOST=10.120.1.38)(PORT=1521)))

  VERSION INFORMATION:
	TNS for Linux: Version 10.1.0.5.0 - Production
	TCP/IP NT Protocol Adapter for Linux: Version 10.1.0.5.0 - Production
  Time: 25-JUL-2018 13:54:11
  Tracing not turned on.
  Tns error struct:
    ns main err code: 12537
    TNS-12537: Message 12537 not found; No message file for product=network, facility=TNS
    ns secondary err code: 12560
    nt main err code: 507
    TNS-00507: Message 507 not found; No message file for product=network, facility=TNS
    nt secondary err code: 0
    nt OS err code: 0


***********************************************************************
Fatal NI connect error 12537, connecting to:
 (DESCRIPTION=(CONNECT_DATA=(SERVICE_NAME=gzplanp)(CID=(PROGRAM=httpd)(HOST=apguweb1)(USER=daemon)))(ADDRESS=(PROTOCOL=TCP)(HOST=10.120.1.38)(PORT=1521)))

  VERSION INFORMATION:
	TNS for Linux: Version 10.1.0.5.0 - Production
	TCP/IP NT Protocol Adapter for Linux: Version 10.1.0.5.0 - Production
  Time: 25-JUL-2018 13:54:12
  Tracing not turned on.
  Tns error struct:
    ns main err code: 12537
    TNS-12537: Message 12537 not found; No message file for product=network, facility=TNS
    ns secondary err code: 12560
    nt main err code: 507
    TNS-00507: Message 507 not found; No message file for product=network, facility=TNS
    nt secondary err code: 0
    nt OS err code: 0


***********************************************************************
Fatal NI connect error 12537, connecting to:
 (DESCRIPTION=(CONNECT_DATA=(SERVICE_NAME=gzplanp)(CID=(PROGRAM=httpd)(HOST=apguweb1)(USER=daemon)))(ADDRESS=(PROTOCOL=TCP)(HOST=10.120.1.38)(PORT=1521)))

  VERSION INFORMATION:
	TNS for Linux: Version 10.1.0.5.0 - Production
	TCP/IP NT Protocol Adapter for Linux: Version 10.1.0.5.0 - Production
  Time: 25-JUL-2018 13:54:13
  Tracing not turned on.
  Tns error struct:
    ns main err code: 12537
    TNS-12537: Message 12537 not found; No message file for product=network, facility=TNS
    ns secondary err code: 12560
    nt main err code: 507
    TNS-00507: Message 507 not found; No message file for product=network, facility=TNS
    nt secondary err code: 0
    nt OS err code: 0
    nt OS err code: 0


***********************************************************************
Fatal NI connect error 12537, connecting to:
 (DESCRIPTION=(CONNECT_DATA=(SERVICE_NAME=gzplanp)(CID=(PROGRAM=httpd)(HOST=apguweb1)(USER=daemon)))(ADDRESS=(PROTOCOL=TCP)(HOST=10.120.1.38)(PORT=1521)))

  VERSION INFORMATION:
	TNS for Linux: Version 10.1.0.5.0 - Production
	TCP/IP NT Protocol Adapter for Linux: Version 10.1.0.5.0 - Production
  Time: 25-JUL-2018 13:54:14
  Tracing not turned on.
  Tns error struct:
    ns main err code: 12537
    TNS-12537: Message 12537 not found; No message file for product=network, facility=TNS
    ns secondary err code: 12560
    nt main err code: 507
    TNS-00507: Message 507 not found; No message file for product=network, facility=TNS
    nt secondary err code: 0
    nt OS err code: 0


***********************************************************************
Fatal NI connect error 12537, connecting to:
 (DESCRIPTION=(CONNECT_DATA=(SERVICE_NAME=gzplanp)(CID=(PROGRAM=httpd)(HOST=apguweb1)(USER=daemon)))(ADDRESS=(PROTOCOL=TCP)(HOST=10.120.1.38)(PORT=1521)))

  VERSION INFORMATION:
	TNS for Linux: Version 10.1.0.5.0 - Production
	TCP/IP NT Protocol Adapter for Linux: Version 10.1.0.5.0 - Production
  Time: 25-JUL-2018 13:54:15
  Tracing not turned on.
  Tns error struct:
    ns main err code: 12537
    TNS-12537: Message 12537 not found; No message file for product=network, facility=TNS
    ns secondary err code: 12560
    nt main err code: 507
    TNS-00507: Message 507 not found; No message file for product=network, facility=TNS
    nt secondary err code: 0
    nt OS err code: 0


***********************************************************************
Fatal NI connect error 12537, connecting to:
 (DESCRIPTION=(CONNECT_DATA=(SERVICE_NAME=gzplanp)(CID=(PROGRAM=httpd)(HOST=apguweb1)(USER=daemon)))(ADDRESS=(PROTOCOL=TCP)(HOST=10.120.1.38)(PORT=1521)))

  VERSION INFORMATION:
	TNS for Linux: Version 10.1.0.5.0 - Production
	TCP/IP NT Protocol Adapter for Linux: Version 10.1.0.5.0 - Production
  Time: 25-JUL-2018 13:54:16
  Tracing not turned on.
  Tns error struct:
    ns main err code: 12537
    TNS-12537: Message 12537 not found; No message file for product=network, facility=TNS
    ns secondary err code: 12560
    nt main err code: 507
    TNS-00507: Message 507 not found; No message file for product=network, facility=TNS
    nt secondary err code: 0
    nt OS err code: 0


***********************************************************************
Fatal NI connect error 12537, connecting to:
 (DESCRIPTION=(CONNECT_DATA=(SERVICE_NAME=gzplanp)(CID=(PROGRAM=httpd)(HOST=apguweb1)(USER=daemon)))(ADDRESS=(PROTOCOL=TCP)(HOST=10.120.1.38)(PORT=1521)))

  VERSION INFORMATION:
	TNS for Linux: Version 10.1.0.5.0 - Production
	TCP/IP NT Protocol Adapter for Linux: Version 10.1.0.5.0 - Production
  Time: 25-JUL-2018 13:54:17
  Tracing not turned on.
  Tns error struct:
    ns main err code: 12537
    TNS-12537: Message 12537 not found; No message file for product=network, facility=TNS
    ns secondary err code: 12560
    nt main err code: 507
    TNS-00507: Message 507 not found; No message file for product=network, facility=TNS
    nt secondary err code: 0
    nt OS err code: 0


***********************************************************************
Fatal NI connect error 12537, connecting to:
 (DESCRIPTION=(CONNECT_DATA=(SERVICE_NAME=gzplanp)(CID=(PROGRAM=httpd)(HOST=apguweb1)(USER=daemon)))(ADDRESS=(PROTOCOL=TCP)(HOST=10.120.1.38)(PORT=1521)))

  VERSION INFORMATION:
	TNS for Linux: Version 10.1.0.5.0 - Production
	TCP/IP NT Protocol Adapter for Linux: Version 10.1.0.5.0 - Production
  Time: 25-JUL-2018 13:54:18
  Tracing not turned on.
  Tns error struct:
    ns main err code: 12537
    TNS-12537: Message 12537 not found; No message file for product=network, facility=TNS
    ns secondary err code: 12560
    nt main err code: 507
    TNS-00507: Message 507 not found; No message file for product=network, facility=TNS
    nt secondary err code: 0


***********************************************************************
Fatal NI connect error 12537, connecting to:
 (DESCRIPTION=(CONNECT_DATA=(SERVICE_NAME=gzplanp)(CID=(PROGRAM=httpd)(HOST=apguweb1)(USER=daemon)))(ADDRESS=(PROTOCOL=TCP)(HOST=10.120.1.38)(PORT=1521)))

  VERSION INFORMATION:
	TNS for Linux: Version 10.1.0.5.0 - Production
	TCP/IP NT Protocol Adapter for Linux: Version 10.1.0.5.0 - Production
  Time: 25-JUL-2018 13:54:25
  Tracing not turned on.
  Tns error struct:
    ns main err code: 12537
    TNS-12537: Message 12537 not found; No message file for product=network, facility=TNS
    ns secondary err code: 12560
    nt main err code: 507
    TNS-00507: Message 507 not found; No message file for product=network, facility=TNS
    nt secondary err code: 0
    nt OS err code: 0
    nt OS err code: 0


***********************************************************************
Fatal NI connect error 12537, connecting to:
 (DESCRIPTION=(CONNECT_DATA=(SERVICE_NAME=gzplanp)(CID=(PROGRAM=httpd)(HOST=apguweb1)(USER=daemon)))(ADDRESS=(PROTOCOL=TCP)(HOST=10.120.1.38)(PORT=1521)))

  VERSION INFORMATION:
	TNS for Linux: Version 10.1.0.5.0 - Production
	TCP/IP NT Protocol Adapter for Linux: Version 10.1.0.5.0 - Production
  Time: 25-JUL-2018 13:54:39
  Tracing not turned on.
  Tns error struct:
    ns main err code: 12537
    TNS-12537: Message 12537 not found; No message file for product=network, facility=TNS
    ns secondary err code: 12560
    nt main err code: 507
    TNS-00507: Message 507 not found; No message file for product=network, facility=TNS
    nt secondary err code: 0
    nt OS err code: 0


***********************************************************************
Fatal NI connect error 12170.

  VERSION INFORMATION:
	TNS for Linux: Version 10.1.0.5.0 - Production
	TCP/IP NT Protocol Adapter for Linux: Version 10.1.0.5.0 - Production
  Time: 15-AUG-2018 10:49:36
  Tracing not turned on.
  Tns error struct:
    ns main err code: 12535
    TNS-12535: Message 12535 not found; No message file for product=network, facility=TNS
    ns secondary err code: 12560
    nt main err code: 505
    TNS-00505: Message 505 not found; No message file for product=network, facility=TNS
    nt secondary err code: 110
    nt OS err code: 0
  Client address: <unknown>


***********************************************************************
Fatal NI connect error 12537, connecting to:
 (DESCRIPTION=(CONNECT_DATA=(SERVICE_NAME=gzplanp)(CID=(PROGRAM=httpd)(HOST=apguweb1)(USER=daemon)))(ADDRESS=(PROTOCOL=TCP)(HOST=10.120.1.38)(PORT=1521)))

  VERSION INFORMATION:
	TNS for Linux: Version 10.1.0.5.0 - Production
	TCP/IP NT Protocol Adapter for Linux: Version 10.1.0.5.0 - Production
  Time: 24-OCT-2018 09:23:50
  Tracing not turned on.
  Tns error struct:
    ns main err code: 12537
    TNS-12537: Message 12537 not found; No message file for product=network, facility=TNS
    ns secondary err code: 12560
    nt main err code: 507
    TNS-00507: Message 507 not found; No message file for product=network, facility=TNS
    nt secondary err code: 0
    nt OS err code: 0


***********************************************************************
Fatal NI connect error 12537, connecting to:
 (DESCRIPTION=(CONNECT_DATA=(SERVICE_NAME=gzplanp)(CID=(PROGRAM=httpd)(HOST=apguweb1)(USER=daemon)))(ADDRESS=(PROTOCOL=TCP)(HOST=10.120.1.38)(PORT=1521)))

  VERSION INFORMATION:
	TNS for Linux: Version 10.1.0.5.0 - Production
	TCP/IP NT Protocol Adapter for Linux: Version 10.1.0.5.0 - Production
  Time: 06-DEC-2018 11:36:45
  Tracing not turned on.
  Tns error struct:
    ns main err code: 12537
    TNS-12537: Message 12537 not found; No message file for product=network, facility=TNS
    ns secondary err code: 12560
    nt main err code: 507
    TNS-00507: Message 507 not found; No message file for product=network, facility=TNS
    nt secondary err code: 0


***********************************************************************
Fatal NI connect error 12537, connecting to:
 (DESCRIPTION=(CONNECT_DATA=(SERVICE_NAME=gzplanp)(CID=(PROGRAM=httpd)(HOST=apguweb1)(USER=daemon)))(ADDRESS=(PROTOCOL=TCP)(HOST=10.120.1.38)(PORT=1521)))

  VERSION INFORMATION:
	TNS for Linux: Version 10.1.0.5.0 - Production
	TCP/IP NT Protocol Adapter for Linux: Version 10.1.0.5.0 - Production
  Time: 06-DEC-2018 11:36:45
  Tracing not turned on.
  Tns error struct:
    ns main err code: 12537
    TNS-12537: Message 12537 not found; No message file for product=network, facility=TNS
    ns secondary err code: 12560
    nt main err code: 507
    TNS-00507: Message 507 not found; No message file for product=network, facility=TNS
    nt secondary err code: 0
    nt OS err code: 0


***********************************************************************
Fatal NI connect error 12537, connecting to:
 (DESCRIPTION=(CONNECT_DATA=(SERVICE_NAME=gzplanp)(CID=(PROGRAM=httpd)(HOST=apguweb1)(USER=daemon)))(ADDRESS=(PROTOCOL=TCP)(HOST=10.120.1.38)(PORT=1521)))

  VERSION INFORMATION:
	TNS for Linux: Version 10.1.0.5.0 - Production
	TCP/IP NT Protocol Adapter for Linux: Version 10.1.0.5.0 - Production
  Time: 06-DEC-2018 11:37:34
  Tracing not turned on.
  Tns error struct:
    ns main err code: 12537
    TNS-12537: Message 12537 not found; No message file for product=network, facility=TNS
    ns secondary err code: 12560
    nt main err code: 507
    TNS-00507: Message 507 not found; No message file for product=network, facility=TNS
    nt secondary err code: 0


***********************************************************************
Fatal NI connect error 12537, connecting to:
 (DESCRIPTION=(CONNECT_DATA=(SERVICE_NAME=gzplanp)(CID=(PROGRAM=httpd)(HOST=apguweb1)(USER=daemon)))(ADDRESS=(PROTOCOL=TCP)(HOST=10.120.1.38)(PORT=1521)))

  VERSION INFORMATION:
	TNS for Linux: Version 10.1.0.5.0 - Production
	TCP/IP NT Protocol Adapter for Linux: Version 10.1.0.5.0 - Production
  Time: 06-DEC-2018 11:37:34
  Tracing not turned on.
  Tns error struct:
    ns main err code: 12537
    TNS-12537: Message 12537 not found; No message file for product=network, facility=TNS
    ns secondary err code: 12560
    nt main err code: 507
    TNS-00507: Message 507 not found; No message file for product=network, facility=TNS
    nt secondary err code: 0
    nt OS err code: 0
    nt OS err code: 0


***********************************************************************
Fatal NI connect error 12537, connecting to:
 (DESCRIPTION=(CONNECT_DATA=(SERVICE_NAME=gzplanp)(CID=(PROGRAM=httpd)(HOST=apguweb1)(USER=daemon)))(ADDRESS=(PROTOCOL=TCP)(HOST=10.120.1.38)(PORT=1521)))

  VERSION INFORMATION:
	TNS for Linux: Version 10.1.0.5.0 - Production
	TCP/IP NT Protocol Adapter for Linux: Version 10.1.0.5.0 - Production
  Time: 06-DEC-2018 11:43:18
  Tracing not turned on.
  Tns error struct:
    ns main err code: 12537
    TNS-12537: Message 12537 not found; No message file for product=network, facility=TNS
    ns secondary err code: 12560
    nt main err code: 507
    TNS-00507: Message 507 not found; No message file for product=network, facility=TNS
    nt secondary err code: 0
    nt OS err code: 0


***********************************************************************
Fatal NI connect error 12537, connecting to:
 (DESCRIPTION=(CONNECT_DATA=(SERVICE_NAME=gzplanp)(CID=(PROGRAM=httpd)(HOST=apguweb1)(USER=daemon)))(ADDRESS=(PROTOCOL=TCP)(HOST=10.120.1.38)(PORT=1521)))

  VERSION INFORMATION:
	TNS for Linux: Version 10.1.0.5.0 - Production
	TCP/IP NT Protocol Adapter for Linux: Version 10.1.0.5.0 - Production
  Time: 06-DEC-2018 11:44:41
  Tracing not turned on.
  Tns error struct:
    ns main err code: 12537
    TNS-12537: Message 12537 not found; No message file for product=network, facility=TNS
    ns secondary err code: 12560
    nt main err code: 507
    TNS-00507: Message 507 not found; No message file for product=network, facility=TNS
    nt secondary err code: 0
    nt OS err code: 0


***********************************************************************
Fatal NI connect error 12537, connecting to:
 (DESCRIPTION=(CONNECT_DATA=(SERVICE_NAME=gzplanp)(CID=(PROGRAM=httpd)(HOST=apguweb1)(USER=daemon)))(ADDRESS=(PROTOCOL=TCP)(HOST=10.120.1.38)(PORT=1521)))

  VERSION INFORMATION:
	TNS for Linux: Version 10.1.0.5.0 - Production
	TCP/IP NT Protocol Adapter for Linux: Version 10.1.0.5.0 - Production
  Time: 06-DEC-2018 11:44:43
  Tracing not turned on.
  Tns error struct:
    ns main err code: 12537
    TNS-12537: Message 12537 not found; No message file for product=network, facility=TNS
    ns secondary err code: 12560
    nt main err code: 507
    TNS-00507: Message 507 not found; No message file for product=network, facility=TNS
    nt secondary err code: 0
    nt OS err code: 0


***********************************************************************
Fatal NI connect error 12537, connecting to:
 (DESCRIPTION=(CONNECT_DATA=(SERVICE_NAME=gzplanp)(CID=(PROGRAM=httpd)(HOST=apguweb1)(USER=daemon)))(ADDRESS=(PROTOCOL=TCP)(HOST=10.120.1.38)(PORT=1521)))

  VERSION INFORMATION:
	TNS for Linux: Version 10.1.0.5.0 - Production
	TCP/IP NT Protocol Adapter for Linux: Version 10.1.0.5.0 - Production
  Time: 06-DEC-2018 11:44:44
  Tracing not turned on.
  Tns error struct:
    ns main err code: 12537
    TNS-12537: Message 12537 not found; No message file for product=network, facility=TNS
    ns secondary err code: 12560
    nt main err code: 507
    TNS-00507: Message 507 not found; No message file for product=network, facility=TNS
    nt secondary err code: 0
    nt OS err code: 0
    nt OS err code: 0


***********************************************************************
Fatal NI connect error 12537, connecting to:
 (DESCRIPTION=(CONNECT_DATA=(SERVICE_NAME=gzplanp)(CID=(PROGRAM=httpd)(HOST=apguweb1)(USER=daemon)))(ADDRESS=(PROTOCOL=TCP)(HOST=10.120.1.38)(PORT=1521)))

  VERSION INFORMATION:
	TNS for Linux: Version 10.1.0.5.0 - Production
	TCP/IP NT Protocol Adapter for Linux: Version 10.1.0.5.0 - Production
  Time: 22-JAN-2019 14:02:37
  Tracing not turned on.
  Tns error struct:
    ns main err code: 12537
    TNS-12537: Message 12537 not found; No message file for product=network, facility=TNS
    ns secondary err code: 12560
    nt main err code: 507
    TNS-00507: Message 507 not found; No message file for product=network, facility=TNS
    nt secondary err code: 0
    nt OS err code: 0


***********************************************************************
Fatal NI connect error 12537, connecting to:
 (DESCRIPTION=(CONNECT_DATA=(SERVICE_NAME=gzplanp)(CID=(PROGRAM=httpd)(HOST=apguweb1)(USER=daemon)))(ADDRESS=(PROTOCOL=TCP)(HOST=10.120.1.38)(PORT=1521)))

  VERSION INFORMATION:
	TNS for Linux: Version 10.1.0.5.0 - Production
	TCP/IP NT Protocol Adapter for Linux: Version 10.1.0.5.0 - Production
  Time: 22-JAN-2019 14:02:39
  Tracing not turned on.
  Tns error struct:
    ns main err code: 12537
    TNS-12537: Message 12537 not found; No message file for product=network, facility=TNS
    ns secondary err code: 12560
    nt main err code: 507
    TNS-00507: Message 507 not found; No message file for product=network, facility=TNS
    nt secondary err code: 0
    nt OS err code: 0


***********************************************************************
Fatal NI connect error 12170.

  VERSION INFORMATION:
	TNS for Linux: Version 10.1.0.5.0 - Production
	TCP/IP NT Protocol Adapter for Linux: Version 10.1.0.5.0 - Production
  Time: 30-JAN-2019 00:41:51
  Tracing not turned on.
  Tns error struct:
    ns main err code: 12535
    TNS-12535: Message 12535 not found; No message file for product=network, facility=TNS
    ns secondary err code: 12560
    nt main err code: 505
    TNS-00505: Message 505 not found; No message file for product=network, facility=TNS
    nt secondary err code: 110
    nt OS err code: 0
  Client address: <unknown>


***********************************************************************
Fatal NI connect error 12170.

  VERSION INFORMATION:
	TNS for Linux: Version 10.1.0.5.0 - Production
	TCP/IP NT Protocol Adapter for Linux: Version 10.1.0.5.0 - Production
  Time: 26-FEB-2019 09:36:01
  Tracing not turned on.
  Tns error struct:
    ns main err code: 12535
    TNS-12535: Message 12535 not found; No message file for product=network, facility=TNS
    ns secondary err code: 12560
    nt main err code: 505
    TNS-00505: Message 505 not found; No message file for product=network, facility=TNS
    nt secondary err code: 110
    nt OS err code: 0
  Client address: <unknown>


***********************************************************************
Fatal NI connect error 12537, connecting to:
 (DESCRIPTION=(CONNECT_DATA=(SERVICE_NAME=gzplanp)(CID=(PROGRAM=httpd)(HOST=apguweb1)(USER=daemon)))(ADDRESS=(PROTOCOL=TCP)(HOST=10.120.1.38)(PORT=1521)))

  VERSION INFORMATION:
	TNS for Linux: Version 10.1.0.5.0 - Production
	TCP/IP NT Protocol Adapter for Linux: Version 10.1.0.5.0 - Production
  Time: 12-MAR-2019 11:10:44
  Tracing not turned on.
  Tns error struct:
    ns main err code: 12537
    TNS-12537: Message 12537 not found; No message file for product=network, facility=TNS
    ns secondary err code: 12560
    nt main err code: 507
    TNS-00507: Message 507 not found; No message file for product=network, facility=TNS
    nt secondary err code: 0
    nt OS err code: 0


***********************************************************************
Fatal NI connect error 12537, connecting to:
 (DESCRIPTION=(CONNECT_DATA=(SERVICE_NAME=gzplanp)(CID=(PROGRAM=httpd)(HOST=apguweb1)(USER=daemon)))(ADDRESS=(PROTOCOL=TCP)(HOST=10.120.1.38)(PORT=1521)))

  VERSION INFORMATION:
	TNS for Linux: Version 10.1.0.5.0 - Production
	TCP/IP NT Protocol Adapter for Linux: Version 10.1.0.5.0 - Production
  Time: 13-MAR-2019 17:03:24
  Tracing not turned on.
  Tns error struct:
    ns main err code: 12537
    TNS-12537: Message 12537 not found; No message file for product=network, facility=TNS
    ns secondary err code: 12560
    nt main err code: 507
    TNS-00507: Message 507 not found; No message file for product=network, facility=TNS
    nt secondary err code: 0
    nt OS err code: 0
