

***********************************************************************
Fatal NI connect error 12528, connecting to:
 (DESCRIPTION=(CONNECT_DATA=(SERVICE_NAME=inmind.fls)(CID=(PROGRAM=httpd)(HOST=apguweb1)(USER=daemon)))(ADDRESS=(PROTOCOL=TCP)(HOST=10.120.1.49)(PORT=1521)))

  VERSION INFORMATION:
	TNS for Linux: Version 10.1.0.5.0 - Production
	TCP/IP NT Protocol Adapter for Linux: Version 10.1.0.5.0 - Production
  Time: 25-MAY-2012 13:45:38
  Tracing not turned on.
  Tns error struct:
    ns main err code: 12564
    TNS-12564: Message 12564 not found; No message file for product=network, facility=TNS
    ns secondary err code: 0
    nt main err code: 0
    nt secondary err code: 0
    nt OS err code: 0


***********************************************************************
Fatal NI connect error 12514, connecting to:
 (DESCRIPTION=(CONNECT_DATA=(SERVICE_NAME=inmind.viasystems.com)(CID=(PROGRAM=httpd@apguweb1)(HOST=apguweb1)(USER=daemon)))(ADDRESS=(PROTOCOL=TCP)(HOST=10.120.1.49)(PORT=1521)))

  VERSION INFORMATION:
	TNS for Linux: Version 10.1.0.5.0 - Production
	TCP/IP NT Protocol Adapter for Linux: Version 10.1.0.5.0 - Production
  Time: 14-JAN-2013 14:43:35
  Tracing not turned on.
  Tns error struct:
    ns main err code: 12564
    TNS-12564: Message 12564 not found; No message file for product=network, facility=TNS
    ns secondary err code: 0
    nt main err code: 0
    nt secondary err code: 0


***********************************************************************
Fatal NI connect error 12514, connecting to:
 (DESCRIPTION=(CONNECT_DATA=(SERVICE_NAME=inmind.viasystems.pri)(CID=(PROGRAM=httpd)(HOST=apguweb1)(USER=daemon)))(ADDRESS=(PROTOCOL=TCP)(HOST=10.120.1.49)(PORT=1521)))

  VERSION INFORMATION:
	TNS for Linux: Version 10.1.0.5.0 - Production
	TCP/IP NT Protocol Adapter for Linux: Version 10.1.0.5.0 - Production
  Time: 14-JAN-2013 14:44:02
  Tracing not turned on.
  Tns error struct:
    ns main err code: 12564
    TNS-12564: Message 12564 not found; No message file for product=network, facility=TNS
    ns secondary err code: 0
    nt main err code: 0
    nt secondary err code: 0
    nt OS err code: 0


***********************************************************************
Fatal NI connect error 12514, connecting to:
 (DESCRIPTION=(CONNECT_DATA=(SERVICE_NAME=inmind.viasystems.pri)(CID=(PROGRAM=httpd)(HOST=apguweb1)(USER=daemon)))(ADDRESS=(PROTOCOL=TCP)(HOST=10.120.1.49)(PORT=1521)))

  VERSION INFORMATION:
	TNS for Linux: Version 10.1.0.5.0 - Production
	TCP/IP NT Protocol Adapter for Linux: Version 10.1.0.5.0 - Production
  Time: 14-JAN-2013 14:44:03
  Tracing not turned on.
  Tns error struct:
    ns main err code: 12564
    TNS-12564: Message 12564 not found; No message file for product=network, facility=TNS
    ns secondary err code: 0
    nt main err code: 0
    nt secondary err code: 0


***********************************************************************
Fatal NI connect error 12514, connecting to:
 (DESCRIPTION=(CONNECT_DATA=(SERVICE_NAME=inmind.viasystems.pri)(CID=(PROGRAM=httpd@apguweb1)(HOST=apguweb1)(USER=daemon)))(ADDRESS=(PROTOCOL=TCP)(HOST=10.120.1.49)(PORT=1521)))

  VERSION INFORMATION:
	TNS for Linux: Version 10.1.0.5.0 - Production
	TCP/IP NT Protocol Adapter for Linux: Version 10.1.0.5.0 - Production
  Time: 14-JAN-2013 14:44:09
  Tracing not turned on.
  Tns error struct:
    ns main err code: 12564
    TNS-12564: Message 12564 not found; No message file for product=network, facility=TNS
    ns secondary err code: 0
    nt main err code: 0
    nt secondary err code: 0
    nt OS err code: 0
    nt OS err code: 0


***********************************************************************
Fatal NI connect error 12514, connecting to:
 (DESCRIPTION=(CONNECT_DATA=(SERVICE_NAME=inmind)(CID=(PROGRAM=httpd)(HOST=apguweb1)(USER=daemon)))(ADDRESS=(PROTOCOL=TCP)(HOST=10.120.1.49)(PORT=1521)))

  VERSION INFORMATION:
	TNS for Linux: Version 10.1.0.5.0 - Production
	TCP/IP NT Protocol Adapter for Linux: Version 10.1.0.5.0 - Production
  Time: 14-JAN-2013 14:44:30
  Tracing not turned on.
  Tns error struct:
    ns main err code: 12564
    TNS-12564: Message 12564 not found; No message file for product=network, facility=TNS
    ns secondary err code: 0
    nt main err code: 0
    nt secondary err code: 0


***********************************************************************
Fatal NI connect error 12514, connecting to:
 (DESCRIPTION=(CONNECT_DATA=(SERVICE_NAME=inmind)(CID=(PROGRAM=httpd@apguweb1)(HOST=apguweb1)(USER=daemon)))(ADDRESS=(PROTOCOL=TCP)(HOST=10.120.1.49)(PORT=1521)))

  VERSION INFORMATION:
	TNS for Linux: Version 10.1.0.5.0 - Production
	TCP/IP NT Protocol Adapter for Linux: Version 10.1.0.5.0 - Production
  Time: 14-JAN-2013 14:44:34
  Tracing not turned on.
  Tns error struct:
    ns main err code: 12564
    TNS-12564: Message 12564 not found; No message file for product=network, facility=TNS
    ns secondary err code: 0
    nt main err code: 0
    nt secondary err code: 0
    nt OS err code: 0
    nt OS err code: 0
    nt OS err code: 0


***********************************************************************
Fatal NI connect error 12560, connecting to:
 (DESCRIPTION=(CONNECT_DATA=(SERVICE_NAME=inmind.fls)(CID=(PROGRAM=httpd)(HOST=apguweb1)(USER=daemon)))(ADDRESS=(PROTOCOL=TCP)(HOST=10.120.1.49)(PORT=1521)))

  VERSION INFORMATION:
	TNS for Linux: Version 10.1.0.5.0 - Production
	TCP/IP NT Protocol Adapter for Linux: Version 10.1.0.5.0 - Production
  Time: 16-AUG-2013 20:53:12
  Tracing not turned on.
  Tns error struct:
    ns main err code: 12560
    TNS-12560: Message 12560 not found; No message file for product=network, facility=TNS
    ns secondary err code: 0
    nt main err code: 530
    TNS-00530: Message 530 not found; No message file for product=network, facility=TNS
    nt secondary err code: 113
    nt OS err code: 0


***********************************************************************
Fatal NI connect error 12560, connecting to:
 (DESCRIPTION=(CONNECT_DATA=(SERVICE_NAME=inmind.fls)(CID=(PROGRAM=httpd)(HOST=apguweb1)(USER=daemon)))(ADDRESS=(PROTOCOL=TCP)(HOST=10.120.1.49)(PORT=1521)))

  VERSION INFORMATION:
	TNS for Linux: Version 10.1.0.5.0 - Production
	TCP/IP NT Protocol Adapter for Linux: Version 10.1.0.5.0 - Production
  Time: 16-AUG-2013 20:53:16
  Tracing not turned on.
  Tns error struct:
    ns main err code: 12560
    TNS-12560: Message 12560 not found; No message file for product=network, facility=TNS
    ns secondary err code: 0
    nt main err code: 530
    TNS-00530: Message 530 not found; No message file for product=network, facility=TNS
    nt secondary err code: 113
    nt OS err code: 0


***********************************************************************
Fatal NI connect error 12560, connecting to:
 (DESCRIPTION=(CONNECT_DATA=(SERVICE_NAME=inmind.fls)(CID=(PROGRAM=httpd)(HOST=apguweb1)(USER=daemon)))(ADDRESS=(PROTOCOL=TCP)(HOST=10.120.1.49)(PORT=1521)))

  VERSION INFORMATION:
	TNS for Linux: Version 10.1.0.5.0 - Production
	TCP/IP NT Protocol Adapter for Linux: Version 10.1.0.5.0 - Production
  Time: 16-AUG-2013 21:14:07
  Tracing not turned on.
  Tns error struct:
    ns main err code: 12560
    TNS-12560: Message 12560 not found; No message file for product=network, facility=TNS
    ns secondary err code: 0
    nt main err code: 530
    TNS-00530: Message 530 not found; No message file for product=network, facility=TNS
    nt secondary err code: 113
    nt OS err code: 0


***********************************************************************
Fatal NI connect error 12560, connecting to:
 (DESCRIPTION=(CONNECT_DATA=(SERVICE_NAME=inmind.fls)(CID=(PROGRAM=httpd)(HOST=apguweb1)(USER=daemon)))(ADDRESS=(PROTOCOL=TCP)(HOST=10.120.1.49)(PORT=1521)))

  VERSION INFORMATION:
	TNS for Linux: Version 10.1.0.5.0 - Production
	TCP/IP NT Protocol Adapter for Linux: Version 10.1.0.5.0 - Production
  Time: 16-AUG-2013 21:14:12
  Tracing not turned on.
  Tns error struct:
    ns main err code: 12560
    TNS-12560: Message 12560 not found; No message file for product=network, facility=TNS
    ns secondary err code: 0
    nt main err code: 530
    TNS-00530: Message 530 not found; No message file for product=network, facility=TNS
    nt secondary err code: 113
    nt OS err code: 0


***********************************************************************
Fatal NI connect error 12560, connecting to:
 (DESCRIPTION=(CONNECT_DATA=(SERVICE_NAME=inmind.fls)(CID=(PROGRAM=httpd)(HOST=apguweb1)(USER=daemon)))(ADDRESS=(PROTOCOL=TCP)(HOST=10.120.1.49)(PORT=1521)))

  VERSION INFORMATION:
	TNS for Linux: Version 10.1.0.5.0 - Production
	TCP/IP NT Protocol Adapter for Linux: Version 10.1.0.5.0 - Production
  Time: 16-AUG-2013 21:15:54
  Tracing not turned on.
  Tns error struct:
    ns main err code: 12560
    TNS-12560: Message 12560 not found; No message file for product=network, facility=TNS
    ns secondary err code: 0
    nt main err code: 530
    TNS-00530: Message 530 not found; No message file for product=network, facility=TNS
    nt secondary err code: 113
    nt OS err code: 0


***********************************************************************
Fatal NI connect error 12560, connecting to:
 (DESCRIPTION=(CONNECT_DATA=(SERVICE_NAME=inmind.fls)(CID=(PROGRAM=httpd)(HOST=apguweb1)(USER=daemon)))(ADDRESS=(PROTOCOL=TCP)(HOST=10.120.1.49)(PORT=1521)))

  VERSION INFORMATION:
	TNS for Linux: Version 10.1.0.5.0 - Production
	TCP/IP NT Protocol Adapter for Linux: Version 10.1.0.5.0 - Production
  Time: 16-AUG-2013 21:31:12
  Tracing not turned on.
  Tns error struct:
    ns main err code: 12560
    TNS-12560: Message 12560 not found; No message file for product=network, facility=TNS
    ns secondary err code: 0
    nt main err code: 530
    TNS-00530: Message 530 not found; No message file for product=network, facility=TNS
    nt secondary err code: 113
    nt OS err code: 0


***********************************************************************
Fatal NI connect error 12541, connecting to:
 (DESCRIPTION=(CONNECT_DATA=(SERVICE_NAME=inmind.fls)(CID=(PROGRAM=httpd@apguweb1)(HOST=apguweb1)(USER=daemon)))(ADDRESS=(PROTOCOL=TCP)(HOST=10.120.1.49)(PORT=1521)))

  VERSION INFORMATION:
	TNS for Linux: Version 10.1.0.5.0 - Production
	TCP/IP NT Protocol Adapter for Linux: Version 10.1.0.5.0 - Production
  Time: 20-OCT-2013 14:39:00
  Tracing not turned on.
  Tns error struct:
    ns main err code: 12541
    TNS-12541: Message 12541 not found; No message file for product=network, facility=TNS
    ns secondary err code: 12560
    nt main err code: 511
    TNS-00511: Message 511 not found; No message file for product=network, facility=TNS
    nt secondary err code: 111
    nt OS err code: 0


***********************************************************************
Fatal NI connect error 12541, connecting to:
 (DESCRIPTION=(CONNECT_DATA=(SERVICE_NAME=inmind.fls)(CID=(PROGRAM=httpd)(HOST=apguweb1)(USER=daemon)))(ADDRESS=(PROTOCOL=TCP)(HOST=10.120.1.49)(PORT=1521)))

  VERSION INFORMATION:
	TNS for Linux: Version 10.1.0.5.0 - Production
	TCP/IP NT Protocol Adapter for Linux: Version 10.1.0.5.0 - Production
  Time: 20-OCT-2013 17:29:50
  Tracing not turned on.
  Tns error struct:
    ns main err code: 12541
    TNS-12541: Message 12541 not found; No message file for product=network, facility=TNS
    ns secondary err code: 12560
    nt main err code: 511
    TNS-00511: Message 511 not found; No message file for product=network, facility=TNS
    nt secondary err code: 111
    nt OS err code: 0


***********************************************************************
Fatal NI connect error 12541, connecting to:
 (DESCRIPTION=(CONNECT_DATA=(SERVICE_NAME=inmind.fls)(CID=(PROGRAM=httpd)(HOST=apguweb1)(USER=daemon)))(ADDRESS=(PROTOCOL=TCP)(HOST=10.120.1.49)(PORT=1521)))

  VERSION INFORMATION:
	TNS for Linux: Version 10.1.0.5.0 - Production
	TCP/IP NT Protocol Adapter for Linux: Version 10.1.0.5.0 - Production
  Time: 20-OCT-2013 17:49:02
  Tracing not turned on.
  Tns error struct:
    ns main err code: 12541
    TNS-12541: Message 12541 not found; No message file for product=network, facility=TNS
    ns secondary err code: 12560
    nt main err code: 511
    TNS-00511: Message 511 not found; No message file for product=network, facility=TNS
    nt secondary err code: 111
    nt OS err code: 0


***********************************************************************
Fatal NI connect error 12541, connecting to:
 (DESCRIPTION=(CONNECT_DATA=(SERVICE_NAME=inmind.fls)(CID=(PROGRAM=httpd)(HOST=apguweb1)(USER=daemon)))(ADDRESS=(PROTOCOL=TCP)(HOST=10.120.1.49)(PORT=1521)))

  VERSION INFORMATION:
	TNS for Linux: Version 10.1.0.5.0 - Production
	TCP/IP NT Protocol Adapter for Linux: Version 10.1.0.5.0 - Production
  Time: 20-OCT-2013 17:49:08
  Tracing not turned on.
  Tns error struct:
    ns main err code: 12541
    TNS-12541: Message 12541 not found; No message file for product=network, facility=TNS
    ns secondary err code: 12560
    nt main err code: 511
    TNS-00511: Message 511 not found; No message file for product=network, facility=TNS
    nt secondary err code: 111
    nt OS err code: 0


***********************************************************************
Fatal NI connect error 12541, connecting to:
 (DESCRIPTION=(CONNECT_DATA=(SERVICE_NAME=inmind.fls)(CID=(PROGRAM=httpd)(HOST=apguweb1)(USER=daemon)))(ADDRESS=(PROTOCOL=TCP)(HOST=10.120.1.49)(PORT=1521)))

  VERSION INFORMATION:
	TNS for Linux: Version 10.1.0.5.0 - Production
	TCP/IP NT Protocol Adapter for Linux: Version 10.1.0.5.0 - Production
  Time: 20-OCT-2013 17:49:09
  Tracing not turned on.
  Tns error struct:
    ns main err code: 12541
    TNS-12541: Message 12541 not found; No message file for product=network, facility=TNS
    ns secondary err code: 12560
    nt main err code: 511
    TNS-00511: Message 511 not found; No message file for product=network, facility=TNS
    nt secondary err code: 111
    nt OS err code: 0


***********************************************************************
Fatal NI connect error 12541, connecting to:
 (DESCRIPTION=(CONNECT_DATA=(SERVICE_NAME=inmind.fls)(CID=(PROGRAM=httpd)(HOST=apguweb1)(USER=daemon)))(ADDRESS=(PROTOCOL=TCP)(HOST=10.120.1.49)(PORT=1521)))

  VERSION INFORMATION:
	TNS for Linux: Version 10.1.0.5.0 - Production
	TCP/IP NT Protocol Adapter for Linux: Version 10.1.0.5.0 - Production
  Time: 20-OCT-2013 17:49:10
  Tracing not turned on.
  Tns error struct:
    ns main err code: 12541
    TNS-12541: Message 12541 not found; No message file for product=network, facility=TNS
    ns secondary err code: 12560
    nt main err code: 511
    TNS-00511: Message 511 not found; No message file for product=network, facility=TNS
    nt secondary err code: 111
    nt OS err code: 0


***********************************************************************
Fatal NI connect error 12541, connecting to:
 (DESCRIPTION=(CONNECT_DATA=(SERVICE_NAME=inmind.fls)(CID=(PROGRAM=httpd)(HOST=apguweb1)(USER=daemon)))(ADDRESS=(PROTOCOL=TCP)(HOST=10.120.1.49)(PORT=1521)))

  VERSION INFORMATION:
	TNS for Linux: Version 10.1.0.5.0 - Production
	TCP/IP NT Protocol Adapter for Linux: Version 10.1.0.5.0 - Production
  Time: 20-OCT-2013 17:49:11
  Tracing not turned on.
  Tns error struct:
    ns main err code: 12541
    TNS-12541: Message 12541 not found; No message file for product=network, facility=TNS
    ns secondary err code: 12560
    nt main err code: 511
    TNS-00511: Message 511 not found; No message file for product=network, facility=TNS
    nt secondary err code: 111
    nt OS err code: 0


***********************************************************************
Fatal NI connect error 12541, connecting to:
 (DESCRIPTION=(CONNECT_DATA=(SERVICE_NAME=inmind.fls)(CID=(PROGRAM=httpd)(HOST=apguweb1)(USER=daemon)))(ADDRESS=(PROTOCOL=TCP)(HOST=10.120.1.49)(PORT=1521)))

  VERSION INFORMATION:
	TNS for Linux: Version 10.1.0.5.0 - Production
	TCP/IP NT Protocol Adapter for Linux: Version 10.1.0.5.0 - Production
  Time: 20-OCT-2013 17:49:11
  Tracing not turned on.
  Tns error struct:
    ns main err code: 12541
    TNS-12541: Message 12541 not found; No message file for product=network, facility=TNS
    ns secondary err code: 12560
    nt main err code: 511
    TNS-00511: Message 511 not found; No message file for product=network, facility=TNS
    nt secondary err code: 111
    nt OS err code: 0


***********************************************************************
Fatal NI connect error 12541, connecting to:
 (DESCRIPTION=(CONNECT_DATA=(SERVICE_NAME=inmind.fls)(CID=(PROGRAM=httpd)(HOST=apguweb1)(USER=daemon)))(ADDRESS=(PROTOCOL=TCP)(HOST=10.120.1.49)(PORT=1521)))

  VERSION INFORMATION:
	TNS for Linux: Version 10.1.0.5.0 - Production
	TCP/IP NT Protocol Adapter for Linux: Version 10.1.0.5.0 - Production
  Time: 20-OCT-2013 17:49:11
  Tracing not turned on.
  Tns error struct:
    ns main err code: 12541
    TNS-12541: Message 12541 not found; No message file for product=network, facility=TNS
    ns secondary err code: 12560
    nt main err code: 511
    TNS-00511: Message 511 not found; No message file for product=network, facility=TNS
    nt secondary err code: 111
    nt OS err code: 0


***********************************************************************
Fatal NI connect error 12541, connecting to:
 (DESCRIPTION=(CONNECT_DATA=(SERVICE_NAME=inmind.fls)(CID=(PROGRAM=httpd)(HOST=apguweb1)(USER=daemon)))(ADDRESS=(PROTOCOL=TCP)(HOST=10.120.1.49)(PORT=1521)))

  VERSION INFORMATION:
	TNS for Linux: Version 10.1.0.5.0 - Production
	TCP/IP NT Protocol Adapter for Linux: Version 10.1.0.5.0 - Production
  Time: 20-OCT-2013 17:49:11
  Tracing not turned on.
  Tns error struct:
    ns main err code: 12541
    TNS-12541: Message 12541 not found; No message file for product=network, facility=TNS
    ns secondary err code: 12560
    nt main err code: 511
    TNS-00511: Message 511 not found; No message file for product=network, facility=TNS
    nt secondary err code: 111
    nt OS err code: 0


***********************************************************************
Fatal NI connect error 12541, connecting to:
 (DESCRIPTION=(CONNECT_DATA=(SERVICE_NAME=inmind.fls)(CID=(PROGRAM=httpd)(HOST=apguweb1)(USER=daemon)))(ADDRESS=(PROTOCOL=TCP)(HOST=10.120.1.49)(PORT=1521)))

  VERSION INFORMATION:
	TNS for Linux: Version 10.1.0.5.0 - Production
	TCP/IP NT Protocol Adapter for Linux: Version 10.1.0.5.0 - Production
  Time: 20-OCT-2013 17:49:11
  Tracing not turned on.
  Tns error struct:
    ns main err code: 12541
    TNS-12541: Message 12541 not found; No message file for product=network, facility=TNS
    ns secondary err code: 12560
    nt main err code: 511
    TNS-00511: Message 511 not found; No message file for product=network, facility=TNS
    nt secondary err code: 111
    nt OS err code: 0


***********************************************************************
Fatal NI connect error 12541, connecting to:
 (DESCRIPTION=(CONNECT_DATA=(SERVICE_NAME=inmind.fls)(CID=(PROGRAM=httpd)(HOST=apguweb1)(USER=daemon)))(ADDRESS=(PROTOCOL=TCP)(HOST=10.120.1.49)(PORT=1521)))

  VERSION INFORMATION:
	TNS for Linux: Version 10.1.0.5.0 - Production
	TCP/IP NT Protocol Adapter for Linux: Version 10.1.0.5.0 - Production
  Time: 20-OCT-2013 17:49:12
  Tracing not turned on.
  Tns error struct:
    ns main err code: 12541
    TNS-12541: Message 12541 not found; No message file for product=network, facility=TNS
    ns secondary err code: 12560
    nt main err code: 511
    TNS-00511: Message 511 not found; No message file for product=network, facility=TNS
    nt secondary err code: 111
    nt OS err code: 0


***********************************************************************
Fatal NI connect error 12541, connecting to:
 (DESCRIPTION=(CONNECT_DATA=(SERVICE_NAME=inmind.fls)(CID=(PROGRAM=httpd)(HOST=apguweb1)(USER=daemon)))(ADDRESS=(PROTOCOL=TCP)(HOST=10.120.1.49)(PORT=1521)))

  VERSION INFORMATION:
	TNS for Linux: Version 10.1.0.5.0 - Production
	TCP/IP NT Protocol Adapter for Linux: Version 10.1.0.5.0 - Production
  Time: 20-OCT-2013 17:49:12
  Tracing not turned on.
  Tns error struct:
    ns main err code: 12541
    TNS-12541: Message 12541 not found; No message file for product=network, facility=TNS
    ns secondary err code: 12560
    nt main err code: 511
    TNS-00511: Message 511 not found; No message file for product=network, facility=TNS
    nt secondary err code: 111
    nt OS err code: 0


***********************************************************************
Fatal NI connect error 12541, connecting to:
 (DESCRIPTION=(CONNECT_DATA=(SERVICE_NAME=inmind.fls)(CID=(PROGRAM=httpd)(HOST=apguweb1)(USER=daemon)))(ADDRESS=(PROTOCOL=TCP)(HOST=10.120.1.49)(PORT=1521)))

  VERSION INFORMATION:
	TNS for Linux: Version 10.1.0.5.0 - Production
	TCP/IP NT Protocol Adapter for Linux: Version 10.1.0.5.0 - Production
  Time: 20-OCT-2013 17:49:12
  Tracing not turned on.
  Tns error struct:
    ns main err code: 12541
    TNS-12541: Message 12541 not found; No message file for product=network, facility=TNS
    ns secondary err code: 12560
    nt main err code: 511
    TNS-00511: Message 511 not found; No message file for product=network, facility=TNS
    nt secondary err code: 111
    nt OS err code: 0


***********************************************************************
Fatal NI connect error 12541, connecting to:
 (DESCRIPTION=(CONNECT_DATA=(SERVICE_NAME=inmind.fls)(CID=(PROGRAM=httpd)(HOST=apguweb1)(USER=daemon)))(ADDRESS=(PROTOCOL=TCP)(HOST=10.120.1.49)(PORT=1521)))

  VERSION INFORMATION:
	TNS for Linux: Version 10.1.0.5.0 - Production
	TCP/IP NT Protocol Adapter for Linux: Version 10.1.0.5.0 - Production
  Time: 20-OCT-2013 17:49:12
  Tracing not turned on.
  Tns error struct:
    ns main err code: 12541
    TNS-12541: Message 12541 not found; No message file for product=network, facility=TNS
    ns secondary err code: 12560
    nt main err code: 511
    TNS-00511: Message 511 not found; No message file for product=network, facility=TNS
    nt secondary err code: 111
    nt OS err code: 0


***********************************************************************
Fatal NI connect error 12541, connecting to:
 (DESCRIPTION=(CONNECT_DATA=(SERVICE_NAME=inmind.fls)(CID=(PROGRAM=httpd)(HOST=apguweb1)(USER=daemon)))(ADDRESS=(PROTOCOL=TCP)(HOST=10.120.1.49)(PORT=1521)))

  VERSION INFORMATION:
	TNS for Linux: Version 10.1.0.5.0 - Production
	TCP/IP NT Protocol Adapter for Linux: Version 10.1.0.5.0 - Production
  Time: 21-OCT-2013 14:58:49
  Tracing not turned on.
  Tns error struct:
    ns main err code: 12541
    TNS-12541: Message 12541 not found; No message file for product=network, facility=TNS
    ns secondary err code: 12560
    nt main err code: 511
    TNS-00511: Message 511 not found; No message file for product=network, facility=TNS
    nt secondary err code: 111
    nt OS err code: 0


***********************************************************************
Fatal NI connect error 12541, connecting to:
 (DESCRIPTION=(CONNECT_DATA=(SERVICE_NAME=inmind.fls)(CID=(PROGRAM=httpd)(HOST=apguweb1)(USER=daemon)))(ADDRESS=(PROTOCOL=TCP)(HOST=10.120.1.49)(PORT=1521)))

  VERSION INFORMATION:
	TNS for Linux: Version 10.1.0.5.0 - Production
	TCP/IP NT Protocol Adapter for Linux: Version 10.1.0.5.0 - Production
  Time: 21-OCT-2013 14:58:51
  Tracing not turned on.
  Tns error struct:
    ns main err code: 12541
    TNS-12541: Message 12541 not found; No message file for product=network, facility=TNS
    ns secondary err code: 12560
    nt main err code: 511
    TNS-00511: Message 511 not found; No message file for product=network, facility=TNS
    nt secondary err code: 111
    nt OS err code: 0


***********************************************************************
Fatal NI connect error 12541, connecting to:
 (DESCRIPTION=(CONNECT_DATA=(SERVICE_NAME=inmind.fls)(CID=(PROGRAM=httpd)(HOST=apguweb1)(USER=daemon)))(ADDRESS=(PROTOCOL=TCP)(HOST=10.120.1.49)(PORT=1521)))

  VERSION INFORMATION:
	TNS for Linux: Version 10.1.0.5.0 - Production
	TCP/IP NT Protocol Adapter for Linux: Version 10.1.0.5.0 - Production
  Time: 21-OCT-2013 14:58:55
  Tracing not turned on.
  Tns error struct:
    ns main err code: 12541
    TNS-12541: Message 12541 not found; No message file for product=network, facility=TNS
    ns secondary err code: 12560
    nt main err code: 511
    TNS-00511: Message 511 not found; No message file for product=network, facility=TNS
    nt secondary err code: 111
    nt OS err code: 0


***********************************************************************
Fatal NI connect error 12541, connecting to:
 (DESCRIPTION=(CONNECT_DATA=(SERVICE_NAME=inmind.fls)(CID=(PROGRAM=httpd)(HOST=apguweb1)(USER=daemon)))(ADDRESS=(PROTOCOL=TCP)(HOST=10.120.1.49)(PORT=1521)))

  VERSION INFORMATION:
	TNS for Linux: Version 10.1.0.5.0 - Production
	TCP/IP NT Protocol Adapter for Linux: Version 10.1.0.5.0 - Production
  Time: 24-OCT-2013 15:48:00
  Tracing not turned on.
  Tns error struct:
    ns main err code: 12541
    TNS-12541: Message 12541 not found; No message file for product=network, facility=TNS
    ns secondary err code: 12560
    nt main err code: 511
    TNS-00511: Message 511 not found; No message file for product=network, facility=TNS
    nt secondary err code: 111
    nt OS err code: 0


***********************************************************************
Fatal NI connect error 12541, connecting to:
 (DESCRIPTION=(CONNECT_DATA=(SERVICE_NAME=inmind.fls)(CID=(PROGRAM=httpd)(HOST=apguweb1)(USER=daemon)))(ADDRESS=(PROTOCOL=TCP)(HOST=10.120.1.49)(PORT=1521)))

  VERSION INFORMATION:
	TNS for Linux: Version 10.1.0.5.0 - Production
	TCP/IP NT Protocol Adapter for Linux: Version 10.1.0.5.0 - Production
  Time: 24-OCT-2013 16:55:35
  Tracing not turned on.
  Tns error struct:
    ns main err code: 12541
    TNS-12541: Message 12541 not found; No message file for product=network, facility=TNS
    ns secondary err code: 12560
    nt main err code: 511
    TNS-00511: Message 511 not found; No message file for product=network, facility=TNS
    nt secondary err code: 111
    nt OS err code: 0


***********************************************************************
Fatal NI connect error 12541, connecting to:
 (DESCRIPTION=(CONNECT_DATA=(SERVICE_NAME=inmind.fls)(CID=(PROGRAM=httpd)(HOST=apguweb1)(USER=daemon)))(ADDRESS=(PROTOCOL=TCP)(HOST=10.120.1.49)(PORT=1521)))

  VERSION INFORMATION:
	TNS for Linux: Version 10.1.0.5.0 - Production
	TCP/IP NT Protocol Adapter for Linux: Version 10.1.0.5.0 - Production
  Time: 24-OCT-2013 17:08:20
  Tracing not turned on.
  Tns error struct:
    ns main err code: 12541
    TNS-12541: Message 12541 not found; No message file for product=network, facility=TNS
    ns secondary err code: 12560
    nt main err code: 511
    TNS-00511: Message 511 not found; No message file for product=network, facility=TNS
    nt secondary err code: 111
    nt OS err code: 0


***********************************************************************
Fatal NI connect error 12541, connecting to:
 (DESCRIPTION=(CONNECT_DATA=(SERVICE_NAME=inmind.fls)(CID=(PROGRAM=httpd)(HOST=apguweb1)(USER=daemon)))(ADDRESS=(PROTOCOL=TCP)(HOST=10.120.1.49)(PORT=1521)))

  VERSION INFORMATION:
	TNS for Linux: Version 10.1.0.5.0 - Production
	TCP/IP NT Protocol Adapter for Linux: Version 10.1.0.5.0 - Production
  Time: 25-OCT-2013 16:08:57
  Tracing not turned on.
  Tns error struct:
    ns main err code: 12541
    TNS-12541: Message 12541 not found; No message file for product=network, facility=TNS
    ns secondary err code: 12560
    nt main err code: 511
    TNS-00511: Message 511 not found; No message file for product=network, facility=TNS
    nt secondary err code: 111
    nt OS err code: 0


***********************************************************************
Fatal NI connect error 12541, connecting to:
 (DESCRIPTION=(CONNECT_DATA=(SERVICE_NAME=inmind.fls)(CID=(PROGRAM=httpd)(HOST=apguweb1)(USER=daemon)))(ADDRESS=(PROTOCOL=TCP)(HOST=10.120.1.49)(PORT=1521)))

  VERSION INFORMATION:
	TNS for Linux: Version 10.1.0.5.0 - Production
	TCP/IP NT Protocol Adapter for Linux: Version 10.1.0.5.0 - Production
  Time: 25-OCT-2013 16:09:00
  Tracing not turned on.
  Tns error struct:
    ns main err code: 12541
    TNS-12541: Message 12541 not found; No message file for product=network, facility=TNS
    ns secondary err code: 12560
    nt main err code: 511
    TNS-00511: Message 511 not found; No message file for product=network, facility=TNS
    nt secondary err code: 111
    nt OS err code: 0


***********************************************************************
Fatal NI connect error 12541, connecting to:
 (DESCRIPTION=(CONNECT_DATA=(SERVICE_NAME=inmind.fls)(CID=(PROGRAM=httpd)(HOST=apguweb1)(USER=daemon)))(ADDRESS=(PROTOCOL=TCP)(HOST=10.120.1.49)(PORT=1521)))

  VERSION INFORMATION:
	TNS for Linux: Version 10.1.0.5.0 - Production
	TCP/IP NT Protocol Adapter for Linux: Version 10.1.0.5.0 - Production
  Time: 25-OCT-2013 16:09:04
  Tracing not turned on.
  Tns error struct:
    ns main err code: 12541
    TNS-12541: Message 12541 not found; No message file for product=network, facility=TNS
    ns secondary err code: 12560
    nt main err code: 511
    TNS-00511: Message 511 not found; No message file for product=network, facility=TNS
    nt secondary err code: 111


***********************************************************************
Fatal NI connect error 12541, connecting to:
 (DESCRIPTION=(CONNECT_DATA=(SERVICE_NAME=inmind.fls)(CID=(PROGRAM=httpd)(HOST=apguweb1)(USER=daemon)))(ADDRESS=(PROTOCOL=TCP)(HOST=10.120.1.49)(PORT=1521)))

  VERSION INFORMATION:
	TNS for Linux: Version 10.1.0.5.0 - Production
	TCP/IP NT Protocol Adapter for Linux: Version 10.1.0.5.0 - Production
  Time: 25-OCT-2013 16:14:34
  Tracing not turned on.
  Tns error struct:
    ns main err code: 12541
    TNS-12541: Message 12541 not found; No message file for product=network, facility=TNS
    ns secondary err code: 12560
    nt main err code: 511
    TNS-00511: Message 511 not found; No message file for product=network, facility=TNS
    nt secondary err code: 111
    nt OS err code: 0


***********************************************************************
Fatal NI connect error 12541, connecting to:
 (DESCRIPTION=(CONNECT_DATA=(SERVICE_NAME=inmind.fls)(CID=(PROGRAM=httpd)(HOST=apguweb1)(USER=daemon)))(ADDRESS=(PROTOCOL=TCP)(HOST=10.120.1.49)(PORT=1521)))

  VERSION INFORMATION:
	TNS for Linux: Version 10.1.0.5.0 - Production
	TCP/IP NT Protocol Adapter for Linux: Version 10.1.0.5.0 - Production
  Time: 25-OCT-2013 16:15:41
  Tracing not turned on.
  Tns error struct:
    ns main err code: 12541
    TNS-12541: Message 12541 not found; No message file for product=network, facility=TNS
    ns secondary err code: 12560
    nt main err code: 511
    TNS-00511: Message 511 not found; No message file for product=network, facility=TNS
    nt secondary err code: 111
    nt OS err code: 0


***********************************************************************
Fatal NI connect error 12541, connecting to:
 (DESCRIPTION=(CONNECT_DATA=(SERVICE_NAME=inmind.fls)(CID=(PROGRAM=httpd)(HOST=apguweb1)(USER=daemon)))(ADDRESS=(PROTOCOL=TCP)(HOST=10.120.1.49)(PORT=1521)))

  VERSION INFORMATION:
	TNS for Linux: Version 10.1.0.5.0 - Production
	TCP/IP NT Protocol Adapter for Linux: Version 10.1.0.5.0 - Production
  Time: 25-OCT-2013 16:16:43
  Tracing not turned on.
  Tns error struct:
    ns main err code: 12541
    TNS-12541: Message 12541 not found; No message file for product=network, facility=TNS
    ns secondary err code: 12560
    nt main err code: 511
    TNS-00511: Message 511 not found; No message file for product=network, facility=TNS
    nt secondary err code: 111
    nt OS err code: 0


***********************************************************************
Fatal NI connect error 12541, connecting to:
 (DESCRIPTION=(CONNECT_DATA=(SERVICE_NAME=inmind.fls)(CID=(PROGRAM=httpd)(HOST=apguweb1)(USER=daemon)))(ADDRESS=(PROTOCOL=TCP)(HOST=10.120.1.49)(PORT=1521)))

  VERSION INFORMATION:
	TNS for Linux: Version 10.1.0.5.0 - Production
	TCP/IP NT Protocol Adapter for Linux: Version 10.1.0.5.0 - Production
  Time: 25-OCT-2013 16:18:23
  Tracing not turned on.
  Tns error struct:
    ns main err code: 12541
    TNS-12541: Message 12541 not found; No message file for product=network, facility=TNS
    ns secondary err code: 12560
    nt main err code: 511
    TNS-00511: Message 511 not found; No message file for product=network, facility=TNS
    nt secondary err code: 111
    nt OS err code: 0


***********************************************************************
Fatal NI connect error 12541, connecting to:
 (DESCRIPTION=(CONNECT_DATA=(SERVICE_NAME=inmind.fls)(CID=(PROGRAM=httpd)(HOST=apguweb1)(USER=daemon)))(ADDRESS=(PROTOCOL=TCP)(HOST=10.120.1.49)(PORT=1521)))

  VERSION INFORMATION:
	TNS for Linux: Version 10.1.0.5.0 - Production
	TCP/IP NT Protocol Adapter for Linux: Version 10.1.0.5.0 - Production
  Time: 25-OCT-2013 16:19:09
  Tracing not turned on.
  Tns error struct:
    ns main err code: 12541
    TNS-12541: Message 12541 not found; No message file for product=network, facility=TNS
    ns secondary err code: 12560
    nt main err code: 511
    TNS-00511: Message 511 not found; No message file for product=network, facility=TNS
    nt secondary err code: 111
    nt OS err code: 0
    nt OS err code: 0


***********************************************************************
Fatal NI connect error 12541, connecting to:
 (DESCRIPTION=(CONNECT_DATA=(SERVICE_NAME=gzplanp)(CID=(PROGRAM=httpd@apguweb1)(HOST=apguweb1)(USER=daemon)))(ADDRESS=(PROTOCOL=TCP)(HOST=10.120.1.38)(PORT=1521)))

  VERSION INFORMATION:
	TNS for Linux: Version 10.1.0.5.0 - Production
	TCP/IP NT Protocol Adapter for Linux: Version 10.1.0.5.0 - Production
  Time: 01-APR-2014 23:24:00
  Tracing not turned on.
  Tns error struct:
    ns main err code: 12541
    TNS-12541: Message 12541 not found; No message file for product=network, facility=TNS
    ns secondary err code: 12560
    nt main err code: 511
    TNS-00511: Message 511 not found; No message file for product=network, facility=TNS
    nt secondary err code: 111
    nt OS err code: 0


***********************************************************************
Fatal NI connect error 12541, connecting to:
 (DESCRIPTION=(CONNECT_DATA=(SERVICE_NAME=gzplanp)(CID=(PROGRAM=httpd@apguweb1)(HOST=apguweb1)(USER=daemon)))(ADDRESS=(PROTOCOL=TCP)(HOST=10.120.1.38)(PORT=1521)))

  VERSION INFORMATION:
	TNS for Linux: Version 10.1.0.5.0 - Production
	TCP/IP NT Protocol Adapter for Linux: Version 10.1.0.5.0 - Production
  Time: 02-APR-2014 09:13:43
  Tracing not turned on.
  Tns error struct:
    ns main err code: 12541
    TNS-12541: Message 12541 not found; No message file for product=network, facility=TNS
    ns secondary err code: 12560
    nt main err code: 511
    TNS-00511: Message 511 not found; No message file for product=network, facility=TNS
    nt secondary err code: 111


***********************************************************************
Fatal NI connect error 12541, connecting to:
 (DESCRIPTION=(CONNECT_DATA=(SERVICE_NAME=gzplanp)(CID=(PROGRAM=httpd@apguweb1)(HOST=apguweb1)(USER=daemon)))(ADDRESS=(PROTOCOL=TCP)(HOST=10.120.1.38)(PORT=1521)))

  VERSION INFORMATION:
	TNS for Linux: Version 10.1.0.5.0 - Production
	TCP/IP NT Protocol Adapter for Linux: Version 10.1.0.5.0 - Production
  Time: 02-APR-2014 09:13:49
  Tracing not turned on.
  Tns error struct:
    ns main err code: 12541
    TNS-12541: Message 12541 not found; No message file for product=network, facility=TNS
    ns secondary err code: 12560
    nt main err code: 511
    TNS-00511: Message 511 not found; No message file for product=network, facility=TNS
    nt secondary err code: 111
    nt OS err code: 0


***********************************************************************
Fatal NI connect error 12541, connecting to:
 (DESCRIPTION=(CONNECT_DATA=(SERVICE_NAME=gzplanp)(CID=(PROGRAM=httpd)(HOST=apguweb1)(USER=daemon)))(ADDRESS=(PROTOCOL=TCP)(HOST=10.120.1.38)(PORT=1521)))

  VERSION INFORMATION:
	TNS for Linux: Version 10.1.0.5.0 - Production
	TCP/IP NT Protocol Adapter for Linux: Version 10.1.0.5.0 - Production
  Time: 02-APR-2014 09:13:54
  Tracing not turned on.
  Tns error struct:
    ns main err code: 12541
    TNS-12541: Message 12541 not found; No message file for product=network, facility=TNS
    ns secondary err code: 12560
    nt main err code: 511
    TNS-00511: Message 511 not found; No message file for product=network, facility=TNS
    nt secondary err code: 111
    nt OS err code: 0


***********************************************************************
Fatal NI connect error 12541, connecting to:
 (DESCRIPTION=(CONNECT_DATA=(SERVICE_NAME=gzplanp)(CID=(PROGRAM=httpd)(HOST=apguweb1)(USER=daemon)))(ADDRESS=(PROTOCOL=TCP)(HOST=10.120.1.38)(PORT=1521)))

  VERSION INFORMATION:
	TNS for Linux: Version 10.1.0.5.0 - Production
	TCP/IP NT Protocol Adapter for Linux: Version 10.1.0.5.0 - Production
  Time: 02-APR-2014 09:13:56
  Tracing not turned on.
  Tns error struct:
    ns main err code: 12541
    TNS-12541: Message 12541 not found; No message file for product=network, facility=TNS
    ns secondary err code: 12560
    nt main err code: 511
    TNS-00511: Message 511 not found; No message file for product=network, facility=TNS
    nt secondary err code: 111
    nt OS err code: 0


***********************************************************************
Fatal NI connect error 12541, connecting to:
 (DESCRIPTION=(CONNECT_DATA=(SERVICE_NAME=gzplanp)(CID=(PROGRAM=httpd)(HOST=apguweb1)(USER=daemon)))(ADDRESS=(PROTOCOL=TCP)(HOST=10.120.1.38)(PORT=1521)))

  VERSION INFORMATION:
	TNS for Linux: Version 10.1.0.5.0 - Production
	TCP/IP NT Protocol Adapter for Linux: Version 10.1.0.5.0 - Production
  Time: 02-APR-2014 09:13:58
  Tracing not turned on.
  Tns error struct:
    ns main err code: 12541
    TNS-12541: Message 12541 not found; No message file for product=network, facility=TNS
    ns secondary err code: 12560
    nt main err code: 511
    TNS-00511: Message 511 not found; No message file for product=network, facility=TNS
    nt secondary err code: 111
    nt OS err code: 0


***********************************************************************
Fatal NI connect error 12541, connecting to:
 (DESCRIPTION=(CONNECT_DATA=(SERVICE_NAME=gzplanp)(CID=(PROGRAM=httpd)(HOST=apguweb1)(USER=daemon)))(ADDRESS=(PROTOCOL=TCP)(HOST=10.120.1.38)(PORT=1521)))

  VERSION INFORMATION:
	TNS for Linux: Version 10.1.0.5.0 - Production
	TCP/IP NT Protocol Adapter for Linux: Version 10.1.0.5.0 - Production
  Time: 02-APR-2014 09:14:04
  Tracing not turned on.
  Tns error struct:
    ns main err code: 12541
    TNS-12541: Message 12541 not found; No message file for product=network, facility=TNS
    ns secondary err code: 12560
    nt main err code: 511
    TNS-00511: Message 511 not found; No message file for product=network, facility=TNS
    nt secondary err code: 111


***********************************************************************
Fatal NI connect error 12541, connecting to:
 (DESCRIPTION=(CONNECT_DATA=(SERVICE_NAME=gzplanp)(CID=(PROGRAM=httpd@apguweb1)(HOST=apguweb1)(USER=daemon)))(ADDRESS=(PROTOCOL=TCP)(HOST=10.120.1.38)(PORT=1521)))

  VERSION INFORMATION:
	TNS for Linux: Version 10.1.0.5.0 - Production
	TCP/IP NT Protocol Adapter for Linux: Version 10.1.0.5.0 - Production
  Time: 02-APR-2014 09:14:12
  Tracing not turned on.
  Tns error struct:
    ns main err code: 12541
    TNS-12541: Message 12541 not found; No message file for product=network, facility=TNS
    ns secondary err code: 12560
    nt main err code: 511
    TNS-00511: Message 511 not found; No message file for product=network, facility=TNS
    nt secondary err code: 111
    nt OS err code: 0


***********************************************************************
Fatal NI connect error 12541, connecting to:
 (DESCRIPTION=(CONNECT_DATA=(SERVICE_NAME=gzplanp)(CID=(PROGRAM=httpd)(HOST=apguweb1)(USER=daemon)))(ADDRESS=(PROTOCOL=TCP)(HOST=10.120.1.38)(PORT=1521)))

  VERSION INFORMATION:
	TNS for Linux: Version 10.1.0.5.0 - Production
	TCP/IP NT Protocol Adapter for Linux: Version 10.1.0.5.0 - Production
  Time: 02-APR-2014 09:14:23
  Tracing not turned on.
  Tns error struct:
    ns main err code: 12541
    TNS-12541: Message 12541 not found; No message file for product=network, facility=TNS
    ns secondary err code: 12560
    nt main err code: 511
    TNS-00511: Message 511 not found; No message file for product=network, facility=TNS
    nt secondary err code: 111


***********************************************************************
Fatal NI connect error 12541, connecting to:
 (DESCRIPTION=(CONNECT_DATA=(SERVICE_NAME=gzplanp)(CID=(PROGRAM=httpd@apguweb1)(HOST=apguweb1)(USER=daemon)))(ADDRESS=(PROTOCOL=TCP)(HOST=10.120.1.38)(PORT=1521)))

  VERSION INFORMATION:
	TNS for Linux: Version 10.1.0.5.0 - Production
	TCP/IP NT Protocol Adapter for Linux: Version 10.1.0.5.0 - Production
  Time: 02-APR-2014 09:14:30
  Tracing not turned on.
  Tns error struct:
    ns main err code: 12541
    TNS-12541: Message 12541 not found; No message file for product=network, facility=TNS
    ns secondary err code: 12560
    nt main err code: 511
    TNS-00511: Message 511 not found; No message file for product=network, facility=TNS
    nt secondary err code: 111
    nt OS err code: 0


***********************************************************************
Fatal NI connect error 12541, connecting to:
 (DESCRIPTION=(CONNECT_DATA=(SERVICE_NAME=gzplanp)(CID=(PROGRAM=httpd)(HOST=apguweb1)(USER=daemon)))(ADDRESS=(PROTOCOL=TCP)(HOST=10.120.1.38)(PORT=1521)))

  VERSION INFORMATION:
	TNS for Linux: Version 10.1.0.5.0 - Production
	TCP/IP NT Protocol Adapter for Linux: Version 10.1.0.5.0 - Production
  Time: 02-APR-2014 09:14:31
  Tracing not turned on.
  Tns error struct:
    ns main err code: 12541
    TNS-12541: Message 12541 not found; No message file for product=network, facility=TNS
    ns secondary err code: 12560
    nt main err code: 511
    TNS-00511: Message 511 not found; No message file for product=network, facility=TNS
    nt secondary err code: 111
    nt OS err code: 0


***********************************************************************
Fatal NI connect error 12541, connecting to:
 (DESCRIPTION=(CONNECT_DATA=(SERVICE_NAME=gzplanp)(CID=(PROGRAM=httpd)(HOST=apguweb1)(USER=daemon)))(ADDRESS=(PROTOCOL=TCP)(HOST=10.120.1.38)(PORT=1521)))

  VERSION INFORMATION:
	TNS for Linux: Version 10.1.0.5.0 - Production
	TCP/IP NT Protocol Adapter for Linux: Version 10.1.0.5.0 - Production
  Time: 02-APR-2014 09:14:31
  Tracing not turned on.
  Tns error struct:
    ns main err code: 12541
    TNS-12541: Message 12541 not found; No message file for product=network, facility=TNS
    ns secondary err code: 12560
    nt main err code: 511
    TNS-00511: Message 511 not found; No message file for product=network, facility=TNS
    nt secondary err code: 111
    nt OS err code: 0


***********************************************************************
Fatal NI connect error 12541, connecting to:
 (DESCRIPTION=(CONNECT_DATA=(SERVICE_NAME=gzplanp)(CID=(PROGRAM=httpd)(HOST=apguweb1)(USER=daemon)))(ADDRESS=(PROTOCOL=TCP)(HOST=10.120.1.38)(PORT=1521)))

  VERSION INFORMATION:
	TNS for Linux: Version 10.1.0.5.0 - Production
	TCP/IP NT Protocol Adapter for Linux: Version 10.1.0.5.0 - Production
  Time: 02-APR-2014 09:14:46
  Tracing not turned on.
  Tns error struct:
    ns main err code: 12541
    TNS-12541: Message 12541 not found; No message file for product=network, facility=TNS
    ns secondary err code: 12560
    nt main err code: 511
    TNS-00511: Message 511 not found; No message file for product=network, facility=TNS
    nt secondary err code: 111
    nt OS err code: 0


***********************************************************************
Fatal NI connect error 12541, connecting to:
 (DESCRIPTION=(CONNECT_DATA=(SERVICE_NAME=gzplanp)(CID=(PROGRAM=httpd)(HOST=apguweb1)(USER=daemon)))(ADDRESS=(PROTOCOL=TCP)(HOST=10.120.1.38)(PORT=1521)))

  VERSION INFORMATION:
	TNS for Linux: Version 10.1.0.5.0 - Production
	TCP/IP NT Protocol Adapter for Linux: Version 10.1.0.5.0 - Production
  Time: 02-APR-2014 09:27:20
  Tracing not turned on.
  Tns error struct:
    ns main err code: 12541
    TNS-12541: Message 12541 not found; No message file for product=network, facility=TNS
    ns secondary err code: 12560
    nt main err code: 511
    TNS-00511: Message 511 not found; No message file for product=network, facility=TNS
    nt secondary err code: 111
    nt OS err code: 0


***********************************************************************
Fatal NI connect error 12541, connecting to:
 (DESCRIPTION=(CONNECT_DATA=(SERVICE_NAME=gzplanp)(CID=(PROGRAM=httpd)(HOST=apguweb1)(USER=daemon)))(ADDRESS=(PROTOCOL=TCP)(HOST=10.120.1.38)(PORT=1521)))

  VERSION INFORMATION:
	TNS for Linux: Version 10.1.0.5.0 - Production
	TCP/IP NT Protocol Adapter for Linux: Version 10.1.0.5.0 - Production
  Time: 02-APR-2014 09:27:21
  Tracing not turned on.
  Tns error struct:
    ns main err code: 12541
    TNS-12541: Message 12541 not found; No message file for product=network, facility=TNS
    ns secondary err code: 12560
    nt main err code: 511
    TNS-00511: Message 511 not found; No message file for product=network, facility=TNS
    nt secondary err code: 111
    nt OS err code: 0


***********************************************************************
Fatal NI connect error 12541, connecting to:
 (DESCRIPTION=(CONNECT_DATA=(SERVICE_NAME=gzplanp)(CID=(PROGRAM=httpd)(HOST=apguweb1)(USER=daemon)))(ADDRESS=(PROTOCOL=TCP)(HOST=10.120.1.38)(PORT=1521)))

  VERSION INFORMATION:
	TNS for Linux: Version 10.1.0.5.0 - Production
	TCP/IP NT Protocol Adapter for Linux: Version 10.1.0.5.0 - Production
  Time: 02-APR-2014 09:27:26
  Tracing not turned on.
  Tns error struct:
    ns main err code: 12541
    TNS-12541: Message 12541 not found; No message file for product=network, facility=TNS
    ns secondary err code: 12560
    nt main err code: 511
    TNS-00511: Message 511 not found; No message file for product=network, facility=TNS
    nt secondary err code: 111
    nt OS err code: 0


***********************************************************************
Fatal NI connect error 12541, connecting to:
 (DESCRIPTION=(CONNECT_DATA=(SERVICE_NAME=gzplanp)(CID=(PROGRAM=httpd)(HOST=apguweb1)(USER=daemon)))(ADDRESS=(PROTOCOL=TCP)(HOST=10.120.1.38)(PORT=1521)))

  VERSION INFORMATION:
	TNS for Linux: Version 10.1.0.5.0 - Production
	TCP/IP NT Protocol Adapter for Linux: Version 10.1.0.5.0 - Production
  Time: 02-APR-2014 09:29:03
  Tracing not turned on.
  Tns error struct:
    ns main err code: 12541
    TNS-12541: Message 12541 not found; No message file for product=network, facility=TNS
    ns secondary err code: 12560
    nt main err code: 511
    TNS-00511: Message 511 not found; No message file for product=network, facility=TNS
    nt secondary err code: 111
    nt OS err code: 0
    nt OS err code: 0
    nt OS err code: 0
    nt OS err code: 0


***********************************************************************
Fatal NI connect error 12537, connecting to:
 (DESCRIPTION=(CONNECT_DATA=(SERVICE_NAME=gzplanp)(CID=(PROGRAM=httpd)(HOST=apguweb1)(USER=daemon)))(ADDRESS=(PROTOCOL=TCP)(HOST=10.120.1.38)(PORT=1521)))

  VERSION INFORMATION:
	TNS for Linux: Version 10.1.0.5.0 - Production
	TCP/IP NT Protocol Adapter for Linux: Version 10.1.0.5.0 - Production
  Time: 18-JUL-2018 13:31:45
  Tracing not turned on.
  Tns error struct:
    ns main err code: 12537
    TNS-12537: Message 12537 not found; No message file for product=network, facility=TNS
    ns secondary err code: 12560
    nt main err code: 507
    TNS-00507: Message 507 not found; No message file for product=network, facility=TNS
    nt secondary err code: 0
    nt OS err code: 0


***********************************************************************
Fatal NI connect error 12537, connecting to:
 (DESCRIPTION=(CONNECT_DATA=(SERVICE_NAME=gzplanp)(CID=(PROGRAM=httpd)(HOST=apguweb1)(USER=daemon)))(ADDRESS=(PROTOCOL=TCP)(HOST=10.120.1.38)(PORT=1521)))

  VERSION INFORMATION:
	TNS for Linux: Version 10.1.0.5.0 - Production
	TCP/IP NT Protocol Adapter for Linux: Version 10.1.0.5.0 - Production
  Time: 18-JUL-2018 13:31:52
  Tracing not turned on.
  Tns error struct:
    ns main err code: 12537
    TNS-12537: Message 12537 not found; No message file for product=network, facility=TNS
    ns secondary err code: 12560
    nt main err code: 507
    TNS-00507: Message 507 not found; No message file for product=network, facility=TNS
    nt secondary err code: 0


***********************************************************************
Fatal NI connect error 12537, connecting to:
 (DESCRIPTION=(CONNECT_DATA=(SERVICE_NAME=gzplanp)(CID=(PROGRAM=httpd)(HOST=apguweb1)(USER=daemon)))(ADDRESS=(PROTOCOL=TCP)(HOST=10.120.1.38)(PORT=1521)))

  VERSION INFORMATION:
	TNS for Linux: Version 10.1.0.5.0 - Production
	TCP/IP NT Protocol Adapter for Linux: Version 10.1.0.5.0 - Production
  Time: 18-JUL-2018 13:31:57
  Tracing not turned on.
  Tns error struct:
    ns main err code: 12537
    TNS-12537: Message 12537 not found; No message file for product=network, facility=TNS
    ns secondary err code: 12560
    nt main err code: 507
    TNS-00507: Message 507 not found; No message file for product=network, facility=TNS
    nt secondary err code: 0


***********************************************************************
Fatal NI connect error 12537, connecting to:
 (DESCRIPTION=(CONNECT_DATA=(SERVICE_NAME=gzplanp)(CID=(PROGRAM=httpd)(HOST=apguweb1)(USER=daemon)))(ADDRESS=(PROTOCOL=TCP)(HOST=10.120.1.38)(PORT=1521)))

  VERSION INFORMATION:
	TNS for Linux: Version 10.1.0.5.0 - Production
	TCP/IP NT Protocol Adapter for Linux: Version 10.1.0.5.0 - Production
  Time: 18-JUL-2018 13:31:59
  Tracing not turned on.
  Tns error struct:
    ns main err code: 12537
    TNS-12537: Message 12537 not found; No message file for product=network, facility=TNS
    ns secondary err code: 12560
    nt main err code: 507
    TNS-00507: Message 507 not found; No message file for product=network, facility=TNS
    nt secondary err code: 0
    nt OS err code: 0


***********************************************************************
Fatal NI connect error 12537, connecting to:
 (DESCRIPTION=(CONNECT_DATA=(SERVICE_NAME=gzplanp)(CID=(PROGRAM=httpd)(HOST=apguweb1)(USER=daemon)))(ADDRESS=(PROTOCOL=TCP)(HOST=10.120.1.38)(PORT=1521)))

  VERSION INFORMATION:
	TNS for Linux: Version 10.1.0.5.0 - Production
	TCP/IP NT Protocol Adapter for Linux: Version 10.1.0.5.0 - Production
  Time: 18-JUL-2018 13:32:04
  Tracing not turned on.
  Tns error struct:
    ns main err code: 12537
    TNS-12537: Message 12537 not found; No message file for product=network, facility=TNS
    ns secondary err code: 12560
    nt main err code: 507
    TNS-00507: Message 507 not found; No message file for product=network, facility=TNS
    nt secondary err code: 0
    nt OS err code: 0


***********************************************************************
Fatal NI connect error 12537, connecting to:
 (DESCRIPTION=(CONNECT_DATA=(SERVICE_NAME=gzplanp)(CID=(PROGRAM=httpd)(HOST=apguweb1)(USER=daemon)))(ADDRESS=(PROTOCOL=TCP)(HOST=10.120.1.38)(PORT=1521)))

  VERSION INFORMATION:
	TNS for Linux: Version 10.1.0.5.0 - Production
	TCP/IP NT Protocol Adapter for Linux: Version 10.1.0.5.0 - Production
  Time: 18-JUL-2018 13:32:11
  Tracing not turned on.
  Tns error struct:
    ns main err code: 12537
    TNS-12537: Message 12537 not found; No message file for product=network, facility=TNS
    ns secondary err code: 12560
    nt main err code: 507
    TNS-00507: Message 507 not found; No message file for product=network, facility=TNS
    nt secondary err code: 0
    nt OS err code: 0
    nt OS err code: 0


***********************************************************************
Fatal NI connect error 12537, connecting to:
 (DESCRIPTION=(CONNECT_DATA=(SERVICE_NAME=gzplanp)(CID=(PROGRAM=httpd)(HOST=apguweb1)(USER=daemon)))(ADDRESS=(PROTOCOL=TCP)(HOST=10.120.1.38)(PORT=1521)))

  VERSION INFORMATION:
	TNS for Linux: Version 10.1.0.5.0 - Production
	TCP/IP NT Protocol Adapter for Linux: Version 10.1.0.5.0 - Production
  Time: 18-JUL-2018 13:32:56
  Tracing not turned on.
  Tns error struct:
    ns main err code: 12537
    TNS-12537: Message 12537 not found; No message file for product=network, facility=TNS
    ns secondary err code: 12560
    nt main err code: 507
    TNS-00507: Message 507 not found; No message file for product=network, facility=TNS
    nt secondary err code: 0
    nt OS err code: 0


***********************************************************************
Fatal NI connect error 12537, connecting to:
 (DESCRIPTION=(CONNECT_DATA=(SERVICE_NAME=gzplanp)(CID=(PROGRAM=httpd)(HOST=apguweb1)(USER=daemon)))(ADDRESS=(PROTOCOL=TCP)(HOST=10.120.1.38)(PORT=1521)))

  VERSION INFORMATION:
	TNS for Linux: Version 10.1.0.5.0 - Production
	TCP/IP NT Protocol Adapter for Linux: Version 10.1.0.5.0 - Production
  Time: 18-JUL-2018 13:33:14
  Tracing not turned on.
  Tns error struct:
    ns main err code: 12537
    TNS-12537: Message 12537 not found; No message file for product=network, facility=TNS
    ns secondary err code: 12560
    nt main err code: 507
    TNS-00507: Message 507 not found; No message file for product=network, facility=TNS
    nt secondary err code: 0
    nt OS err code: 0


***********************************************************************
Fatal NI connect error 12537, connecting to:
 (DESCRIPTION=(CONNECT_DATA=(SERVICE_NAME=gzplanp)(CID=(PROGRAM=httpd)(HOST=apguweb1)(USER=daemon)))(ADDRESS=(PROTOCOL=TCP)(HOST=10.120.1.38)(PORT=1521)))

  VERSION INFORMATION:
	TNS for Linux: Version 10.1.0.5.0 - Production
	TCP/IP NT Protocol Adapter for Linux: Version 10.1.0.5.0 - Production
  Time: 18-JUL-2018 13:33:14
  Tracing not turned on.
  Tns error struct:
    ns main err code: 12537
    TNS-12537: Message 12537 not found; No message file for product=network, facility=TNS
    ns secondary err code: 12560
    nt main err code: 507
    TNS-00507: Message 507 not found; No message file for product=network, facility=TNS
    nt secondary err code: 0
    nt OS err code: 0


***********************************************************************
Fatal NI connect error 12537, connecting to:
 (DESCRIPTION=(CONNECT_DATA=(SERVICE_NAME=gzplanp)(CID=(PROGRAM=httpd)(HOST=apguweb1)(USER=daemon)))(ADDRESS=(PROTOCOL=TCP)(HOST=10.120.1.38)(PORT=1521)))

  VERSION INFORMATION:
	TNS for Linux: Version 10.1.0.5.0 - Production
	TCP/IP NT Protocol Adapter for Linux: Version 10.1.0.5.0 - Production
  Time: 18-JUL-2018 13:33:19
  Tracing not turned on.
  Tns error struct:
    ns main err code: 12537
    TNS-12537: Message 12537 not found; No message file for product=network, facility=TNS
    ns secondary err code: 12560
    nt main err code: 507
    TNS-00507: Message 507 not found; No message file for product=network, facility=TNS
    nt secondary err code: 0
    nt OS err code: 0


***********************************************************************
Fatal NI connect error 12537, connecting to:
 (DESCRIPTION=(CONNECT_DATA=(SERVICE_NAME=gzplanp)(CID=(PROGRAM=httpd)(HOST=apguweb1)(USER=daemon)))(ADDRESS=(PROTOCOL=TCP)(HOST=10.120.1.38)(PORT=1521)))

  VERSION INFORMATION:
	TNS for Linux: Version 10.1.0.5.0 - Production
	TCP/IP NT Protocol Adapter for Linux: Version 10.1.0.5.0 - Production
  Time: 18-JUL-2018 13:33:35
  Tracing not turned on.
  Tns error struct:
    ns main err code: 12537
    TNS-12537: Message 12537 not found; No message file for product=network, facility=TNS
    ns secondary err code: 12560
    nt main err code: 507
    TNS-00507: Message 507 not found; No message file for product=network, facility=TNS
    nt secondary err code: 0
    nt OS err code: 0


***********************************************************************
Fatal NI connect error 12537, connecting to:
 (DESCRIPTION=(CONNECT_DATA=(SERVICE_NAME=gzplanp)(CID=(PROGRAM=httpd)(HOST=apguweb1)(USER=daemon)))(ADDRESS=(PROTOCOL=TCP)(HOST=10.120.1.38)(PORT=1521)))

  VERSION INFORMATION:
	TNS for Linux: Version 10.1.0.5.0 - Production
	TCP/IP NT Protocol Adapter for Linux: Version 10.1.0.5.0 - Production
  Time: 18-JUL-2018 13:34:01
  Tracing not turned on.
  Tns error struct:
    ns main err code: 12537
    TNS-12537: Message 12537 not found; No message file for product=network, facility=TNS
    ns secondary err code: 12560
    nt main err code: 507
    TNS-00507: Message 507 not found; No message file for product=network, facility=TNS
    nt secondary err code: 0
    nt OS err code: 0
    nt OS err code: 0


***********************************************************************
Fatal NI connect error 12537, connecting to:
 (DESCRIPTION=(CONNECT_DATA=(SERVICE_NAME=gzplanp)(CID=(PROGRAM=httpd)(HOST=apguweb1)(USER=daemon)))(ADDRESS=(PROTOCOL=TCP)(HOST=10.120.1.38)(PORT=1521)))

  VERSION INFORMATION:
	TNS for Linux: Version 10.1.0.5.0 - Production
	TCP/IP NT Protocol Adapter for Linux: Version 10.1.0.5.0 - Production
  Time: 20-JUL-2018 13:26:45
  Tracing not turned on.
  Tns error struct:
    ns main err code: 12537
    TNS-12537: Message 12537 not found; No message file for product=network, facility=TNS
    ns secondary err code: 12560
    nt main err code: 507
    TNS-00507: Message 507 not found; No message file for product=network, facility=TNS
    nt secondary err code: 0
    nt OS err code: 0


***********************************************************************
Fatal NI connect error 12537, connecting to:
 (DESCRIPTION=(CONNECT_DATA=(SERVICE_NAME=gzplanp)(CID=(PROGRAM=httpd)(HOST=apguweb1)(USER=daemon)))(ADDRESS=(PROTOCOL=TCP)(HOST=10.120.1.38)(PORT=1521)))

  VERSION INFORMATION:
	TNS for Linux: Version 10.1.0.5.0 - Production
	TCP/IP NT Protocol Adapter for Linux: Version 10.1.0.5.0 - Production
  Time: 25-JUL-2018 13:54:06
  Tracing not turned on.
  Tns error struct:
    ns main err code: 12537
    TNS-12537: Message 12537 not found; No message file for product=network, facility=TNS
    ns secondary err code: 12560
    nt main err code: 507
    TNS-00507: Message 507 not found; No message file for product=network, facility=TNS
    nt secondary err code: 0
    nt OS err code: 0


***********************************************************************
Fatal NI connect error 12537, connecting to:
 (DESCRIPTION=(CONNECT_DATA=(SERVICE_NAME=gzplanp)(CID=(PROGRAM=httpd)(HOST=apguweb1)(USER=daemon)))(ADDRESS=(PROTOCOL=TCP)(HOST=10.120.1.38)(PORT=1521)))

  VERSION INFORMATION:
	TNS for Linux: Version 10.1.0.5.0 - Production
	TCP/IP NT Protocol Adapter for Linux: Version 10.1.0.5.0 - Production
  Time: 25-JUL-2018 13:54:53
  Tracing not turned on.
  Tns error struct:
    ns main err code: 12537
    TNS-12537: Message 12537 not found; No message file for product=network, facility=TNS
    ns secondary err code: 12560
    nt main err code: 507
    TNS-00507: Message 507 not found; No message file for product=network, facility=TNS
    nt secondary err code: 0
    nt OS err code: 0


***********************************************************************
Fatal NI connect error 12537, connecting to:
 (DESCRIPTION=(CONNECT_DATA=(SERVICE_NAME=gzplanp)(CID=(PROGRAM=httpd)(HOST=apguweb1)(USER=daemon)))(ADDRESS=(PROTOCOL=TCP)(HOST=10.120.1.38)(PORT=1521)))

  VERSION INFORMATION:
	TNS for Linux: Version 10.1.0.5.0 - Production
	TCP/IP NT Protocol Adapter for Linux: Version 10.1.0.5.0 - Production
  Time: 30-JUL-2018 10:54:42
  Tracing not turned on.
  Tns error struct:
    ns main err code: 12537
    TNS-12537: Message 12537 not found; No message file for product=network, facility=TNS
    ns secondary err code: 12560
    nt main err code: 507
    TNS-00507: Message 507 not found; No message file for product=network, facility=TNS
    nt secondary err code: 0
    nt OS err code: 0


***********************************************************************
Fatal NI connect error 12537, connecting to:
 (DESCRIPTION=(CONNECT_DATA=(SERVICE_NAME=gzplanp)(CID=(PROGRAM=httpd@apguweb1)(HOST=apguweb1)(USER=daemon)))(ADDRESS=(PROTOCOL=TCP)(HOST=10.120.1.38)(PORT=1521)))

  VERSION INFORMATION:
	TNS for Linux: Version 10.1.0.5.0 - Production
	TCP/IP NT Protocol Adapter for Linux: Version 10.1.0.5.0 - Production
  Time: 12-DEC-2018 13:27:55
  Tracing not turned on.
  Tns error struct:
    ns main err code: 12537
    TNS-12537: Message 12537 not found; No message file for product=network, facility=TNS
    ns secondary err code: 12560
    nt main err code: 507
    TNS-00507: Message 507 not found; No message file for product=network, facility=TNS
    nt secondary err code: 0
    nt OS err code: 0


***********************************************************************
Fatal NI connect error 12170.

  VERSION INFORMATION:
	TNS for Linux: Version 10.1.0.5.0 - Production
	TCP/IP NT Protocol Adapter for Linux: Version 10.1.0.5.0 - Production
  Time: 21-FEB-2019 11:08:15
  Tracing not turned on.
  Tns error struct:
    ns main err code: 12535
    TNS-12535: Message 12535 not found; No message file for product=network, facility=TNS
    ns secondary err code: 12560
    nt main err code: 505
    TNS-00505: Message 505 not found; No message file for product=network, facility=TNS
    nt secondary err code: 110
    nt OS err code: 0
  Client address: <unknown>


***********************************************************************
Fatal NI connect error 12170.

  VERSION INFORMATION:
	TNS for Linux: Version 10.1.0.5.0 - Production
	TCP/IP NT Protocol Adapter for Linux: Version 10.1.0.5.0 - Production
  Time: 21-FEB-2019 14:06:15
  Tracing not turned on.
  Tns error struct:
    ns main err code: 12535
    TNS-12535: Message 12535 not found; No message file for product=network, facility=TNS
    ns secondary err code: 12560
    nt main err code: 505
    TNS-00505: Message 505 not found; No message file for product=network, facility=TNS
    nt secondary err code: 110
    nt OS err code: 0
  Client address: <unknown>


***********************************************************************
Fatal NI connect error 12537, connecting to:
 (DESCRIPTION=(CONNECT_DATA=(SERVICE_NAME=gzplanp)(CID=(PROGRAM=httpd)(HOST=apguweb1)(USER=daemon)))(ADDRESS=(PROTOCOL=TCP)(HOST=10.120.1.38)(PORT=1521)))

  VERSION INFORMATION:
	TNS for Linux: Version 10.1.0.5.0 - Production
	TCP/IP NT Protocol Adapter for Linux: Version 10.1.0.5.0 - Production
  Time: 22-FEB-2019 16:46:47
  Tracing not turned on.
  Tns error struct:
    ns main err code: 12537
    TNS-12537: Message 12537 not found; No message file for product=network, facility=TNS
    ns secondary err code: 12560
    nt main err code: 507
    TNS-00507: Message 507 not found; No message file for product=network, facility=TNS
    nt secondary err code: 0
    nt OS err code: 0


***********************************************************************
Fatal NI connect error 12537, connecting to:
 (DESCRIPTION=(CONNECT_DATA=(SERVICE_NAME=gzplanp)(CID=(PROGRAM=httpd)(HOST=apguweb1)(USER=daemon)))(ADDRESS=(PROTOCOL=TCP)(HOST=10.120.1.38)(PORT=1521)))

  VERSION INFORMATION:
	TNS for Linux: Version 10.1.0.5.0 - Production
	TCP/IP NT Protocol Adapter for Linux: Version 10.1.0.5.0 - Production
  Time: 22-FEB-2019 16:46:48
  Tracing not turned on.
  Tns error struct:
    ns main err code: 12537
    TNS-12537: Message 12537 not found; No message file for product=network, facility=TNS
    ns secondary err code: 12560
    nt main err code: 507
    TNS-00507: Message 507 not found; No message file for product=network, facility=TNS
    nt secondary err code: 0
    nt OS err code: 0


***********************************************************************
Fatal NI connect error 12537, connecting to:
 (DESCRIPTION=(CONNECT_DATA=(SERVICE_NAME=gzplanp)(CID=(PROGRAM=httpd)(HOST=apguweb1)(USER=daemon)))(ADDRESS=(PROTOCOL=TCP)(HOST=10.120.1.38)(PORT=1521)))

  VERSION INFORMATION:
	TNS for Linux: Version 10.1.0.5.0 - Production
	TCP/IP NT Protocol Adapter for Linux: Version 10.1.0.5.0 - Production
  Time: 22-FEB-2019 16:46:49
  Tracing not turned on.
  Tns error struct:
    ns main err code: 12537
    TNS-12537: Message 12537 not found; No message file for product=network, facility=TNS
    ns secondary err code: 12560
    nt main err code: 507
    TNS-00507: Message 507 not found; No message file for product=network, facility=TNS
    nt secondary err code: 0
    nt OS err code: 0
