[ 2022-06-20T14:23:03+08:00 ] 0.0.0.0 /pcn/index.php/Public/login?jumpUrl=/pcn/
INFO: [ route_check ] --START--
INFO: Run CheckRoute Behavior [ RunTime:0.000782s ]
INFO: [ route_check ] --END-- [ RunTime:0.000940s ]
NOTIC: [8192] preg_replace(): The /e modifier is deprecated, use preg_replace_callback instead D:\www\ThinkPHP\Lib\Core\Dispatcher.class.php 第 122 行.
INFO: [ app_begin ] --START--
INFO: Run ReadHtmlCache Behavior [ RunTime:-0.000388s ]
INFO: Run CheckLang Behavior [ RunTime:-0.000707s ]
INFO: [ app_begin ] --END-- [ RunTime:0.000948s ]
INFO: [ view_template ] --START--
INFO: Run LocationTemplate Behavior [ RunTime:-0.002388s ]
INFO: [ view_template ] --END-- [ RunTime:0.001307s ]
INFO: [ view_parse ] --START--
NOTIC: [8192] preg_replace(): The /e modifier is deprecated, use preg_replace_callback instead D:\www\ThinkPHP\Lib\Template\ThinkTemplate.class.php 第 161 行.
NOTIC: [8192] preg_replace(): The /e modifier is deprecated, use preg_replace_callback instead D:\www\ThinkPHP\Lib\Template\ThinkTemplate.class.php 第 372 行.
NOTIC: [8192] preg_replace(): The /e modifier is deprecated, use preg_replace_callback instead D:\www\ThinkPHP\Lib\Template\ThinkTemplate.class.php 第 372 行.
NOTIC: [8192] preg_replace(): The /e modifier is deprecated, use preg_replace_callback instead D:\www\ThinkPHP\Lib\Template\ThinkTemplate.class.php 第 372 行.
NOTIC: [8192] preg_replace(): The /e modifier is deprecated, use preg_replace_callback instead D:\www\ThinkPHP\Lib\Template\ThinkTemplate.class.php 第 372 行.
NOTIC: [8192] preg_replace(): The /e modifier is deprecated, use preg_replace_callback instead D:\www\ThinkPHP\Lib\Template\ThinkTemplate.class.php 第 372 行.
NOTIC: [8192] preg_replace(): The /e modifier is deprecated, use preg_replace_callback instead D:\www\ThinkPHP\Lib\Template\ThinkTemplate.class.php 第 372 行.
NOTIC: [8192] preg_replace(): The /e modifier is deprecated, use preg_replace_callback instead D:\www\ThinkPHP\Lib\Template\ThinkTemplate.class.php 第 372 行.
NOTIC: [8192] preg_replace(): The /e modifier is deprecated, use preg_replace_callback instead D:\www\ThinkPHP\Lib\Template\ThinkTemplate.class.php 第 372 行.
NOTIC: [8192] preg_replace(): The /e modifier is deprecated, use preg_replace_callback instead D:\www\ThinkPHP\Lib\Template\ThinkTemplate.class.php 第 372 行.
NOTIC: [8192] preg_replace(): The /e modifier is deprecated, use preg_replace_callback instead D:\www\ThinkPHP\Lib\Template\ThinkTemplate.class.php 第 372 行.
NOTIC: [8192] preg_replace(): The /e modifier is deprecated, use preg_replace_callback instead D:\www\ThinkPHP\Lib\Template\ThinkTemplate.class.php 第 372 行.
NOTIC: [8192] preg_replace(): The /e modifier is deprecated, use preg_replace_callback instead D:\www\ThinkPHP\Lib\Template\ThinkTemplate.class.php 第 372 行.
NOTIC: [8192] preg_replace(): The /e modifier is deprecated, use preg_replace_callback instead D:\www\ThinkPHP\Lib\Template\ThinkTemplate.class.php 第 361 行.
NOTIC: [8192] preg_replace(): The /e modifier is deprecated, use preg_replace_callback instead D:\www\ThinkPHP\Lib\Template\ThinkTemplate.class.php 第 361 行.
NOTIC: [8192] preg_replace(): The /e modifier is deprecated, use preg_replace_callback instead D:\www\ThinkPHP\Lib\Template\ThinkTemplate.class.php 第 372 行.
NOTIC: [8192] preg_replace(): The /e modifier is deprecated, use preg_replace_callback instead D:\www\ThinkPHP\Lib\Template\ThinkTemplate.class.php 第 372 行.
NOTIC: [8192] preg_replace(): The /e modifier is deprecated, use preg_replace_callback instead D:\www\ThinkPHP\Lib\Template\ThinkTemplate.class.php 第 372 行.
NOTIC: [8192] preg_replace(): The /e modifier is deprecated, use preg_replace_callback instead D:\www\ThinkPHP\Lib\Template\ThinkTemplate.class.php 第 361 行.
NOTIC: [8192] preg_replace(): The /e modifier is deprecated, use preg_replace_callback instead D:\www\ThinkPHP\Lib\Template\ThinkTemplate.class.php 第 372 行.
NOTIC: [8192] preg_replace(): The /e modifier is deprecated, use preg_replace_callback instead D:\www\ThinkPHP\Lib\Template\ThinkTemplate.class.php 第 372 行.
NOTIC: [8192] preg_replace(): The /e modifier is deprecated, use preg_replace_callback instead D:\www\ThinkPHP\Lib\Template\ThinkTemplate.class.php 第 372 行.
NOTIC: [8192] preg_replace(): The /e modifier is deprecated, use preg_replace_callback instead D:\www\ThinkPHP\Lib\Template\ThinkTemplate.class.php 第 372 行.
NOTIC: [8192] preg_replace(): The /e modifier is deprecated, use preg_replace_callback instead D:\www\ThinkPHP\Lib\Template\ThinkTemplate.class.php 第 372 行.
NOTIC: [8192] preg_replace(): The /e modifier is deprecated, use preg_replace_callback instead D:\www\ThinkPHP\Lib\Template\ThinkTemplate.class.php 第 372 行.
NOTIC: [8192] preg_replace(): The /e modifier is deprecated, use preg_replace_callback instead D:\www\ThinkPHP\Lib\Template\ThinkTemplate.class.php 第 372 行.
NOTIC: [8192] preg_replace(): The /e modifier is deprecated, use preg_replace_callback instead D:\www\ThinkPHP\Lib\Template\ThinkTemplate.class.php 第 372 行.
NOTIC: [8192] preg_replace(): The /e modifier is deprecated, use preg_replace_callback instead D:\www\ThinkPHP\Lib\Template\ThinkTemplate.class.php 第 372 行.
NOTIC: [8192] preg_replace(): The /e modifier is deprecated, use preg_replace_callback instead D:\www\ThinkPHP\Lib\Template\ThinkTemplate.class.php 第 372 行.
NOTIC: [8192] preg_replace(): The /e modifier is deprecated, use preg_replace_callback instead D:\www\ThinkPHP\Lib\Template\ThinkTemplate.class.php 第 372 行.
NOTIC: [8192] preg_replace(): The /e modifier is deprecated, use preg_replace_callback instead D:\www\ThinkPHP\Lib\Template\ThinkTemplate.class.php 第 372 行.
NOTIC: [8192] preg_replace(): The /e modifier is deprecated, use preg_replace_callback instead D:\www\ThinkPHP\Lib\Template\ThinkTemplate.class.php 第 372 行.
NOTIC: [8192] preg_replace(): The /e modifier is deprecated, use preg_replace_callback instead D:\www\ThinkPHP\Lib\Template\ThinkTemplate.class.php 第 372 行.
NOTIC: [8192] preg_replace(): The /e modifier is deprecated, use preg_replace_callback instead D:\www\ThinkPHP\Lib\Template\ThinkTemplate.class.php 第 372 行.
NOTIC: [8192] preg_replace(): The /e modifier is deprecated, use preg_replace_callback instead D:\www\ThinkPHP\Lib\Template\ThinkTemplate.class.php 第 372 行.
NOTIC: [8192] preg_replace(): The /e modifier is deprecated, use preg_replace_callback instead D:\www\ThinkPHP\Lib\Template\ThinkTemplate.class.php 第 372 行.
NOTIC: [8192] preg_replace(): The /e modifier is deprecated, use preg_replace_callback instead D:\www\ThinkPHP\Lib\Template\ThinkTemplate.class.php 第 372 行.
NOTIC: [8192] preg_replace(): The /e modifier is deprecated, use preg_replace_callback instead D:\www\ThinkPHP\Lib\Template\ThinkTemplate.class.php 第 372 行.
NOTIC: [8192] preg_replace(): The /e modifier is deprecated, use preg_replace_callback instead D:\www\ThinkPHP\Lib\Template\ThinkTemplate.class.php 第 372 行.
NOTIC: [8192] preg_replace(): The /e modifier is deprecated, use preg_replace_callback instead D:\www\ThinkPHP\Lib\Template\ThinkTemplate.class.php 第 372 行.
NOTIC: [8192] preg_replace(): The /e modifier is deprecated, use preg_replace_callback instead D:\www\ThinkPHP\Lib\Template\ThinkTemplate.class.php 第 372 行.
NOTIC: [8192] preg_replace(): The /e modifier is deprecated, use preg_replace_callback instead D:\www\ThinkPHP\Lib\Template\ThinkTemplate.class.php 第 372 行.
NOTIC: [8192] preg_replace(): The /e modifier is deprecated, use preg_replace_callback instead D:\www\ThinkPHP\Lib\Template\ThinkTemplate.class.php 第 372 行.
NOTIC: [8192] preg_replace(): The /e modifier is deprecated, use preg_replace_callback instead D:\www\ThinkPHP\Lib\Template\ThinkTemplate.class.php 第 372 行.
NOTIC: [8192] preg_replace(): The /e modifier is deprecated, use preg_replace_callback instead D:\www\ThinkPHP\Lib\Template\ThinkTemplate.class.php 第 372 行.
NOTIC: [8192] preg_replace(): The /e modifier is deprecated, use preg_replace_callback instead D:\www\ThinkPHP\Lib\Template\ThinkTemplate.class.php 第 372 行.
NOTIC: [8192] preg_replace(): The /e modifier is deprecated, use preg_replace_callback instead D:\www\ThinkPHP\Lib\Template\ThinkTemplate.class.php 第 372 行.
NOTIC: [8192] preg_replace(): The /e modifier is deprecated, use preg_replace_callback instead D:\www\ThinkPHP\Lib\Template\ThinkTemplate.class.php 第 372 行.
NOTIC: [8192] preg_replace(): The /e modifier is deprecated, use preg_replace_callback instead D:\www\ThinkPHP\Lib\Template\ThinkTemplate.class.php 第 372 行.
NOTIC: [8192] preg_replace(): The /e modifier is deprecated, use preg_replace_callback instead D:\www\ThinkPHP\Lib\Template\ThinkTemplate.class.php 第 372 行.
NOTIC: [8192] preg_replace(): The /e modifier is deprecated, use preg_replace_callback instead D:\www\ThinkPHP\Lib\Template\ThinkTemplate.class.php 第 372 行.
NOTIC: [8192] preg_replace(): The /e modifier is deprecated, use preg_replace_callback instead D:\www\ThinkPHP\Lib\Template\ThinkTemplate.class.php 第 372 行.
NOTIC: [8192] preg_replace(): The /e modifier is deprecated, use preg_replace_callback instead D:\www\ThinkPHP\Lib\Template\ThinkTemplate.class.php 第 372 行.
NOTIC: [8192] preg_replace(): The /e modifier is deprecated, use preg_replace_callback instead D:\www\ThinkPHP\Lib\Template\ThinkTemplate.class.php 第 372 行.
NOTIC: [8192] preg_replace(): The /e modifier is deprecated, use preg_replace_callback instead D:\www\ThinkPHP\Lib\Template\ThinkTemplate.class.php 第 372 行.
NOTIC: [8192] preg_replace(): The /e modifier is deprecated, use preg_replace_callback instead D:\www\ThinkPHP\Lib\Template\ThinkTemplate.class.php 第 372 行.
NOTIC: [8192] preg_replace(): The /e modifier is deprecated, use preg_replace_callback instead D:\www\ThinkPHP\Lib\Template\ThinkTemplate.class.php 第 372 行.
NOTIC: [8192] preg_replace(): The /e modifier is deprecated, use preg_replace_callback instead D:\www\ThinkPHP\Lib\Template\ThinkTemplate.class.php 第 372 行.
NOTIC: [8192] preg_replace(): The /e modifier is deprecated, use preg_replace_callback instead D:\www\ThinkPHP\Lib\Template\ThinkTemplate.class.php 第 372 行.
NOTIC: [8192] preg_replace(): The /e modifier is deprecated, use preg_replace_callback instead D:\www\ThinkPHP\Lib\Template\ThinkTemplate.class.php 第 372 行.
NOTIC: [8192] preg_replace(): The /e modifier is deprecated, use preg_replace_callback instead D:\www\ThinkPHP\Lib\Template\ThinkTemplate.class.php 第 372 行.
NOTIC: [8192] preg_replace(): The /e modifier is deprecated, use preg_replace_callback instead D:\www\ThinkPHP\Lib\Template\ThinkTemplate.class.php 第 372 行.
NOTIC: [8192] preg_replace(): The /e modifier is deprecated, use preg_replace_callback instead D:\www\ThinkPHP\Lib\Template\ThinkTemplate.class.php 第 372 行.
NOTIC: [8192] preg_replace(): The /e modifier is deprecated, use preg_replace_callback instead D:\www\ThinkPHP\Lib\Template\ThinkTemplate.class.php 第 372 行.
NOTIC: [8192] preg_replace(): The /e modifier is deprecated, use preg_replace_callback instead D:\www\ThinkPHP\Lib\Template\ThinkTemplate.class.php 第 372 行.
NOTIC: [8192] preg_replace(): The /e modifier is deprecated, use preg_replace_callback instead D:\www\ThinkPHP\Lib\Template\ThinkTemplate.class.php 第 372 行.
NOTIC: [8192] preg_replace(): The /e modifier is deprecated, use preg_replace_callback instead D:\www\ThinkPHP\Lib\Template\ThinkTemplate.class.php 第 372 行.
NOTIC: [8192] preg_replace(): The /e modifier is deprecated, use preg_replace_callback instead D:\www\ThinkPHP\Lib\Template\ThinkTemplate.class.php 第 372 行.
NOTIC: [8192] preg_replace(): The /e modifier is deprecated, use preg_replace_callback instead D:\www\ThinkPHP\Lib\Template\ThinkTemplate.class.php 第 372 行.
NOTIC: [8192] preg_replace(): The /e modifier is deprecated, use preg_replace_callback instead D:\www\ThinkPHP\Lib\Template\ThinkTemplate.class.php 第 372 行.
NOTIC: [8192] preg_replace(): The /e modifier is deprecated, use preg_replace_callback instead D:\www\ThinkPHP\Lib\Template\ThinkTemplate.class.php 第 372 行.
NOTIC: [8192] preg_replace(): The /e modifier is deprecated, use preg_replace_callback instead D:\www\ThinkPHP\Lib\Template\ThinkTemplate.class.php 第 372 行.
NOTIC: [8192] preg_replace(): The /e modifier is deprecated, use preg_replace_callback instead D:\www\ThinkPHP\Lib\Template\ThinkTemplate.class.php 第 372 行.
NOTIC: [8192] preg_replace(): The /e modifier is deprecated, use preg_replace_callback instead D:\www\ThinkPHP\Lib\Template\ThinkTemplate.class.php 第 372 行.
NOTIC: [8192] preg_replace(): The /e modifier is deprecated, use preg_replace_callback instead D:\www\ThinkPHP\Lib\Template\ThinkTemplate.class.php 第 372 行.
NOTIC: [8192] preg_replace(): The /e modifier is deprecated, use preg_replace_callback instead D:\www\ThinkPHP\Lib\Template\ThinkTemplate.class.php 第 372 行.
NOTIC: [8192] preg_replace(): The /e modifier is deprecated, use preg_replace_callback instead D:\www\ThinkPHP\Lib\Template\ThinkTemplate.class.php 第 372 行.
NOTIC: [8192] preg_replace(): The /e modifier is deprecated, use preg_replace_callback instead D:\www\ThinkPHP\Lib\Template\ThinkTemplate.class.php 第 372 行.
NOTIC: [8192] preg_replace(): The /e modifier is deprecated, use preg_replace_callback instead D:\www\ThinkPHP\Lib\Template\ThinkTemplate.class.php 第 372 行.
NOTIC: [8192] preg_replace(): The /e modifier is deprecated, use preg_replace_callback instead D:\www\ThinkPHP\Lib\Template\ThinkTemplate.class.php 第 372 行.
NOTIC: [8192] preg_replace(): The /e modifier is deprecated, use preg_replace_callback instead D:\www\ThinkPHP\Lib\Template\ThinkTemplate.class.php 第 372 行.
NOTIC: [8192] preg_replace(): The /e modifier is deprecated, use preg_replace_callback instead D:\www\ThinkPHP\Lib\Template\ThinkTemplate.class.php 第 372 行.
NOTIC: [8192] preg_replace(): The /e modifier is deprecated, use preg_replace_callback instead D:\www\ThinkPHP\Lib\Template\ThinkTemplate.class.php 第 372 行.
NOTIC: [8192] preg_replace(): The /e modifier is deprecated, use preg_replace_callback instead D:\www\ThinkPHP\Lib\Template\ThinkTemplate.class.php 第 372 行.
NOTIC: [8192] preg_replace(): The /e modifier is deprecated, use preg_replace_callback instead D:\www\ThinkPHP\Lib\Template\ThinkTemplate.class.php 第 372 行.
NOTIC: [8192] preg_replace(): The /e modifier is deprecated, use preg_replace_callback instead D:\www\ThinkPHP\Lib\Template\ThinkTemplate.class.php 第 361 行.
NOTIC: [8192] preg_replace(): The /e modifier is deprecated, use preg_replace_callback instead D:\www\ThinkPHP\Lib\Template\ThinkTemplate.class.php 第 361 行.
NOTIC: [8192] preg_replace(): The /e modifier is deprecated, use preg_replace_callback instead D:\www\ThinkPHP\Lib\Template\ThinkTemplate.class.php 第 361 行.
NOTIC: [8192] preg_replace(): The /e modifier is deprecated, use preg_replace_callback instead D:\www\ThinkPHP\Lib\Template\ThinkTemplate.class.php 第 361 行.
NOTIC: [8192] preg_replace(): The /e modifier is deprecated, use preg_replace_callback instead D:\www\ThinkPHP\Lib\Template\ThinkTemplate.class.php 第 361 行.
NOTIC: [8192] preg_replace(): The /e modifier is deprecated, use preg_replace_callback instead D:\www\ThinkPHP\Lib\Template\ThinkTemplate.class.php 第 361 行.
NOTIC: [8192] preg_replace(): The /e modifier is deprecated, use preg_replace_callback instead D:\www\ThinkPHP\Lib\Template\ThinkTemplate.class.php 第 372 行.
NOTIC: [8192] preg_replace(): The /e modifier is deprecated, use preg_replace_callback instead D:\www\ThinkPHP\Lib\Template\ThinkTemplate.class.php 第 372 行.
NOTIC: [8192] preg_replace(): The /e modifier is deprecated, use preg_replace_callback instead D:\www\ThinkPHP\Lib\Template\ThinkTemplate.class.php 第 372 行.
NOTIC: [8192] preg_replace(): The /e modifier is deprecated, use preg_replace_callback instead D:\www\ThinkPHP\Lib\Template\ThinkTemplate.class.php 第 195 行.
NOTIC: [8192] preg_replace(): The /e modifier is deprecated, use preg_replace_callback instead D:\www\ThinkPHP\Lib\Template\ThinkTemplate.class.php 第 125 行.
INFO: Run ParseTemplate Behavior [ RunTime:-0.003760s ]
INFO: [ view_parse ] --END-- [ RunTime:0.010208s ]
INFO: [ view_filter ] --START--
INFO: Run ContentReplace Behavior [ RunTime:-0.014062s ]
INFO: Run TokenBuild Behavior [ RunTime:-0.015642s ]
INFO: Run WriteHtmlCache Behavior [ RunTime:-0.017599s ]
INFO: Run ShowRuntime Behavior [ RunTime:-0.018181s ]
INFO: [ view_filter ] --END-- [ RunTime:0.004696s ]
INFO: [ view_end ] --START--
INFO: Run ShowPageTrace Behavior [ RunTime:-0.018851s ]
INFO: [ view_end ] --END-- [ RunTime:0.000641s ]

[ 2022-06-20T16:10:03+08:00 ] 0.0.0.0 /pcn/index.php/Public/login?jumpUrl=/pcn/
INFO: [ route_check ] --START--
INFO: Run CheckRoute Behavior [ RunTime:0.000911s ]
INFO: [ route_check ] --END-- [ RunTime:0.001089s ]
NOTIC: [8192] preg_replace(): The /e modifier is deprecated, use preg_replace_callback instead D:\www\ThinkPHP\Lib\Core\Dispatcher.class.php 第 122 行.
INFO: [ app_begin ] --START--
INFO: Run ReadHtmlCache Behavior [ RunTime:-0.000416s ]
INFO: Run CheckLang Behavior [ RunTime:-0.000851s ]
INFO: [ app_begin ] --END-- [ RunTime:0.001662s ]
INFO: [ view_template ] --START--
INFO: Run LocationTemplate Behavior [ RunTime:-0.003553s ]
INFO: [ view_template ] --END-- [ RunTime:0.001441s ]
INFO: [ view_parse ] --START--
NOTIC: [8192] preg_replace(): The /e modifier is deprecated, use preg_replace_callback instead D:\www\ThinkPHP\Lib\Template\ThinkTemplate.class.php 第 161 行.
NOTIC: [8192] preg_replace(): The /e modifier is deprecated, use preg_replace_callback instead D:\www\ThinkPHP\Lib\Template\ThinkTemplate.class.php 第 372 行.
NOTIC: [8192] preg_replace(): The /e modifier is deprecated, use preg_replace_callback instead D:\www\ThinkPHP\Lib\Template\ThinkTemplate.class.php 第 372 行.
NOTIC: [8192] preg_replace(): The /e modifier is deprecated, use preg_replace_callback instead D:\www\ThinkPHP\Lib\Template\ThinkTemplate.class.php 第 372 行.
NOTIC: [8192] preg_replace(): The /e modifier is deprecated, use preg_replace_callback instead D:\www\ThinkPHP\Lib\Template\ThinkTemplate.class.php 第 372 行.
NOTIC: [8192] preg_replace(): The /e modifier is deprecated, use preg_replace_callback instead D:\www\ThinkPHP\Lib\Template\ThinkTemplate.class.php 第 372 行.
NOTIC: [8192] preg_replace(): The /e modifier is deprecated, use preg_replace_callback instead D:\www\ThinkPHP\Lib\Template\ThinkTemplate.class.php 第 372 行.
NOTIC: [8192] preg_replace(): The /e modifier is deprecated, use preg_replace_callback instead D:\www\ThinkPHP\Lib\Template\ThinkTemplate.class.php 第 372 行.
NOTIC: [8192] preg_replace(): The /e modifier is deprecated, use preg_replace_callback instead D:\www\ThinkPHP\Lib\Template\ThinkTemplate.class.php 第 372 行.
NOTIC: [8192] preg_replace(): The /e modifier is deprecated, use preg_replace_callback instead D:\www\ThinkPHP\Lib\Template\ThinkTemplate.class.php 第 372 行.
NOTIC: [8192] preg_replace(): The /e modifier is deprecated, use preg_replace_callback instead D:\www\ThinkPHP\Lib\Template\ThinkTemplate.class.php 第 372 行.
NOTIC: [8192] preg_replace(): The /e modifier is deprecated, use preg_replace_callback instead D:\www\ThinkPHP\Lib\Template\ThinkTemplate.class.php 第 372 行.
NOTIC: [8192] preg_replace(): The /e modifier is deprecated, use preg_replace_callback instead D:\www\ThinkPHP\Lib\Template\ThinkTemplate.class.php 第 372 行.
NOTIC: [8192] preg_replace(): The /e modifier is deprecated, use preg_replace_callback instead D:\www\ThinkPHP\Lib\Template\ThinkTemplate.class.php 第 361 行.
NOTIC: [8192] preg_replace(): The /e modifier is deprecated, use preg_replace_callback instead D:\www\ThinkPHP\Lib\Template\ThinkTemplate.class.php 第 361 行.
NOTIC: [8192] preg_replace(): The /e modifier is deprecated, use preg_replace_callback instead D:\www\ThinkPHP\Lib\Template\ThinkTemplate.class.php 第 372 行.
NOTIC: [8192] preg_replace(): The /e modifier is deprecated, use preg_replace_callback instead D:\www\ThinkPHP\Lib\Template\ThinkTemplate.class.php 第 372 行.
NOTIC: [8192] preg_replace(): The /e modifier is deprecated, use preg_replace_callback instead D:\www\ThinkPHP\Lib\Template\ThinkTemplate.class.php 第 372 行.
NOTIC: [8192] preg_replace(): The /e modifier is deprecated, use preg_replace_callback instead D:\www\ThinkPHP\Lib\Template\ThinkTemplate.class.php 第 361 行.
NOTIC: [8192] preg_replace(): The /e modifier is deprecated, use preg_replace_callback instead D:\www\ThinkPHP\Lib\Template\ThinkTemplate.class.php 第 372 行.
NOTIC: [8192] preg_replace(): The /e modifier is deprecated, use preg_replace_callback instead D:\www\ThinkPHP\Lib\Template\ThinkTemplate.class.php 第 372 行.
NOTIC: [8192] preg_replace(): The /e modifier is deprecated, use preg_replace_callback instead D:\www\ThinkPHP\Lib\Template\ThinkTemplate.class.php 第 372 行.
NOTIC: [8192] preg_replace(): The /e modifier is deprecated, use preg_replace_callback instead D:\www\ThinkPHP\Lib\Template\ThinkTemplate.class.php 第 372 行.
NOTIC: [8192] preg_replace(): The /e modifier is deprecated, use preg_replace_callback instead D:\www\ThinkPHP\Lib\Template\ThinkTemplate.class.php 第 372 行.
NOTIC: [8192] preg_replace(): The /e modifier is deprecated, use preg_replace_callback instead D:\www\ThinkPHP\Lib\Template\ThinkTemplate.class.php 第 372 行.
NOTIC: [8192] preg_replace(): The /e modifier is deprecated, use preg_replace_callback instead D:\www\ThinkPHP\Lib\Template\ThinkTemplate.class.php 第 372 行.
NOTIC: [8192] preg_replace(): The /e modifier is deprecated, use preg_replace_callback instead D:\www\ThinkPHP\Lib\Template\ThinkTemplate.class.php 第 372 行.
NOTIC: [8192] preg_replace(): The /e modifier is deprecated, use preg_replace_callback instead D:\www\ThinkPHP\Lib\Template\ThinkTemplate.class.php 第 372 行.
NOTIC: [8192] preg_replace(): The /e modifier is deprecated, use preg_replace_callback instead D:\www\ThinkPHP\Lib\Template\ThinkTemplate.class.php 第 372 行.
NOTIC: [8192] preg_replace(): The /e modifier is deprecated, use preg_replace_callback instead D:\www\ThinkPHP\Lib\Template\ThinkTemplate.class.php 第 372 行.
NOTIC: [8192] preg_replace(): The /e modifier is deprecated, use preg_replace_callback instead D:\www\ThinkPHP\Lib\Template\ThinkTemplate.class.php 第 372 行.
NOTIC: [8192] preg_replace(): The /e modifier is deprecated, use preg_replace_callback instead D:\www\ThinkPHP\Lib\Template\ThinkTemplate.class.php 第 372 行.
NOTIC: [8192] preg_replace(): The /e modifier is deprecated, use preg_replace_callback instead D:\www\ThinkPHP\Lib\Template\ThinkTemplate.class.php 第 372 行.
NOTIC: [8192] preg_replace(): The /e modifier is deprecated, use preg_replace_callback instead D:\www\ThinkPHP\Lib\Template\ThinkTemplate.class.php 第 372 行.
NOTIC: [8192] preg_replace(): The /e modifier is deprecated, use preg_replace_callback instead D:\www\ThinkPHP\Lib\Template\ThinkTemplate.class.php 第 372 行.
NOTIC: [8192] preg_replace(): The /e modifier is deprecated, use preg_replace_callback instead D:\www\ThinkPHP\Lib\Template\ThinkTemplate.class.php 第 372 行.
NOTIC: [8192] preg_replace(): The /e modifier is deprecated, use preg_replace_callback instead D:\www\ThinkPHP\Lib\Template\ThinkTemplate.class.php 第 372 行.
NOTIC: [8192] preg_replace(): The /e modifier is deprecated, use preg_replace_callback instead D:\www\ThinkPHP\Lib\Template\ThinkTemplate.class.php 第 372 行.
NOTIC: [8192] preg_replace(): The /e modifier is deprecated, use preg_replace_callback instead D:\www\ThinkPHP\Lib\Template\ThinkTemplate.class.php 第 372 行.
NOTIC: [8192] preg_replace(): The /e modifier is deprecated, use preg_replace_callback instead D:\www\ThinkPHP\Lib\Template\ThinkTemplate.class.php 第 372 行.
NOTIC: [8192] preg_replace(): The /e modifier is deprecated, use preg_replace_callback instead D:\www\ThinkPHP\Lib\Template\ThinkTemplate.class.php 第 372 行.
NOTIC: [8192] preg_replace(): The /e modifier is deprecated, use preg_replace_callback instead D:\www\ThinkPHP\Lib\Template\ThinkTemplate.class.php 第 372 行.
NOTIC: [8192] preg_replace(): The /e modifier is deprecated, use preg_replace_callback instead D:\www\ThinkPHP\Lib\Template\ThinkTemplate.class.php 第 372 行.
NOTIC: [8192] preg_replace(): The /e modifier is deprecated, use preg_replace_callback instead D:\www\ThinkPHP\Lib\Template\ThinkTemplate.class.php 第 372 行.
NOTIC: [8192] preg_replace(): The /e modifier is deprecated, use preg_replace_callback instead D:\www\ThinkPHP\Lib\Template\ThinkTemplate.class.php 第 372 行.
NOTIC: [8192] preg_replace(): The /e modifier is deprecated, use preg_replace_callback instead D:\www\ThinkPHP\Lib\Template\ThinkTemplate.class.php 第 372 行.
NOTIC: [8192] preg_replace(): The /e modifier is deprecated, use preg_replace_callback instead D:\www\ThinkPHP\Lib\Template\ThinkTemplate.class.php 第 372 行.
NOTIC: [8192] preg_replace(): The /e modifier is deprecated, use preg_replace_callback instead D:\www\ThinkPHP\Lib\Template\ThinkTemplate.class.php 第 372 行.
NOTIC: [8192] preg_replace(): The /e modifier is deprecated, use preg_replace_callback instead D:\www\ThinkPHP\Lib\Template\ThinkTemplate.class.php 第 372 行.
NOTIC: [8192] preg_replace(): The /e modifier is deprecated, use preg_replace_callback instead D:\www\ThinkPHP\Lib\Template\ThinkTemplate.class.php 第 372 行.
NOTIC: [8192] preg_replace(): The /e modifier is deprecated, use preg_replace_callback instead D:\www\ThinkPHP\Lib\Template\ThinkTemplate.class.php 第 372 行.
NOTIC: [8192] preg_replace(): The /e modifier is deprecated, use preg_replace_callback instead D:\www\ThinkPHP\Lib\Template\ThinkTemplate.class.php 第 372 行.
NOTIC: [8192] preg_replace(): The /e modifier is deprecated, use preg_replace_callback instead D:\www\ThinkPHP\Lib\Template\ThinkTemplate.class.php 第 372 行.
NOTIC: [8192] preg_replace(): The /e modifier is deprecated, use preg_replace_callback instead D:\www\ThinkPHP\Lib\Template\ThinkTemplate.class.php 第 372 行.
NOTIC: [8192] preg_replace(): The /e modifier is deprecated, use preg_replace_callback instead D:\www\ThinkPHP\Lib\Template\ThinkTemplate.class.php 第 372 行.
NOTIC: [8192] preg_replace(): The /e modifier is deprecated, use preg_replace_callback instead D:\www\ThinkPHP\Lib\Template\ThinkTemplate.class.php 第 372 行.
NOTIC: [8192] preg_replace(): The /e modifier is deprecated, use preg_replace_callback instead D:\www\ThinkPHP\Lib\Template\ThinkTemplate.class.php 第 372 行.
NOTIC: [8192] preg_replace(): The /e modifier is deprecated, use preg_replace_callback instead D:\www\ThinkPHP\Lib\Template\ThinkTemplate.class.php 第 372 行.
NOTIC: [8192] preg_replace(): The /e modifier is deprecated, use preg_replace_callback instead D:\www\ThinkPHP\Lib\Template\ThinkTemplate.class.php 第 372 行.
NOTIC: [8192] preg_replace(): The /e modifier is deprecated, use preg_replace_callback instead D:\www\ThinkPHP\Lib\Template\ThinkTemplate.class.php 第 372 行.
NOTIC: [8192] preg_replace(): The /e modifier is deprecated, use preg_replace_callback instead D:\www\ThinkPHP\Lib\Template\ThinkTemplate.class.php 第 372 行.
NOTIC: [8192] preg_replace(): The /e modifier is deprecated, use preg_replace_callback instead D:\www\ThinkPHP\Lib\Template\ThinkTemplate.class.php 第 372 行.
NOTIC: [8192] preg_replace(): The /e modifier is deprecated, use preg_replace_callback instead D:\www\ThinkPHP\Lib\Template\ThinkTemplate.class.php 第 372 行.
NOTIC: [8192] preg_replace(): The /e modifier is deprecated, use preg_replace_callback instead D:\www\ThinkPHP\Lib\Template\ThinkTemplate.class.php 第 372 行.
NOTIC: [8192] preg_replace(): The /e modifier is deprecated, use preg_replace_callback instead D:\www\ThinkPHP\Lib\Template\ThinkTemplate.class.php 第 372 行.
NOTIC: [8192] preg_replace(): The /e modifier is deprecated, use preg_replace_callback instead D:\www\ThinkPHP\Lib\Template\ThinkTemplate.class.php 第 372 行.
NOTIC: [8192] preg_replace(): The /e modifier is deprecated, use preg_replace_callback instead D:\www\ThinkPHP\Lib\Template\ThinkTemplate.class.php 第 372 行.
NOTIC: [8192] preg_replace(): The /e modifier is deprecated, use preg_replace_callback instead D:\www\ThinkPHP\Lib\Template\ThinkTemplate.class.php 第 372 行.
NOTIC: [8192] preg_replace(): The /e modifier is deprecated, use preg_replace_callback instead D:\www\ThinkPHP\Lib\Template\ThinkTemplate.class.php 第 372 行.
NOTIC: [8192] preg_replace(): The /e modifier is deprecated, use preg_replace_callback instead D:\www\ThinkPHP\Lib\Template\ThinkTemplate.class.php 第 372 行.
NOTIC: [8192] preg_replace(): The /e modifier is deprecated, use preg_replace_callback instead D:\www\ThinkPHP\Lib\Template\ThinkTemplate.class.php 第 372 行.
NOTIC: [8192] preg_replace(): The /e modifier is deprecated, use preg_replace_callback instead D:\www\ThinkPHP\Lib\Template\ThinkTemplate.class.php 第 372 行.
NOTIC: [8192] preg_replace(): The /e modifier is deprecated, use preg_replace_callback instead D:\www\ThinkPHP\Lib\Template\ThinkTemplate.class.php 第 372 行.
NOTIC: [8192] preg_replace(): The /e modifier is deprecated, use preg_replace_callback instead D:\www\ThinkPHP\Lib\Template\ThinkTemplate.class.php 第 372 行.
NOTIC: [8192] preg_replace(): The /e modifier is deprecated, use preg_replace_callback instead D:\www\ThinkPHP\Lib\Template\ThinkTemplate.class.php 第 372 行.
NOTIC: [8192] preg_replace(): The /e modifier is deprecated, use preg_replace_callback instead D:\www\ThinkPHP\Lib\Template\ThinkTemplate.class.php 第 372 行.
NOTIC: [8192] preg_replace(): The /e modifier is deprecated, use preg_replace_callback instead D:\www\ThinkPHP\Lib\Template\ThinkTemplate.class.php 第 372 行.
NOTIC: [8192] preg_replace(): The /e modifier is deprecated, use preg_replace_callback instead D:\www\ThinkPHP\Lib\Template\ThinkTemplate.class.php 第 372 行.
NOTIC: [8192] preg_replace(): The /e modifier is deprecated, use preg_replace_callback instead D:\www\ThinkPHP\Lib\Template\ThinkTemplate.class.php 第 372 行.
NOTIC: [8192] preg_replace(): The /e modifier is deprecated, use preg_replace_callback instead D:\www\ThinkPHP\Lib\Template\ThinkTemplate.class.php 第 372 行.
NOTIC: [8192] preg_replace(): The /e modifier is deprecated, use preg_replace_callback instead D:\www\ThinkPHP\Lib\Template\ThinkTemplate.class.php 第 372 行.
NOTIC: [8192] preg_replace(): The /e modifier is deprecated, use preg_replace_callback instead D:\www\ThinkPHP\Lib\Template\ThinkTemplate.class.php 第 372 行.
NOTIC: [8192] preg_replace(): The /e modifier is deprecated, use preg_replace_callback instead D:\www\ThinkPHP\Lib\Template\ThinkTemplate.class.php 第 372 行.
NOTIC: [8192] preg_replace(): The /e modifier is deprecated, use preg_replace_callback instead D:\www\ThinkPHP\Lib\Template\ThinkTemplate.class.php 第 372 行.
NOTIC: [8192] preg_replace(): The /e modifier is deprecated, use preg_replace_callback instead D:\www\ThinkPHP\Lib\Template\ThinkTemplate.class.php 第 372 行.
NOTIC: [8192] preg_replace(): The /e modifier is deprecated, use preg_replace_callback instead D:\www\ThinkPHP\Lib\Template\ThinkTemplate.class.php 第 361 行.
NOTIC: [8192] preg_replace(): The /e modifier is deprecated, use preg_replace_callback instead D:\www\ThinkPHP\Lib\Template\ThinkTemplate.class.php 第 361 行.
NOTIC: [8192] preg_replace(): The /e modifier is deprecated, use preg_replace_callback instead D:\www\ThinkPHP\Lib\Template\ThinkTemplate.class.php 第 361 行.
NOTIC: [8192] preg_replace(): The /e modifier is deprecated, use preg_replace_callback instead D:\www\ThinkPHP\Lib\Template\ThinkTemplate.class.php 第 361 行.
NOTIC: [8192] preg_replace(): The /e modifier is deprecated, use preg_replace_callback instead D:\www\ThinkPHP\Lib\Template\ThinkTemplate.class.php 第 361 行.
NOTIC: [8192] preg_replace(): The /e modifier is deprecated, use preg_replace_callback instead D:\www\ThinkPHP\Lib\Template\ThinkTemplate.class.php 第 361 行.
NOTIC: [8192] preg_replace(): The /e modifier is deprecated, use preg_replace_callback instead D:\www\ThinkPHP\Lib\Template\ThinkTemplate.class.php 第 372 行.
NOTIC: [8192] preg_replace(): The /e modifier is deprecated, use preg_replace_callback instead D:\www\ThinkPHP\Lib\Template\ThinkTemplate.class.php 第 372 行.
NOTIC: [8192] preg_replace(): The /e modifier is deprecated, use preg_replace_callback instead D:\www\ThinkPHP\Lib\Template\ThinkTemplate.class.php 第 372 行.
NOTIC: [8192] preg_replace(): The /e modifier is deprecated, use preg_replace_callback instead D:\www\ThinkPHP\Lib\Template\ThinkTemplate.class.php 第 195 行.
NOTIC: [8192] preg_replace(): The /e modifier is deprecated, use preg_replace_callback instead D:\www\ThinkPHP\Lib\Template\ThinkTemplate.class.php 第 125 行.
INFO: Run ParseTemplate Behavior [ RunTime:-0.005338s ]
INFO: [ view_parse ] --END-- [ RunTime:0.011766s ]
INFO: [ view_filter ] --START--
INFO: Run ContentReplace Behavior [ RunTime:-0.017133s ]
INFO: Run TokenBuild Behavior [ RunTime:-0.017746s ]
INFO: Run WriteHtmlCache Behavior [ RunTime:-0.018436s ]
INFO: Run ShowRuntime Behavior [ RunTime:-0.018979s ]
INFO: [ view_filter ] --END-- [ RunTime:0.002368s ]
INFO: [ view_end ] --START--
INFO: Run ShowPageTrace Behavior [ RunTime:-0.019581s ]
INFO: [ view_end ] --END-- [ RunTime:0.000645s ]

