[ 2022-09-26T13:10:47+08:00 ] 0.0.0.0 /pcn/index.php/Public/login?jumpUrl=/pcn/
INFO: [ route_check ] --START--
INFO: Run CheckRoute Behavior [ RunTime:0.001296s ]
INFO: [ route_check ] --END-- [ RunTime:0.001617s ]
NOTIC: [8192] preg_replace(): The /e modifier is deprecated, use preg_replace_callback instead D:\www\ThinkPHP\Lib\Core\Dispatcher.class.php 第 122 行.
INFO: [ app_begin ] --START--
INFO: Run ReadHtmlCache Behavior [ RunTime:-0.001030s ]
INFO: Run CheckLang Behavior [ RunTime:-0.001816s ]
INFO: [ app_begin ] --END-- [ RunTime:0.002260s ]
INFO: [ view_template ] --START--
INFO: Run LocationTemplate Behavior [ RunTime:-0.006076s ]
INFO: [ view_template ] --END-- [ RunTime:0.002269s ]
INFO: [ view_parse ] --START--
NOTIC: [8192] preg_replace(): The /e modifier is deprecated, use preg_replace_callback instead D:\www\ThinkPHP\Lib\Template\ThinkTemplate.class.php 第 161 行.
NOTIC: [8192] preg_replace(): The /e modifier is deprecated, use preg_replace_callback instead D:\www\ThinkPHP\Lib\Template\ThinkTemplate.class.php 第 372 行.
NOTIC: [8192] preg_replace(): The /e modifier is deprecated, use preg_replace_callback instead D:\www\ThinkPHP\Lib\Template\ThinkTemplate.class.php 第 372 行.
NOTIC: [8192] preg_replace(): The /e modifier is deprecated, use preg_replace_callback instead D:\www\ThinkPHP\Lib\Template\ThinkTemplate.class.php 第 372 行.
NOTIC: [8192] preg_replace(): The /e modifier is deprecated, use preg_replace_callback instead D:\www\ThinkPHP\Lib\Template\ThinkTemplate.class.php 第 372 行.
NOTIC: [8192] preg_replace(): The /e modifier is deprecated, use preg_replace_callback instead D:\www\ThinkPHP\Lib\Template\ThinkTemplate.class.php 第 372 行.
NOTIC: [8192] preg_replace(): The /e modifier is deprecated, use preg_replace_callback instead D:\www\ThinkPHP\Lib\Template\ThinkTemplate.class.php 第 372 行.
NOTIC: [8192] preg_replace(): The /e modifier is deprecated, use preg_replace_callback instead D:\www\ThinkPHP\Lib\Template\ThinkTemplate.class.php 第 372 行.
NOTIC: [8192] preg_replace(): The /e modifier is deprecated, use preg_replace_callback instead D:\www\ThinkPHP\Lib\Template\ThinkTemplate.class.php 第 372 行.
NOTIC: [8192] preg_replace(): The /e modifier is deprecated, use preg_replace_callback instead D:\www\ThinkPHP\Lib\Template\ThinkTemplate.class.php 第 372 行.
NOTIC: [8192] preg_replace(): The /e modifier is deprecated, use preg_replace_callback instead D:\www\ThinkPHP\Lib\Template\ThinkTemplate.class.php 第 372 行.
NOTIC: [8192] preg_replace(): The /e modifier is deprecated, use preg_replace_callback instead D:\www\ThinkPHP\Lib\Template\ThinkTemplate.class.php 第 372 行.
NOTIC: [8192] preg_replace(): The /e modifier is deprecated, use preg_replace_callback instead D:\www\ThinkPHP\Lib\Template\ThinkTemplate.class.php 第 372 行.
NOTIC: [8192] preg_replace(): The /e modifier is deprecated, use preg_replace_callback instead D:\www\ThinkPHP\Lib\Template\ThinkTemplate.class.php 第 361 行.
NOTIC: [8192] preg_replace(): The /e modifier is deprecated, use preg_replace_callback instead D:\www\ThinkPHP\Lib\Template\ThinkTemplate.class.php 第 361 行.
NOTIC: [8192] preg_replace(): The /e modifier is deprecated, use preg_replace_callback instead D:\www\ThinkPHP\Lib\Template\ThinkTemplate.class.php 第 372 行.
NOTIC: [8192] preg_replace(): The /e modifier is deprecated, use preg_replace_callback instead D:\www\ThinkPHP\Lib\Template\ThinkTemplate.class.php 第 372 行.
NOTIC: [8192] preg_replace(): The /e modifier is deprecated, use preg_replace_callback instead D:\www\ThinkPHP\Lib\Template\ThinkTemplate.class.php 第 372 行.
NOTIC: [8192] preg_replace(): The /e modifier is deprecated, use preg_replace_callback instead D:\www\ThinkPHP\Lib\Template\ThinkTemplate.class.php 第 361 行.
NOTIC: [8192] preg_replace(): The /e modifier is deprecated, use preg_replace_callback instead D:\www\ThinkPHP\Lib\Template\ThinkTemplate.class.php 第 372 行.
NOTIC: [8192] preg_replace(): The /e modifier is deprecated, use preg_replace_callback instead D:\www\ThinkPHP\Lib\Template\ThinkTemplate.class.php 第 372 行.
NOTIC: [8192] preg_replace(): The /e modifier is deprecated, use preg_replace_callback instead D:\www\ThinkPHP\Lib\Template\ThinkTemplate.class.php 第 372 行.
NOTIC: [8192] preg_replace(): The /e modifier is deprecated, use preg_replace_callback instead D:\www\ThinkPHP\Lib\Template\ThinkTemplate.class.php 第 372 行.
NOTIC: [8192] preg_replace(): The /e modifier is deprecated, use preg_replace_callback instead D:\www\ThinkPHP\Lib\Template\ThinkTemplate.class.php 第 372 行.
NOTIC: [8192] preg_replace(): The /e modifier is deprecated, use preg_replace_callback instead D:\www\ThinkPHP\Lib\Template\ThinkTemplate.class.php 第 372 行.
NOTIC: [8192] preg_replace(): The /e modifier is deprecated, use preg_replace_callback instead D:\www\ThinkPHP\Lib\Template\ThinkTemplate.class.php 第 372 行.
NOTIC: [8192] preg_replace(): The /e modifier is deprecated, use preg_replace_callback instead D:\www\ThinkPHP\Lib\Template\ThinkTemplate.class.php 第 372 行.
NOTIC: [8192] preg_replace(): The /e modifier is deprecated, use preg_replace_callback instead D:\www\ThinkPHP\Lib\Template\ThinkTemplate.class.php 第 372 行.
NOTIC: [8192] preg_replace(): The /e modifier is deprecated, use preg_replace_callback instead D:\www\ThinkPHP\Lib\Template\ThinkTemplate.class.php 第 372 行.
NOTIC: [8192] preg_replace(): The /e modifier is deprecated, use preg_replace_callback instead D:\www\ThinkPHP\Lib\Template\ThinkTemplate.class.php 第 372 行.
NOTIC: [8192] preg_replace(): The /e modifier is deprecated, use preg_replace_callback instead D:\www\ThinkPHP\Lib\Template\ThinkTemplate.class.php 第 372 行.
NOTIC: [8192] preg_replace(): The /e modifier is deprecated, use preg_replace_callback instead D:\www\ThinkPHP\Lib\Template\ThinkTemplate.class.php 第 372 行.
NOTIC: [8192] preg_replace(): The /e modifier is deprecated, use preg_replace_callback instead D:\www\ThinkPHP\Lib\Template\ThinkTemplate.class.php 第 372 行.
NOTIC: [8192] preg_replace(): The /e modifier is deprecated, use preg_replace_callback instead D:\www\ThinkPHP\Lib\Template\ThinkTemplate.class.php 第 372 行.
NOTIC: [8192] preg_replace(): The /e modifier is deprecated, use preg_replace_callback instead D:\www\ThinkPHP\Lib\Template\ThinkTemplate.class.php 第 372 行.
NOTIC: [8192] preg_replace(): The /e modifier is deprecated, use preg_replace_callback instead D:\www\ThinkPHP\Lib\Template\ThinkTemplate.class.php 第 372 行.
NOTIC: [8192] preg_replace(): The /e modifier is deprecated, use preg_replace_callback instead D:\www\ThinkPHP\Lib\Template\ThinkTemplate.class.php 第 372 行.
NOTIC: [8192] preg_replace(): The /e modifier is deprecated, use preg_replace_callback instead D:\www\ThinkPHP\Lib\Template\ThinkTemplate.class.php 第 372 行.
NOTIC: [8192] preg_replace(): The /e modifier is deprecated, use preg_replace_callback instead D:\www\ThinkPHP\Lib\Template\ThinkTemplate.class.php 第 372 行.
NOTIC: [8192] preg_replace(): The /e modifier is deprecated, use preg_replace_callback instead D:\www\ThinkPHP\Lib\Template\ThinkTemplate.class.php 第 372 行.
NOTIC: [8192] preg_replace(): The /e modifier is deprecated, use preg_replace_callback instead D:\www\ThinkPHP\Lib\Template\ThinkTemplate.class.php 第 372 行.
NOTIC: [8192] preg_replace(): The /e modifier is deprecated, use preg_replace_callback instead D:\www\ThinkPHP\Lib\Template\ThinkTemplate.class.php 第 372 行.
NOTIC: [8192] preg_replace(): The /e modifier is deprecated, use preg_replace_callback instead D:\www\ThinkPHP\Lib\Template\ThinkTemplate.class.php 第 372 行.
NOTIC: [8192] preg_replace(): The /e modifier is deprecated, use preg_replace_callback instead D:\www\ThinkPHP\Lib\Template\ThinkTemplate.class.php 第 372 行.
NOTIC: [8192] preg_replace(): The /e modifier is deprecated, use preg_replace_callback instead D:\www\ThinkPHP\Lib\Template\ThinkTemplate.class.php 第 372 行.
NOTIC: [8192] preg_replace(): The /e modifier is deprecated, use preg_replace_callback instead D:\www\ThinkPHP\Lib\Template\ThinkTemplate.class.php 第 372 行.
NOTIC: [8192] preg_replace(): The /e modifier is deprecated, use preg_replace_callback instead D:\www\ThinkPHP\Lib\Template\ThinkTemplate.class.php 第 372 行.
NOTIC: [8192] preg_replace(): The /e modifier is deprecated, use preg_replace_callback instead D:\www\ThinkPHP\Lib\Template\ThinkTemplate.class.php 第 372 行.
NOTIC: [8192] preg_replace(): The /e modifier is deprecated, use preg_replace_callback instead D:\www\ThinkPHP\Lib\Template\ThinkTemplate.class.php 第 372 行.
NOTIC: [8192] preg_replace(): The /e modifier is deprecated, use preg_replace_callback instead D:\www\ThinkPHP\Lib\Template\ThinkTemplate.class.php 第 372 行.
NOTIC: [8192] preg_replace(): The /e modifier is deprecated, use preg_replace_callback instead D:\www\ThinkPHP\Lib\Template\ThinkTemplate.class.php 第 372 行.
NOTIC: [8192] preg_replace(): The /e modifier is deprecated, use preg_replace_callback instead D:\www\ThinkPHP\Lib\Template\ThinkTemplate.class.php 第 372 行.
NOTIC: [8192] preg_replace(): The /e modifier is deprecated, use preg_replace_callback instead D:\www\ThinkPHP\Lib\Template\ThinkTemplate.class.php 第 372 行.
NOTIC: [8192] preg_replace(): The /e modifier is deprecated, use preg_replace_callback instead D:\www\ThinkPHP\Lib\Template\ThinkTemplate.class.php 第 372 行.
NOTIC: [8192] preg_replace(): The /e modifier is deprecated, use preg_replace_callback instead D:\www\ThinkPHP\Lib\Template\ThinkTemplate.class.php 第 372 行.
NOTIC: [8192] preg_replace(): The /e modifier is deprecated, use preg_replace_callback instead D:\www\ThinkPHP\Lib\Template\ThinkTemplate.class.php 第 372 行.
NOTIC: [8192] preg_replace(): The /e modifier is deprecated, use preg_replace_callback instead D:\www\ThinkPHP\Lib\Template\ThinkTemplate.class.php 第 372 行.
NOTIC: [8192] preg_replace(): The /e modifier is deprecated, use preg_replace_callback instead D:\www\ThinkPHP\Lib\Template\ThinkTemplate.class.php 第 372 行.
NOTIC: [8192] preg_replace(): The /e modifier is deprecated, use preg_replace_callback instead D:\www\ThinkPHP\Lib\Template\ThinkTemplate.class.php 第 372 行.
NOTIC: [8192] preg_replace(): The /e modifier is deprecated, use preg_replace_callback instead D:\www\ThinkPHP\Lib\Template\ThinkTemplate.class.php 第 372 行.
NOTIC: [8192] preg_replace(): The /e modifier is deprecated, use preg_replace_callback instead D:\www\ThinkPHP\Lib\Template\ThinkTemplate.class.php 第 372 行.
NOTIC: [8192] preg_replace(): The /e modifier is deprecated, use preg_replace_callback instead D:\www\ThinkPHP\Lib\Template\ThinkTemplate.class.php 第 372 行.
NOTIC: [8192] preg_replace(): The /e modifier is deprecated, use preg_replace_callback instead D:\www\ThinkPHP\Lib\Template\ThinkTemplate.class.php 第 372 行.
NOTIC: [8192] preg_replace(): The /e modifier is deprecated, use preg_replace_callback instead D:\www\ThinkPHP\Lib\Template\ThinkTemplate.class.php 第 372 行.
NOTIC: [8192] preg_replace(): The /e modifier is deprecated, use preg_replace_callback instead D:\www\ThinkPHP\Lib\Template\ThinkTemplate.class.php 第 372 行.
NOTIC: [8192] preg_replace(): The /e modifier is deprecated, use preg_replace_callback instead D:\www\ThinkPHP\Lib\Template\ThinkTemplate.class.php 第 372 行.
NOTIC: [8192] preg_replace(): The /e modifier is deprecated, use preg_replace_callback instead D:\www\ThinkPHP\Lib\Template\ThinkTemplate.class.php 第 372 行.
NOTIC: [8192] preg_replace(): The /e modifier is deprecated, use preg_replace_callback instead D:\www\ThinkPHP\Lib\Template\ThinkTemplate.class.php 第 372 行.
NOTIC: [8192] preg_replace(): The /e modifier is deprecated, use preg_replace_callback instead D:\www\ThinkPHP\Lib\Template\ThinkTemplate.class.php 第 372 行.
NOTIC: [8192] preg_replace(): The /e modifier is deprecated, use preg_replace_callback instead D:\www\ThinkPHP\Lib\Template\ThinkTemplate.class.php 第 372 行.
NOTIC: [8192] preg_replace(): The /e modifier is deprecated, use preg_replace_callback instead D:\www\ThinkPHP\Lib\Template\ThinkTemplate.class.php 第 372 行.
NOTIC: [8192] preg_replace(): The /e modifier is deprecated, use preg_replace_callback instead D:\www\ThinkPHP\Lib\Template\ThinkTemplate.class.php 第 372 行.
NOTIC: [8192] preg_replace(): The /e modifier is deprecated, use preg_replace_callback instead D:\www\ThinkPHP\Lib\Template\ThinkTemplate.class.php 第 372 行.
NOTIC: [8192] preg_replace(): The /e modifier is deprecated, use preg_replace_callback instead D:\www\ThinkPHP\Lib\Template\ThinkTemplate.class.php 第 372 行.
NOTIC: [8192] preg_replace(): The /e modifier is deprecated, use preg_replace_callback instead D:\www\ThinkPHP\Lib\Template\ThinkTemplate.class.php 第 372 行.
NOTIC: [8192] preg_replace(): The /e modifier is deprecated, use preg_replace_callback instead D:\www\ThinkPHP\Lib\Template\ThinkTemplate.class.php 第 372 行.
NOTIC: [8192] preg_replace(): The /e modifier is deprecated, use preg_replace_callback instead D:\www\ThinkPHP\Lib\Template\ThinkTemplate.class.php 第 372 行.
NOTIC: [8192] preg_replace(): The /e modifier is deprecated, use preg_replace_callback instead D:\www\ThinkPHP\Lib\Template\ThinkTemplate.class.php 第 372 行.
NOTIC: [8192] preg_replace(): The /e modifier is deprecated, use preg_replace_callback instead D:\www\ThinkPHP\Lib\Template\ThinkTemplate.class.php 第 372 行.
NOTIC: [8192] preg_replace(): The /e modifier is deprecated, use preg_replace_callback instead D:\www\ThinkPHP\Lib\Template\ThinkTemplate.class.php 第 372 行.
NOTIC: [8192] preg_replace(): The /e modifier is deprecated, use preg_replace_callback instead D:\www\ThinkPHP\Lib\Template\ThinkTemplate.class.php 第 372 行.
NOTIC: [8192] preg_replace(): The /e modifier is deprecated, use preg_replace_callback instead D:\www\ThinkPHP\Lib\Template\ThinkTemplate.class.php 第 372 行.
NOTIC: [8192] preg_replace(): The /e modifier is deprecated, use preg_replace_callback instead D:\www\ThinkPHP\Lib\Template\ThinkTemplate.class.php 第 372 行.
NOTIC: [8192] preg_replace(): The /e modifier is deprecated, use preg_replace_callback instead D:\www\ThinkPHP\Lib\Template\ThinkTemplate.class.php 第 372 行.
NOTIC: [8192] preg_replace(): The /e modifier is deprecated, use preg_replace_callback instead D:\www\ThinkPHP\Lib\Template\ThinkTemplate.class.php 第 372 行.
NOTIC: [8192] preg_replace(): The /e modifier is deprecated, use preg_replace_callback instead D:\www\ThinkPHP\Lib\Template\ThinkTemplate.class.php 第 361 行.
NOTIC: [8192] preg_replace(): The /e modifier is deprecated, use preg_replace_callback instead D:\www\ThinkPHP\Lib\Template\ThinkTemplate.class.php 第 361 行.
NOTIC: [8192] preg_replace(): The /e modifier is deprecated, use preg_replace_callback instead D:\www\ThinkPHP\Lib\Template\ThinkTemplate.class.php 第 361 行.
NOTIC: [8192] preg_replace(): The /e modifier is deprecated, use preg_replace_callback instead D:\www\ThinkPHP\Lib\Template\ThinkTemplate.class.php 第 361 行.
NOTIC: [8192] preg_replace(): The /e modifier is deprecated, use preg_replace_callback instead D:\www\ThinkPHP\Lib\Template\ThinkTemplate.class.php 第 361 行.
NOTIC: [8192] preg_replace(): The /e modifier is deprecated, use preg_replace_callback instead D:\www\ThinkPHP\Lib\Template\ThinkTemplate.class.php 第 361 行.
NOTIC: [8192] preg_replace(): The /e modifier is deprecated, use preg_replace_callback instead D:\www\ThinkPHP\Lib\Template\ThinkTemplate.class.php 第 372 行.
NOTIC: [8192] preg_replace(): The /e modifier is deprecated, use preg_replace_callback instead D:\www\ThinkPHP\Lib\Template\ThinkTemplate.class.php 第 372 行.
NOTIC: [8192] preg_replace(): The /e modifier is deprecated, use preg_replace_callback instead D:\www\ThinkPHP\Lib\Template\ThinkTemplate.class.php 第 372 行.
NOTIC: [8192] preg_replace(): The /e modifier is deprecated, use preg_replace_callback instead D:\www\ThinkPHP\Lib\Template\ThinkTemplate.class.php 第 195 行.
NOTIC: [8192] preg_replace(): The /e modifier is deprecated, use preg_replace_callback instead D:\www\ThinkPHP\Lib\Template\ThinkTemplate.class.php 第 125 行.
INFO: Run ParseTemplate Behavior [ RunTime:-0.008578s ]
INFO: [ view_parse ] --END-- [ RunTime:0.016262s ]
INFO: [ view_filter ] --START--
INFO: Run ContentReplace Behavior [ RunTime:-0.024905s ]
INFO: Run TokenBuild Behavior [ RunTime:-0.025691s ]
INFO: Run WriteHtmlCache Behavior [ RunTime:-0.026695s ]
INFO: Run ShowRuntime Behavior [ RunTime:-0.027337s ]
INFO: [ view_filter ] --END-- [ RunTime:0.003178s ]
INFO: [ view_end ] --START--
INFO: Run ShowPageTrace Behavior [ RunTime:-0.028174s ]
INFO: [ view_end ] --END-- [ RunTime:0.000863s ]

[ 2022-09-26T13:11:09+08:00 ] 0.0.0.0 /pcn/index.php/Public/checkLogin
INFO: [ route_check ] --START--
INFO: Run CheckRoute Behavior [ RunTime:0.000556s ]
INFO: [ route_check ] --END-- [ RunTime:0.000760s ]
NOTIC: [8192] preg_replace(): The /e modifier is deprecated, use preg_replace_callback instead D:\www\ThinkPHP\Lib\Core\Dispatcher.class.php 第 122 行.
INFO: [ app_begin ] --START--
INFO: Run ReadHtmlCache Behavior [ RunTime:-0.000322s ]
INFO: Run CheckLang Behavior [ RunTime:-0.000671s ]
INFO: [ app_begin ] --END-- [ RunTime:0.000914s ]
NOTIC: [8192] mysql_connect(): The mysql extension is deprecated and will be removed in the future: use mysqli or PDO instead D:\www\ThinkPHP\Lib\Driver\Db\DbMysql.class.php 第 55 行.
SQL: SHOW COLUMNS FROM `pcn_userrules` [ RunTime:0.002611s ]
NOTIC: [8] Undefined index: COMPUTERNAME D:\www\PCN\Lib\Action\PublicAction.class.php 第 44 行.
SQL: UPDATE `pcn_userrules` SET `local_ip`='10.120.40.190',`last_time`='2022-09-26 01:11:09' WHERE user_name='sheng.zhang' and status=1 [ RunTime:0.001900s ]
NOTIC: [8192] preg_replace(): The /e modifier is deprecated, use preg_replace_callback instead D:\www\ThinkPHP\Lib\Core\Db.class.php 第 572 行.
SQL: SELECT * FROM `pcn_userrules` WHERE user_name='sheng.zhang' and status=1 LIMIT 1   [ RunTime:0.000466s ]
INFO: [ view_template ] --START--
INFO: Run LocationTemplate Behavior [ RunTime:-0.273413s ]
INFO: [ view_template ] --END-- [ RunTime:0.000553s ]
INFO: [ view_parse ] --START--
NOTIC: [8192] preg_replace(): The /e modifier is deprecated, use preg_replace_callback instead D:\www\ThinkPHP\Lib\Template\ThinkTemplate.class.php 第 161 行.
NOTIC: [8192] preg_replace(): The /e modifier is deprecated, use preg_replace_callback instead D:\www\ThinkPHP\Lib\Template\ThinkTemplate.class.php 第 372 行.
NOTIC: [8192] preg_replace(): The /e modifier is deprecated, use preg_replace_callback instead D:\www\ThinkPHP\Lib\Template\ThinkTemplate.class.php 第 372 行.
NOTIC: [8192] preg_replace(): The /e modifier is deprecated, use preg_replace_callback instead D:\www\ThinkPHP\Lib\Template\ThinkTemplate.class.php 第 372 行.
NOTIC: [8192] preg_replace(): The /e modifier is deprecated, use preg_replace_callback instead D:\www\ThinkPHP\Lib\Template\ThinkTemplate.class.php 第 372 行.
NOTIC: [8192] preg_replace(): The /e modifier is deprecated, use preg_replace_callback instead D:\www\ThinkPHP\Lib\Template\ThinkTemplate.class.php 第 372 行.
NOTIC: [8192] preg_replace(): The /e modifier is deprecated, use preg_replace_callback instead D:\www\ThinkPHP\Lib\Template\ThinkTemplate.class.php 第 372 行.
NOTIC: [8192] preg_replace(): The /e modifier is deprecated, use preg_replace_callback instead D:\www\ThinkPHP\Lib\Template\ThinkTemplate.class.php 第 372 行.
NOTIC: [8192] preg_replace(): The /e modifier is deprecated, use preg_replace_callback instead D:\www\ThinkPHP\Lib\Template\ThinkTemplate.class.php 第 372 行.
NOTIC: [8192] preg_replace(): The /e modifier is deprecated, use preg_replace_callback instead D:\www\ThinkPHP\Lib\Template\ThinkTemplate.class.php 第 372 行.
NOTIC: [8192] preg_replace(): The /e modifier is deprecated, use preg_replace_callback instead D:\www\ThinkPHP\Lib\Template\ThinkTemplate.class.php 第 372 行.
NOTIC: [8192] preg_replace(): The /e modifier is deprecated, use preg_replace_callback instead D:\www\ThinkPHP\Lib\Template\ThinkTemplate.class.php 第 372 行.
NOTIC: [8192] preg_replace(): The /e modifier is deprecated, use preg_replace_callback instead D:\www\ThinkPHP\Lib\Template\ThinkTemplate.class.php 第 372 行.
NOTIC: [8192] preg_replace(): The /e modifier is deprecated, use preg_replace_callback instead D:\www\ThinkPHP\Lib\Template\ThinkTemplate.class.php 第 361 行.
NOTIC: [8192] preg_replace(): The /e modifier is deprecated, use preg_replace_callback instead D:\www\ThinkPHP\Lib\Template\ThinkTemplate.class.php 第 361 行.
NOTIC: [8192] preg_replace(): The /e modifier is deprecated, use preg_replace_callback instead D:\www\ThinkPHP\Lib\Template\ThinkTemplate.class.php 第 372 行.
NOTIC: [8192] preg_replace(): The /e modifier is deprecated, use preg_replace_callback instead D:\www\ThinkPHP\Lib\Template\ThinkTemplate.class.php 第 372 行.
NOTIC: [8192] preg_replace(): The /e modifier is deprecated, use preg_replace_callback instead D:\www\ThinkPHP\Lib\Template\ThinkTemplate.class.php 第 372 行.
NOTIC: [8192] preg_replace(): The /e modifier is deprecated, use preg_replace_callback instead D:\www\ThinkPHP\Lib\Template\ThinkTemplate.class.php 第 361 行.
NOTIC: [8192] preg_replace(): The /e modifier is deprecated, use preg_replace_callback instead D:\www\ThinkPHP\Lib\Template\ThinkTemplate.class.php 第 372 行.
NOTIC: [8192] preg_replace(): The /e modifier is deprecated, use preg_replace_callback instead D:\www\ThinkPHP\Lib\Template\ThinkTemplate.class.php 第 372 行.
NOTIC: [8192] preg_replace(): The /e modifier is deprecated, use preg_replace_callback instead D:\www\ThinkPHP\Lib\Template\ThinkTemplate.class.php 第 372 行.
NOTIC: [8192] preg_replace(): The /e modifier is deprecated, use preg_replace_callback instead D:\www\ThinkPHP\Lib\Template\ThinkTemplate.class.php 第 372 行.
NOTIC: [8192] preg_replace(): The /e modifier is deprecated, use preg_replace_callback instead D:\www\ThinkPHP\Lib\Template\ThinkTemplate.class.php 第 372 行.
NOTIC: [8192] preg_replace(): The /e modifier is deprecated, use preg_replace_callback instead D:\www\ThinkPHP\Lib\Template\ThinkTemplate.class.php 第 372 行.
NOTIC: [8192] preg_replace(): The /e modifier is deprecated, use preg_replace_callback instead D:\www\ThinkPHP\Lib\Template\ThinkTemplate.class.php 第 372 行.
NOTIC: [8192] preg_replace(): The /e modifier is deprecated, use preg_replace_callback instead D:\www\ThinkPHP\Lib\Template\ThinkTemplate.class.php 第 372 行.
NOTIC: [8192] preg_replace(): The /e modifier is deprecated, use preg_replace_callback instead D:\www\ThinkPHP\Lib\Template\ThinkTemplate.class.php 第 372 行.
NOTIC: [8192] preg_replace(): The /e modifier is deprecated, use preg_replace_callback instead D:\www\ThinkPHP\Lib\Template\ThinkTemplate.class.php 第 372 行.
NOTIC: [8192] preg_replace(): The /e modifier is deprecated, use preg_replace_callback instead D:\www\ThinkPHP\Lib\Template\ThinkTemplate.class.php 第 372 行.
NOTIC: [8192] preg_replace(): The /e modifier is deprecated, use preg_replace_callback instead D:\www\ThinkPHP\Lib\Template\ThinkTemplate.class.php 第 372 行.
NOTIC: [8192] preg_replace(): The /e modifier is deprecated, use preg_replace_callback instead D:\www\ThinkPHP\Lib\Template\ThinkTemplate.class.php 第 372 行.
NOTIC: [8192] preg_replace(): The /e modifier is deprecated, use preg_replace_callback instead D:\www\ThinkPHP\Lib\Template\ThinkTemplate.class.php 第 372 行.
NOTIC: [8192] preg_replace(): The /e modifier is deprecated, use preg_replace_callback instead D:\www\ThinkPHP\Lib\Template\ThinkTemplate.class.php 第 372 行.
NOTIC: [8192] preg_replace(): The /e modifier is deprecated, use preg_replace_callback instead D:\www\ThinkPHP\Lib\Template\ThinkTemplate.class.php 第 372 行.
NOTIC: [8192] preg_replace(): The /e modifier is deprecated, use preg_replace_callback instead D:\www\ThinkPHP\Lib\Template\ThinkTemplate.class.php 第 372 行.
NOTIC: [8192] preg_replace(): The /e modifier is deprecated, use preg_replace_callback instead D:\www\ThinkPHP\Lib\Template\ThinkTemplate.class.php 第 372 行.
NOTIC: [8192] preg_replace(): The /e modifier is deprecated, use preg_replace_callback instead D:\www\ThinkPHP\Lib\Template\ThinkTemplate.class.php 第 372 行.
NOTIC: [8192] preg_replace(): The /e modifier is deprecated, use preg_replace_callback instead D:\www\ThinkPHP\Lib\Template\ThinkTemplate.class.php 第 372 行.
NOTIC: [8192] preg_replace(): The /e modifier is deprecated, use preg_replace_callback instead D:\www\ThinkPHP\Lib\Template\ThinkTemplate.class.php 第 372 行.
NOTIC: [8192] preg_replace(): The /e modifier is deprecated, use preg_replace_callback instead D:\www\ThinkPHP\Lib\Template\ThinkTemplate.class.php 第 372 行.
NOTIC: [8192] preg_replace(): The /e modifier is deprecated, use preg_replace_callback instead D:\www\ThinkPHP\Lib\Template\ThinkTemplate.class.php 第 372 行.
NOTIC: [8192] preg_replace(): The /e modifier is deprecated, use preg_replace_callback instead D:\www\ThinkPHP\Lib\Template\ThinkTemplate.class.php 第 372 行.
NOTIC: [8192] preg_replace(): The /e modifier is deprecated, use preg_replace_callback instead D:\www\ThinkPHP\Lib\Template\ThinkTemplate.class.php 第 372 行.
NOTIC: [8192] preg_replace(): The /e modifier is deprecated, use preg_replace_callback instead D:\www\ThinkPHP\Lib\Template\ThinkTemplate.class.php 第 372 行.
NOTIC: [8192] preg_replace(): The /e modifier is deprecated, use preg_replace_callback instead D:\www\ThinkPHP\Lib\Template\ThinkTemplate.class.php 第 372 行.
NOTIC: [8192] preg_replace(): The /e modifier is deprecated, use preg_replace_callback instead D:\www\ThinkPHP\Lib\Template\ThinkTemplate.class.php 第 372 行.
NOTIC: [8192] preg_replace(): The /e modifier is deprecated, use preg_replace_callback instead D:\www\ThinkPHP\Lib\Template\ThinkTemplate.class.php 第 372 行.
NOTIC: [8192] preg_replace(): The /e modifier is deprecated, use preg_replace_callback instead D:\www\ThinkPHP\Lib\Template\ThinkTemplate.class.php 第 372 行.
NOTIC: [8192] preg_replace(): The /e modifier is deprecated, use preg_replace_callback instead D:\www\ThinkPHP\Lib\Template\ThinkTemplate.class.php 第 372 行.
NOTIC: [8192] preg_replace(): The /e modifier is deprecated, use preg_replace_callback instead D:\www\ThinkPHP\Lib\Template\ThinkTemplate.class.php 第 372 行.
NOTIC: [8192] preg_replace(): The /e modifier is deprecated, use preg_replace_callback instead D:\www\ThinkPHP\Lib\Template\ThinkTemplate.class.php 第 372 行.
NOTIC: [8192] preg_replace(): The /e modifier is deprecated, use preg_replace_callback instead D:\www\ThinkPHP\Lib\Template\ThinkTemplate.class.php 第 372 行.
NOTIC: [8192] preg_replace(): The /e modifier is deprecated, use preg_replace_callback instead D:\www\ThinkPHP\Lib\Template\ThinkTemplate.class.php 第 372 行.
NOTIC: [8192] preg_replace(): The /e modifier is deprecated, use preg_replace_callback instead D:\www\ThinkPHP\Lib\Template\ThinkTemplate.class.php 第 372 行.
NOTIC: [8192] preg_replace(): The /e modifier is deprecated, use preg_replace_callback instead D:\www\ThinkPHP\Lib\Template\ThinkTemplate.class.php 第 372 行.
NOTIC: [8192] preg_replace(): The /e modifier is deprecated, use preg_replace_callback instead D:\www\ThinkPHP\Lib\Template\ThinkTemplate.class.php 第 372 行.
NOTIC: [8192] preg_replace(): The /e modifier is deprecated, use preg_replace_callback instead D:\www\ThinkPHP\Lib\Template\ThinkTemplate.class.php 第 372 行.
NOTIC: [8192] preg_replace(): The /e modifier is deprecated, use preg_replace_callback instead D:\www\ThinkPHP\Lib\Template\ThinkTemplate.class.php 第 372 行.
NOTIC: [8192] preg_replace(): The /e modifier is deprecated, use preg_replace_callback instead D:\www\ThinkPHP\Lib\Template\ThinkTemplate.class.php 第 372 行.
NOTIC: [8192] preg_replace(): The /e modifier is deprecated, use preg_replace_callback instead D:\www\ThinkPHP\Lib\Template\ThinkTemplate.class.php 第 372 行.
NOTIC: [8192] preg_replace(): The /e modifier is deprecated, use preg_replace_callback instead D:\www\ThinkPHP\Lib\Template\ThinkTemplate.class.php 第 372 行.
NOTIC: [8192] preg_replace(): The /e modifier is deprecated, use preg_replace_callback instead D:\www\ThinkPHP\Lib\Template\ThinkTemplate.class.php 第 372 行.
NOTIC: [8192] preg_replace(): The /e modifier is deprecated, use preg_replace_callback instead D:\www\ThinkPHP\Lib\Template\ThinkTemplate.class.php 第 372 行.
NOTIC: [8192] preg_replace(): The /e modifier is deprecated, use preg_replace_callback instead D:\www\ThinkPHP\Lib\Template\ThinkTemplate.class.php 第 372 行.
NOTIC: [8192] preg_replace(): The /e modifier is deprecated, use preg_replace_callback instead D:\www\ThinkPHP\Lib\Template\ThinkTemplate.class.php 第 372 行.
NOTIC: [8192] preg_replace(): The /e modifier is deprecated, use preg_replace_callback instead D:\www\ThinkPHP\Lib\Template\ThinkTemplate.class.php 第 372 行.
NOTIC: [8192] preg_replace(): The /e modifier is deprecated, use preg_replace_callback instead D:\www\ThinkPHP\Lib\Template\ThinkTemplate.class.php 第 372 行.
NOTIC: [8192] preg_replace(): The /e modifier is deprecated, use preg_replace_callback instead D:\www\ThinkPHP\Lib\Template\ThinkTemplate.class.php 第 372 行.
NOTIC: [8192] preg_replace(): The /e modifier is deprecated, use preg_replace_callback instead D:\www\ThinkPHP\Lib\Template\ThinkTemplate.class.php 第 372 行.
NOTIC: [8192] preg_replace(): The /e modifier is deprecated, use preg_replace_callback instead D:\www\ThinkPHP\Lib\Template\ThinkTemplate.class.php 第 372 行.
NOTIC: [8192] preg_replace(): The /e modifier is deprecated, use preg_replace_callback instead D:\www\ThinkPHP\Lib\Template\ThinkTemplate.class.php 第 372 行.
NOTIC: [8192] preg_replace(): The /e modifier is deprecated, use preg_replace_callback instead D:\www\ThinkPHP\Lib\Template\ThinkTemplate.class.php 第 372 行.
NOTIC: [8192] preg_replace(): The /e modifier is deprecated, use preg_replace_callback instead D:\www\ThinkPHP\Lib\Template\ThinkTemplate.class.php 第 372 行.
NOTIC: [8192] preg_replace(): The /e modifier is deprecated, use preg_replace_callback instead D:\www\ThinkPHP\Lib\Template\ThinkTemplate.class.php 第 372 行.
NOTIC: [8192] preg_replace(): The /e modifier is deprecated, use preg_replace_callback instead D:\www\ThinkPHP\Lib\Template\ThinkTemplate.class.php 第 372 行.
NOTIC: [8192] preg_replace(): The /e modifier is deprecated, use preg_replace_callback instead D:\www\ThinkPHP\Lib\Template\ThinkTemplate.class.php 第 372 行.
NOTIC: [8192] preg_replace(): The /e modifier is deprecated, use preg_replace_callback instead D:\www\ThinkPHP\Lib\Template\ThinkTemplate.class.php 第 372 行.
NOTIC: [8192] preg_replace(): The /e modifier is deprecated, use preg_replace_callback instead D:\www\ThinkPHP\Lib\Template\ThinkTemplate.class.php 第 372 行.
NOTIC: [8192] preg_replace(): The /e modifier is deprecated, use preg_replace_callback instead D:\www\ThinkPHP\Lib\Template\ThinkTemplate.class.php 第 372 行.
NOTIC: [8192] preg_replace(): The /e modifier is deprecated, use preg_replace_callback instead D:\www\ThinkPHP\Lib\Template\ThinkTemplate.class.php 第 372 行.
NOTIC: [8192] preg_replace(): The /e modifier is deprecated, use preg_replace_callback instead D:\www\ThinkPHP\Lib\Template\ThinkTemplate.class.php 第 372 行.
NOTIC: [8192] preg_replace(): The /e modifier is deprecated, use preg_replace_callback instead D:\www\ThinkPHP\Lib\Template\ThinkTemplate.class.php 第 372 行.
NOTIC: [8192] preg_replace(): The /e modifier is deprecated, use preg_replace_callback instead D:\www\ThinkPHP\Lib\Template\ThinkTemplate.class.php 第 372 行.
NOTIC: [8192] preg_replace(): The /e modifier is deprecated, use preg_replace_callback instead D:\www\ThinkPHP\Lib\Template\ThinkTemplate.class.php 第 372 行.
NOTIC: [8192] preg_replace(): The /e modifier is deprecated, use preg_replace_callback instead D:\www\ThinkPHP\Lib\Template\ThinkTemplate.class.php 第 361 行.
NOTIC: [8192] preg_replace(): The /e modifier is deprecated, use preg_replace_callback instead D:\www\ThinkPHP\Lib\Template\ThinkTemplate.class.php 第 361 行.
NOTIC: [8192] preg_replace(): The /e modifier is deprecated, use preg_replace_callback instead D:\www\ThinkPHP\Lib\Template\ThinkTemplate.class.php 第 361 行.
NOTIC: [8192] preg_replace(): The /e modifier is deprecated, use preg_replace_callback instead D:\www\ThinkPHP\Lib\Template\ThinkTemplate.class.php 第 361 行.
NOTIC: [8192] preg_replace(): The /e modifier is deprecated, use preg_replace_callback instead D:\www\ThinkPHP\Lib\Template\ThinkTemplate.class.php 第 361 行.
NOTIC: [8192] preg_replace(): The /e modifier is deprecated, use preg_replace_callback instead D:\www\ThinkPHP\Lib\Template\ThinkTemplate.class.php 第 361 行.
NOTIC: [8192] preg_replace(): The /e modifier is deprecated, use preg_replace_callback instead D:\www\ThinkPHP\Lib\Template\ThinkTemplate.class.php 第 372 行.
NOTIC: [8192] preg_replace(): The /e modifier is deprecated, use preg_replace_callback instead D:\www\ThinkPHP\Lib\Template\ThinkTemplate.class.php 第 372 行.
NOTIC: [8192] preg_replace(): The /e modifier is deprecated, use preg_replace_callback instead D:\www\ThinkPHP\Lib\Template\ThinkTemplate.class.php 第 372 行.
NOTIC: [8192] preg_replace(): The /e modifier is deprecated, use preg_replace_callback instead D:\www\ThinkPHP\Lib\Template\ThinkTemplate.class.php 第 195 行.
NOTIC: [8192] preg_replace(): The /e modifier is deprecated, use preg_replace_callback instead D:\www\ThinkPHP\Lib\Template\ThinkTemplate.class.php 第 125 行.
INFO: Run ParseTemplate Behavior [ RunTime:-0.274061s ]
INFO: [ view_parse ] --END-- [ RunTime:0.004884s ]
INFO: [ view_filter ] --START--
INFO: Run ContentReplace Behavior [ RunTime:-0.279101s ]
INFO: Run TokenBuild Behavior [ RunTime:-0.279381s ]
INFO: Run WriteHtmlCache Behavior [ RunTime:-0.279626s ]
INFO: Run ShowRuntime Behavior [ RunTime:-0.279820s ]
INFO: [ view_filter ] --END-- [ RunTime:0.001096s ]
INFO: [ view_end ] --START--
INFO: Run ShowPageTrace Behavior [ RunTime:-0.280247s ]
INFO: [ view_end ] --END-- [ RunTime:0.000387s ]

[ 2022-09-26T13:11:10+08:00 ] 0.0.0.0 /pcn/index.php/Index/index
INFO: [ route_check ] --START--
INFO: Run CheckRoute Behavior [ RunTime:0.000330s ]
INFO: [ route_check ] --END-- [ RunTime:0.000469s ]
NOTIC: [8192] preg_replace(): The /e modifier is deprecated, use preg_replace_callback instead D:\www\ThinkPHP\Lib\Core\Dispatcher.class.php 第 122 行.
INFO: [ app_begin ] --START--
INFO: Run ReadHtmlCache Behavior [ RunTime:-0.000256s ]
INFO: Run CheckLang Behavior [ RunTime:-0.000519s ]
INFO: [ app_begin ] --END-- [ RunTime:0.000722s ]
INFO: [ view_template ] --START--
INFO: Run LocationTemplate Behavior [ RunTime:-0.003362s ]
INFO: [ view_template ] --END-- [ RunTime:0.001240s ]
INFO: [ view_parse ] --START--
NOTIC: [8192] preg_replace(): The /e modifier is deprecated, use preg_replace_callback instead D:\www\ThinkPHP\Lib\Template\ThinkTemplate.class.php 第 161 行.
NOTIC: [8192] preg_replace(): The /e modifier is deprecated, use preg_replace_callback instead D:\www\ThinkPHP\Lib\Template\ThinkTemplate.class.php 第 372 行.
NOTIC: [8192] preg_replace(): The /e modifier is deprecated, use preg_replace_callback instead D:\www\ThinkPHP\Lib\Template\ThinkTemplate.class.php 第 372 行.
NOTIC: [8192] preg_replace(): The /e modifier is deprecated, use preg_replace_callback instead D:\www\ThinkPHP\Lib\Template\ThinkTemplate.class.php 第 372 行.
NOTIC: [8192] preg_replace(): The /e modifier is deprecated, use preg_replace_callback instead D:\www\ThinkPHP\Lib\Template\ThinkTemplate.class.php 第 372 行.
NOTIC: [8192] preg_replace(): The /e modifier is deprecated, use preg_replace_callback instead D:\www\ThinkPHP\Lib\Template\ThinkTemplate.class.php 第 372 行.
NOTIC: [8192] preg_replace(): The /e modifier is deprecated, use preg_replace_callback instead D:\www\ThinkPHP\Lib\Template\ThinkTemplate.class.php 第 372 行.
NOTIC: [8192] preg_replace(): The /e modifier is deprecated, use preg_replace_callback instead D:\www\ThinkPHP\Lib\Template\ThinkTemplate.class.php 第 372 行.
NOTIC: [8192] preg_replace(): The /e modifier is deprecated, use preg_replace_callback instead D:\www\ThinkPHP\Lib\Template\ThinkTemplate.class.php 第 372 行.
NOTIC: [8192] preg_replace(): The /e modifier is deprecated, use preg_replace_callback instead D:\www\ThinkPHP\Lib\Template\ThinkTemplate.class.php 第 372 行.
NOTIC: [8192] preg_replace(): The /e modifier is deprecated, use preg_replace_callback instead D:\www\ThinkPHP\Lib\Template\ThinkTemplate.class.php 第 372 行.
NOTIC: [8192] preg_replace(): The /e modifier is deprecated, use preg_replace_callback instead D:\www\ThinkPHP\Lib\Template\ThinkTemplate.class.php 第 372 行.
NOTIC: [8192] preg_replace(): The /e modifier is deprecated, use preg_replace_callback instead D:\www\ThinkPHP\Lib\Template\ThinkTemplate.class.php 第 372 行.
NOTIC: [8192] preg_replace(): The /e modifier is deprecated, use preg_replace_callback instead D:\www\ThinkPHP\Lib\Template\ThinkTemplate.class.php 第 361 行.
NOTIC: [8192] preg_replace(): The /e modifier is deprecated, use preg_replace_callback instead D:\www\ThinkPHP\Lib\Template\ThinkTemplate.class.php 第 361 行.
NOTIC: [8192] preg_replace(): The /e modifier is deprecated, use preg_replace_callback instead D:\www\ThinkPHP\Lib\Template\ThinkTemplate.class.php 第 372 行.
NOTIC: [8192] preg_replace(): The /e modifier is deprecated, use preg_replace_callback instead D:\www\ThinkPHP\Lib\Template\ThinkTemplate.class.php 第 372 行.
NOTIC: [8192] preg_replace(): The /e modifier is deprecated, use preg_replace_callback instead D:\www\ThinkPHP\Lib\Template\ThinkTemplate.class.php 第 372 行.
NOTIC: [8192] preg_replace(): The /e modifier is deprecated, use preg_replace_callback instead D:\www\ThinkPHP\Lib\Template\ThinkTemplate.class.php 第 361 行.
NOTIC: [8192] preg_replace(): The /e modifier is deprecated, use preg_replace_callback instead D:\www\ThinkPHP\Lib\Template\ThinkTemplate.class.php 第 372 行.
NOTIC: [8192] preg_replace(): The /e modifier is deprecated, use preg_replace_callback instead D:\www\ThinkPHP\Lib\Template\ThinkTemplate.class.php 第 372 行.
NOTIC: [8192] preg_replace(): The /e modifier is deprecated, use preg_replace_callback instead D:\www\ThinkPHP\Lib\Template\ThinkTemplate.class.php 第 372 行.
NOTIC: [8192] preg_replace(): The /e modifier is deprecated, use preg_replace_callback instead D:\www\ThinkPHP\Lib\Template\ThinkTemplate.class.php 第 372 行.
NOTIC: [8192] preg_replace(): The /e modifier is deprecated, use preg_replace_callback instead D:\www\ThinkPHP\Lib\Template\ThinkTemplate.class.php 第 372 行.
NOTIC: [8192] preg_replace(): The /e modifier is deprecated, use preg_replace_callback instead D:\www\ThinkPHP\Lib\Template\ThinkTemplate.class.php 第 372 行.
NOTIC: [8192] preg_replace(): The /e modifier is deprecated, use preg_replace_callback instead D:\www\ThinkPHP\Lib\Template\ThinkTemplate.class.php 第 372 行.
NOTIC: [8192] preg_replace(): The /e modifier is deprecated, use preg_replace_callback instead D:\www\ThinkPHP\Lib\Template\ThinkTemplate.class.php 第 372 行.
NOTIC: [8192] preg_replace(): The /e modifier is deprecated, use preg_replace_callback instead D:\www\ThinkPHP\Lib\Template\ThinkTemplate.class.php 第 372 行.
NOTIC: [8192] preg_replace(): The /e modifier is deprecated, use preg_replace_callback instead D:\www\ThinkPHP\Lib\Template\ThinkTemplate.class.php 第 372 行.
NOTIC: [8192] preg_replace(): The /e modifier is deprecated, use preg_replace_callback instead D:\www\ThinkPHP\Lib\Template\ThinkTemplate.class.php 第 372 行.
NOTIC: [8192] preg_replace(): The /e modifier is deprecated, use preg_replace_callback instead D:\www\ThinkPHP\Lib\Template\ThinkTemplate.class.php 第 372 行.
NOTIC: [8192] preg_replace(): The /e modifier is deprecated, use preg_replace_callback instead D:\www\ThinkPHP\Lib\Template\ThinkTemplate.class.php 第 372 行.
NOTIC: [8192] preg_replace(): The /e modifier is deprecated, use preg_replace_callback instead D:\www\ThinkPHP\Lib\Template\ThinkTemplate.class.php 第 372 行.
NOTIC: [8192] preg_replace(): The /e modifier is deprecated, use preg_replace_callback instead D:\www\ThinkPHP\Lib\Template\ThinkTemplate.class.php 第 372 行.
NOTIC: [8192] preg_replace(): The /e modifier is deprecated, use preg_replace_callback instead D:\www\ThinkPHP\Lib\Template\ThinkTemplate.class.php 第 372 行.
NOTIC: [8192] preg_replace(): The /e modifier is deprecated, use preg_replace_callback instead D:\www\ThinkPHP\Lib\Template\ThinkTemplate.class.php 第 372 行.
NOTIC: [8192] preg_replace(): The /e modifier is deprecated, use preg_replace_callback instead D:\www\ThinkPHP\Lib\Template\ThinkTemplate.class.php 第 372 行.
NOTIC: [8192] preg_replace(): The /e modifier is deprecated, use preg_replace_callback instead D:\www\ThinkPHP\Lib\Template\ThinkTemplate.class.php 第 372 行.
NOTIC: [8192] preg_replace(): The /e modifier is deprecated, use preg_replace_callback instead D:\www\ThinkPHP\Lib\Template\ThinkTemplate.class.php 第 372 行.
NOTIC: [8192] preg_replace(): The /e modifier is deprecated, use preg_replace_callback instead D:\www\ThinkPHP\Lib\Template\ThinkTemplate.class.php 第 372 行.
NOTIC: [8192] preg_replace(): The /e modifier is deprecated, use preg_replace_callback instead D:\www\ThinkPHP\Lib\Template\ThinkTemplate.class.php 第 372 行.
NOTIC: [8192] preg_replace(): The /e modifier is deprecated, use preg_replace_callback instead D:\www\ThinkPHP\Lib\Template\ThinkTemplate.class.php 第 372 行.
NOTIC: [8192] preg_replace(): The /e modifier is deprecated, use preg_replace_callback instead D:\www\ThinkPHP\Lib\Template\ThinkTemplate.class.php 第 372 行.
NOTIC: [8192] preg_replace(): The /e modifier is deprecated, use preg_replace_callback instead D:\www\ThinkPHP\Lib\Template\ThinkTemplate.class.php 第 372 行.
NOTIC: [8192] preg_replace(): The /e modifier is deprecated, use preg_replace_callback instead D:\www\ThinkPHP\Lib\Template\ThinkTemplate.class.php 第 372 行.
NOTIC: [8192] preg_replace(): The /e modifier is deprecated, use preg_replace_callback instead D:\www\ThinkPHP\Lib\Template\ThinkTemplate.class.php 第 372 行.
NOTIC: [8192] preg_replace(): The /e modifier is deprecated, use preg_replace_callback instead D:\www\ThinkPHP\Lib\Template\ThinkTemplate.class.php 第 372 行.
NOTIC: [8192] preg_replace(): The /e modifier is deprecated, use preg_replace_callback instead D:\www\ThinkPHP\Lib\Template\ThinkTemplate.class.php 第 372 行.
NOTIC: [8192] preg_replace(): The /e modifier is deprecated, use preg_replace_callback instead D:\www\ThinkPHP\Lib\Template\ThinkTemplate.class.php 第 372 行.
NOTIC: [8192] preg_replace(): The /e modifier is deprecated, use preg_replace_callback instead D:\www\ThinkPHP\Lib\Template\ThinkTemplate.class.php 第 372 行.
NOTIC: [8192] preg_replace(): The /e modifier is deprecated, use preg_replace_callback instead D:\www\ThinkPHP\Lib\Template\ThinkTemplate.class.php 第 372 行.
NOTIC: [8192] preg_replace(): The /e modifier is deprecated, use preg_replace_callback instead D:\www\ThinkPHP\Lib\Template\ThinkTemplate.class.php 第 372 行.
NOTIC: [8192] preg_replace(): The /e modifier is deprecated, use preg_replace_callback instead D:\www\ThinkPHP\Lib\Template\ThinkTemplate.class.php 第 372 行.
NOTIC: [8192] preg_replace(): The /e modifier is deprecated, use preg_replace_callback instead D:\www\ThinkPHP\Lib\Template\ThinkTemplate.class.php 第 372 行.
NOTIC: [8192] preg_replace(): The /e modifier is deprecated, use preg_replace_callback instead D:\www\ThinkPHP\Lib\Template\ThinkTemplate.class.php 第 372 行.
NOTIC: [8192] preg_replace(): The /e modifier is deprecated, use preg_replace_callback instead D:\www\ThinkPHP\Lib\Template\ThinkTemplate.class.php 第 372 行.
NOTIC: [8192] preg_replace(): The /e modifier is deprecated, use preg_replace_callback instead D:\www\ThinkPHP\Lib\Template\ThinkTemplate.class.php 第 372 行.
NOTIC: [8192] preg_replace(): The /e modifier is deprecated, use preg_replace_callback instead D:\www\ThinkPHP\Lib\Template\ThinkTemplate.class.php 第 372 行.
NOTIC: [8192] preg_replace(): The /e modifier is deprecated, use preg_replace_callback instead D:\www\ThinkPHP\Lib\Template\ThinkTemplate.class.php 第 372 行.
NOTIC: [8192] preg_replace(): The /e modifier is deprecated, use preg_replace_callback instead D:\www\ThinkPHP\Lib\Template\ThinkTemplate.class.php 第 372 行.
NOTIC: [8192] preg_replace(): The /e modifier is deprecated, use preg_replace_callback instead D:\www\ThinkPHP\Lib\Template\ThinkTemplate.class.php 第 372 行.
NOTIC: [8192] preg_replace(): The /e modifier is deprecated, use preg_replace_callback instead D:\www\ThinkPHP\Lib\Template\ThinkTemplate.class.php 第 372 行.
NOTIC: [8192] preg_replace(): The /e modifier is deprecated, use preg_replace_callback instead D:\www\ThinkPHP\Lib\Template\ThinkTemplate.class.php 第 372 行.
NOTIC: [8192] preg_replace(): The /e modifier is deprecated, use preg_replace_callback instead D:\www\ThinkPHP\Lib\Template\ThinkTemplate.class.php 第 372 行.
NOTIC: [8192] preg_replace(): The /e modifier is deprecated, use preg_replace_callback instead D:\www\ThinkPHP\Lib\Template\ThinkTemplate.class.php 第 372 行.
NOTIC: [8192] preg_replace(): The /e modifier is deprecated, use preg_replace_callback instead D:\www\ThinkPHP\Lib\Template\ThinkTemplate.class.php 第 372 行.
NOTIC: [8192] preg_replace(): The /e modifier is deprecated, use preg_replace_callback instead D:\www\ThinkPHP\Lib\Template\ThinkTemplate.class.php 第 372 行.
NOTIC: [8192] preg_replace(): The /e modifier is deprecated, use preg_replace_callback instead D:\www\ThinkPHP\Lib\Template\ThinkTemplate.class.php 第 372 行.
NOTIC: [8192] preg_replace(): The /e modifier is deprecated, use preg_replace_callback instead D:\www\ThinkPHP\Lib\Template\ThinkTemplate.class.php 第 372 行.
NOTIC: [8192] preg_replace(): The /e modifier is deprecated, use preg_replace_callback instead D:\www\ThinkPHP\Lib\Template\ThinkTemplate.class.php 第 372 行.
NOTIC: [8192] preg_replace(): The /e modifier is deprecated, use preg_replace_callback instead D:\www\ThinkPHP\Lib\Template\ThinkTemplate.class.php 第 372 行.
NOTIC: [8192] preg_replace(): The /e modifier is deprecated, use preg_replace_callback instead D:\www\ThinkPHP\Lib\Template\ThinkTemplate.class.php 第 372 行.
NOTIC: [8192] preg_replace(): The /e modifier is deprecated, use preg_replace_callback instead D:\www\ThinkPHP\Lib\Template\ThinkTemplate.class.php 第 372 行.
NOTIC: [8192] preg_replace(): The /e modifier is deprecated, use preg_replace_callback instead D:\www\ThinkPHP\Lib\Template\ThinkTemplate.class.php 第 372 行.
NOTIC: [8192] preg_replace(): The /e modifier is deprecated, use preg_replace_callback instead D:\www\ThinkPHP\Lib\Template\ThinkTemplate.class.php 第 372 行.
NOTIC: [8192] preg_replace(): The /e modifier is deprecated, use preg_replace_callback instead D:\www\ThinkPHP\Lib\Template\ThinkTemplate.class.php 第 372 行.
NOTIC: [8192] preg_replace(): The /e modifier is deprecated, use preg_replace_callback instead D:\www\ThinkPHP\Lib\Template\ThinkTemplate.class.php 第 372 行.
NOTIC: [8192] preg_replace(): The /e modifier is deprecated, use preg_replace_callback instead D:\www\ThinkPHP\Lib\Template\ThinkTemplate.class.php 第 372 行.
NOTIC: [8192] preg_replace(): The /e modifier is deprecated, use preg_replace_callback instead D:\www\ThinkPHP\Lib\Template\ThinkTemplate.class.php 第 372 行.
NOTIC: [8192] preg_replace(): The /e modifier is deprecated, use preg_replace_callback instead D:\www\ThinkPHP\Lib\Template\ThinkTemplate.class.php 第 372 行.
NOTIC: [8192] preg_replace(): The /e modifier is deprecated, use preg_replace_callback instead D:\www\ThinkPHP\Lib\Template\ThinkTemplate.class.php 第 372 行.
NOTIC: [8192] preg_replace(): The /e modifier is deprecated, use preg_replace_callback instead D:\www\ThinkPHP\Lib\Template\ThinkTemplate.class.php 第 372 行.
NOTIC: [8192] preg_replace(): The /e modifier is deprecated, use preg_replace_callback instead D:\www\ThinkPHP\Lib\Template\ThinkTemplate.class.php 第 372 行.
NOTIC: [8192] preg_replace(): The /e modifier is deprecated, use preg_replace_callback instead D:\www\ThinkPHP\Lib\Template\ThinkTemplate.class.php 第 372 行.
NOTIC: [8192] preg_replace(): The /e modifier is deprecated, use preg_replace_callback instead D:\www\ThinkPHP\Lib\Template\ThinkTemplate.class.php 第 372 行.
NOTIC: [8192] preg_replace(): The /e modifier is deprecated, use preg_replace_callback instead D:\www\ThinkPHP\Lib\Template\ThinkTemplate.class.php 第 361 行.
NOTIC: [8192] preg_replace(): The /e modifier is deprecated, use preg_replace_callback instead D:\www\ThinkPHP\Lib\Template\ThinkTemplate.class.php 第 361 行.
NOTIC: [8192] preg_replace(): The /e modifier is deprecated, use preg_replace_callback instead D:\www\ThinkPHP\Lib\Template\ThinkTemplate.class.php 第 361 行.
NOTIC: [8192] preg_replace(): The /e modifier is deprecated, use preg_replace_callback instead D:\www\ThinkPHP\Lib\Template\ThinkTemplate.class.php 第 361 行.
NOTIC: [8192] preg_replace(): The /e modifier is deprecated, use preg_replace_callback instead D:\www\ThinkPHP\Lib\Template\ThinkTemplate.class.php 第 361 行.
NOTIC: [8192] preg_replace(): The /e modifier is deprecated, use preg_replace_callback instead D:\www\ThinkPHP\Lib\Template\ThinkTemplate.class.php 第 361 行.
NOTIC: [8192] preg_replace(): The /e modifier is deprecated, use preg_replace_callback instead D:\www\ThinkPHP\Lib\Template\ThinkTemplate.class.php 第 372 行.
NOTIC: [8192] preg_replace(): The /e modifier is deprecated, use preg_replace_callback instead D:\www\ThinkPHP\Lib\Template\ThinkTemplate.class.php 第 372 行.
NOTIC: [8192] preg_replace(): The /e modifier is deprecated, use preg_replace_callback instead D:\www\ThinkPHP\Lib\Template\ThinkTemplate.class.php 第 372 行.
NOTIC: [8192] preg_replace(): The /e modifier is deprecated, use preg_replace_callback instead D:\www\ThinkPHP\Lib\Template\ThinkTemplate.class.php 第 195 行.
NOTIC: [8192] preg_replace(): The /e modifier is deprecated, use preg_replace_callback instead D:\www\ThinkPHP\Lib\Template\ThinkTemplate.class.php 第 125 行.
INFO: Run ParseTemplate Behavior [ RunTime:-0.004673s ]
INFO: [ view_parse ] --END-- [ RunTime:0.018070s ]
INFO: [ view_filter ] --START--
INFO: Run ContentReplace Behavior [ RunTime:-0.022815s ]
INFO: Run TokenBuild Behavior [ RunTime:-0.023189s ]
INFO: Run WriteHtmlCache Behavior [ RunTime:-0.023515s ]
INFO: Run ShowRuntime Behavior [ RunTime:-0.023707s ]
INFO: [ view_filter ] --END-- [ RunTime:0.001212s ]
INFO: [ view_end ] --START--
INFO: Run ShowPageTrace Behavior [ RunTime:-0.024125s ]
INFO: [ view_end ] --END-- [ RunTime:0.000447s ]

[ 2022-09-26T13:11:10+08:00 ] 0.0.0.0 /pcn/index.php/Index/getData?limit=10&offset=0&search=&_=1664169070557
INFO: [ route_check ] --START--
INFO: Run CheckRoute Behavior [ RunTime:0.001031s ]
INFO: [ route_check ] --END-- [ RunTime:0.001463s ]
NOTIC: [8192] preg_replace(): The /e modifier is deprecated, use preg_replace_callback instead D:\www\ThinkPHP\Lib\Core\Dispatcher.class.php 第 122 行.
INFO: [ app_begin ] --START--
INFO: Run ReadHtmlCache Behavior [ RunTime:-0.000535s ]
INFO: Run CheckLang Behavior [ RunTime:-0.001180s ]
INFO: [ app_begin ] --END-- [ RunTime:0.004799s ]
NOTIC: [8192] mysql_connect(): The mysql extension is deprecated and will be removed in the future: use mysqli or PDO instead D:\www\ThinkPHP\Lib\Driver\Db\DbMysql.class.php 第 55 行.
SQL: SHOW COLUMNS FROM `pcn_main` [ RunTime:0.004167s ]
NOTIC: [8192] preg_replace(): The /e modifier is deprecated, use preg_replace_callback instead D:\www\ThinkPHP\Lib\Core\Db.class.php 第 572 行.
SQL: SELECT COUNT(*) AS tp_count FROM `pcn_main` WHERE internal_pn like '%%' ||pcn_no like '%%'  LIMIT 1   [ RunTime:0.010764s ]
NOTIC: [8192] preg_replace(): The /e modifier is deprecated, use preg_replace_callback instead D:\www\ThinkPHP\Lib\Core\Db.class.php 第 572 行.
SQL: SELECT * FROM `pcn_main` WHERE internal_pn like '%%' ||pcn_no like '%%'  ORDER BY id desc LIMIT 0,10   [ RunTime:0.002069s ]

[ 2022-09-26T13:12:28+08:00 ] 0.0.0.0 /pcn/index.php/Public/login?jumpUrl=/pcn/
INFO: [ route_check ] --START--
INFO: Run CheckRoute Behavior [ RunTime:0.000813s ]
INFO: [ route_check ] --END-- [ RunTime:0.001226s ]
NOTIC: [8192] preg_replace(): The /e modifier is deprecated, use preg_replace_callback instead D:\www\ThinkPHP\Lib\Core\Dispatcher.class.php 第 122 行.
INFO: [ app_begin ] --START--
INFO: Run ReadHtmlCache Behavior [ RunTime:-0.000526s ]
INFO: Run CheckLang Behavior [ RunTime:-0.001051s ]
INFO: [ app_begin ] --END-- [ RunTime:0.001438s ]
INFO: [ view_template ] --START--
INFO: Run LocationTemplate Behavior [ RunTime:-0.002859s ]
INFO: [ view_template ] --END-- [ RunTime:0.000534s ]
INFO: [ view_parse ] --START--
NOTIC: [8192] preg_replace(): The /e modifier is deprecated, use preg_replace_callback instead D:\www\ThinkPHP\Lib\Template\ThinkTemplate.class.php 第 161 行.
NOTIC: [8192] preg_replace(): The /e modifier is deprecated, use preg_replace_callback instead D:\www\ThinkPHP\Lib\Template\ThinkTemplate.class.php 第 372 行.
NOTIC: [8192] preg_replace(): The /e modifier is deprecated, use preg_replace_callback instead D:\www\ThinkPHP\Lib\Template\ThinkTemplate.class.php 第 372 行.
NOTIC: [8192] preg_replace(): The /e modifier is deprecated, use preg_replace_callback instead D:\www\ThinkPHP\Lib\Template\ThinkTemplate.class.php 第 372 行.
NOTIC: [8192] preg_replace(): The /e modifier is deprecated, use preg_replace_callback instead D:\www\ThinkPHP\Lib\Template\ThinkTemplate.class.php 第 372 行.
NOTIC: [8192] preg_replace(): The /e modifier is deprecated, use preg_replace_callback instead D:\www\ThinkPHP\Lib\Template\ThinkTemplate.class.php 第 372 行.
NOTIC: [8192] preg_replace(): The /e modifier is deprecated, use preg_replace_callback instead D:\www\ThinkPHP\Lib\Template\ThinkTemplate.class.php 第 372 行.
NOTIC: [8192] preg_replace(): The /e modifier is deprecated, use preg_replace_callback instead D:\www\ThinkPHP\Lib\Template\ThinkTemplate.class.php 第 372 行.
NOTIC: [8192] preg_replace(): The /e modifier is deprecated, use preg_replace_callback instead D:\www\ThinkPHP\Lib\Template\ThinkTemplate.class.php 第 372 行.
NOTIC: [8192] preg_replace(): The /e modifier is deprecated, use preg_replace_callback instead D:\www\ThinkPHP\Lib\Template\ThinkTemplate.class.php 第 372 行.
NOTIC: [8192] preg_replace(): The /e modifier is deprecated, use preg_replace_callback instead D:\www\ThinkPHP\Lib\Template\ThinkTemplate.class.php 第 372 行.
NOTIC: [8192] preg_replace(): The /e modifier is deprecated, use preg_replace_callback instead D:\www\ThinkPHP\Lib\Template\ThinkTemplate.class.php 第 372 行.
NOTIC: [8192] preg_replace(): The /e modifier is deprecated, use preg_replace_callback instead D:\www\ThinkPHP\Lib\Template\ThinkTemplate.class.php 第 372 行.
NOTIC: [8192] preg_replace(): The /e modifier is deprecated, use preg_replace_callback instead D:\www\ThinkPHP\Lib\Template\ThinkTemplate.class.php 第 361 行.
NOTIC: [8192] preg_replace(): The /e modifier is deprecated, use preg_replace_callback instead D:\www\ThinkPHP\Lib\Template\ThinkTemplate.class.php 第 361 行.
NOTIC: [8192] preg_replace(): The /e modifier is deprecated, use preg_replace_callback instead D:\www\ThinkPHP\Lib\Template\ThinkTemplate.class.php 第 372 行.
NOTIC: [8192] preg_replace(): The /e modifier is deprecated, use preg_replace_callback instead D:\www\ThinkPHP\Lib\Template\ThinkTemplate.class.php 第 372 行.
NOTIC: [8192] preg_replace(): The /e modifier is deprecated, use preg_replace_callback instead D:\www\ThinkPHP\Lib\Template\ThinkTemplate.class.php 第 372 行.
NOTIC: [8192] preg_replace(): The /e modifier is deprecated, use preg_replace_callback instead D:\www\ThinkPHP\Lib\Template\ThinkTemplate.class.php 第 361 行.
NOTIC: [8192] preg_replace(): The /e modifier is deprecated, use preg_replace_callback instead D:\www\ThinkPHP\Lib\Template\ThinkTemplate.class.php 第 372 行.
NOTIC: [8192] preg_replace(): The /e modifier is deprecated, use preg_replace_callback instead D:\www\ThinkPHP\Lib\Template\ThinkTemplate.class.php 第 372 行.
NOTIC: [8192] preg_replace(): The /e modifier is deprecated, use preg_replace_callback instead D:\www\ThinkPHP\Lib\Template\ThinkTemplate.class.php 第 372 行.
NOTIC: [8192] preg_replace(): The /e modifier is deprecated, use preg_replace_callback instead D:\www\ThinkPHP\Lib\Template\ThinkTemplate.class.php 第 372 行.
NOTIC: [8192] preg_replace(): The /e modifier is deprecated, use preg_replace_callback instead D:\www\ThinkPHP\Lib\Template\ThinkTemplate.class.php 第 372 行.
NOTIC: [8192] preg_replace(): The /e modifier is deprecated, use preg_replace_callback instead D:\www\ThinkPHP\Lib\Template\ThinkTemplate.class.php 第 372 行.
NOTIC: [8192] preg_replace(): The /e modifier is deprecated, use preg_replace_callback instead D:\www\ThinkPHP\Lib\Template\ThinkTemplate.class.php 第 372 行.
NOTIC: [8192] preg_replace(): The /e modifier is deprecated, use preg_replace_callback instead D:\www\ThinkPHP\Lib\Template\ThinkTemplate.class.php 第 372 行.
NOTIC: [8192] preg_replace(): The /e modifier is deprecated, use preg_replace_callback instead D:\www\ThinkPHP\Lib\Template\ThinkTemplate.class.php 第 372 行.
NOTIC: [8192] preg_replace(): The /e modifier is deprecated, use preg_replace_callback instead D:\www\ThinkPHP\Lib\Template\ThinkTemplate.class.php 第 372 行.
NOTIC: [8192] preg_replace(): The /e modifier is deprecated, use preg_replace_callback instead D:\www\ThinkPHP\Lib\Template\ThinkTemplate.class.php 第 372 行.
NOTIC: [8192] preg_replace(): The /e modifier is deprecated, use preg_replace_callback instead D:\www\ThinkPHP\Lib\Template\ThinkTemplate.class.php 第 372 行.
NOTIC: [8192] preg_replace(): The /e modifier is deprecated, use preg_replace_callback instead D:\www\ThinkPHP\Lib\Template\ThinkTemplate.class.php 第 372 行.
NOTIC: [8192] preg_replace(): The /e modifier is deprecated, use preg_replace_callback instead D:\www\ThinkPHP\Lib\Template\ThinkTemplate.class.php 第 372 行.
NOTIC: [8192] preg_replace(): The /e modifier is deprecated, use preg_replace_callback instead D:\www\ThinkPHP\Lib\Template\ThinkTemplate.class.php 第 372 行.
NOTIC: [8192] preg_replace(): The /e modifier is deprecated, use preg_replace_callback instead D:\www\ThinkPHP\Lib\Template\ThinkTemplate.class.php 第 372 行.
NOTIC: [8192] preg_replace(): The /e modifier is deprecated, use preg_replace_callback instead D:\www\ThinkPHP\Lib\Template\ThinkTemplate.class.php 第 372 行.
NOTIC: [8192] preg_replace(): The /e modifier is deprecated, use preg_replace_callback instead D:\www\ThinkPHP\Lib\Template\ThinkTemplate.class.php 第 372 行.
NOTIC: [8192] preg_replace(): The /e modifier is deprecated, use preg_replace_callback instead D:\www\ThinkPHP\Lib\Template\ThinkTemplate.class.php 第 372 行.
NOTIC: [8192] preg_replace(): The /e modifier is deprecated, use preg_replace_callback instead D:\www\ThinkPHP\Lib\Template\ThinkTemplate.class.php 第 372 行.
NOTIC: [8192] preg_replace(): The /e modifier is deprecated, use preg_replace_callback instead D:\www\ThinkPHP\Lib\Template\ThinkTemplate.class.php 第 372 行.
NOTIC: [8192] preg_replace(): The /e modifier is deprecated, use preg_replace_callback instead D:\www\ThinkPHP\Lib\Template\ThinkTemplate.class.php 第 372 行.
NOTIC: [8192] preg_replace(): The /e modifier is deprecated, use preg_replace_callback instead D:\www\ThinkPHP\Lib\Template\ThinkTemplate.class.php 第 372 行.
NOTIC: [8192] preg_replace(): The /e modifier is deprecated, use preg_replace_callback instead D:\www\ThinkPHP\Lib\Template\ThinkTemplate.class.php 第 372 行.
NOTIC: [8192] preg_replace(): The /e modifier is deprecated, use preg_replace_callback instead D:\www\ThinkPHP\Lib\Template\ThinkTemplate.class.php 第 372 行.
NOTIC: [8192] preg_replace(): The /e modifier is deprecated, use preg_replace_callback instead D:\www\ThinkPHP\Lib\Template\ThinkTemplate.class.php 第 372 行.
NOTIC: [8192] preg_replace(): The /e modifier is deprecated, use preg_replace_callback instead D:\www\ThinkPHP\Lib\Template\ThinkTemplate.class.php 第 372 行.
NOTIC: [8192] preg_replace(): The /e modifier is deprecated, use preg_replace_callback instead D:\www\ThinkPHP\Lib\Template\ThinkTemplate.class.php 第 372 行.
NOTIC: [8192] preg_replace(): The /e modifier is deprecated, use preg_replace_callback instead D:\www\ThinkPHP\Lib\Template\ThinkTemplate.class.php 第 372 行.
NOTIC: [8192] preg_replace(): The /e modifier is deprecated, use preg_replace_callback instead D:\www\ThinkPHP\Lib\Template\ThinkTemplate.class.php 第 372 行.
NOTIC: [8192] preg_replace(): The /e modifier is deprecated, use preg_replace_callback instead D:\www\ThinkPHP\Lib\Template\ThinkTemplate.class.php 第 372 行.
NOTIC: [8192] preg_replace(): The /e modifier is deprecated, use preg_replace_callback instead D:\www\ThinkPHP\Lib\Template\ThinkTemplate.class.php 第 372 行.
NOTIC: [8192] preg_replace(): The /e modifier is deprecated, use preg_replace_callback instead D:\www\ThinkPHP\Lib\Template\ThinkTemplate.class.php 第 372 行.
NOTIC: [8192] preg_replace(): The /e modifier is deprecated, use preg_replace_callback instead D:\www\ThinkPHP\Lib\Template\ThinkTemplate.class.php 第 372 行.
NOTIC: [8192] preg_replace(): The /e modifier is deprecated, use preg_replace_callback instead D:\www\ThinkPHP\Lib\Template\ThinkTemplate.class.php 第 372 行.
NOTIC: [8192] preg_replace(): The /e modifier is deprecated, use preg_replace_callback instead D:\www\ThinkPHP\Lib\Template\ThinkTemplate.class.php 第 372 行.
NOTIC: [8192] preg_replace(): The /e modifier is deprecated, use preg_replace_callback instead D:\www\ThinkPHP\Lib\Template\ThinkTemplate.class.php 第 372 行.
NOTIC: [8192] preg_replace(): The /e modifier is deprecated, use preg_replace_callback instead D:\www\ThinkPHP\Lib\Template\ThinkTemplate.class.php 第 372 行.
NOTIC: [8192] preg_replace(): The /e modifier is deprecated, use preg_replace_callback instead D:\www\ThinkPHP\Lib\Template\ThinkTemplate.class.php 第 372 行.
NOTIC: [8192] preg_replace(): The /e modifier is deprecated, use preg_replace_callback instead D:\www\ThinkPHP\Lib\Template\ThinkTemplate.class.php 第 372 行.
NOTIC: [8192] preg_replace(): The /e modifier is deprecated, use preg_replace_callback instead D:\www\ThinkPHP\Lib\Template\ThinkTemplate.class.php 第 372 行.
NOTIC: [8192] preg_replace(): The /e modifier is deprecated, use preg_replace_callback instead D:\www\ThinkPHP\Lib\Template\ThinkTemplate.class.php 第 372 行.
NOTIC: [8192] preg_replace(): The /e modifier is deprecated, use preg_replace_callback instead D:\www\ThinkPHP\Lib\Template\ThinkTemplate.class.php 第 372 行.
NOTIC: [8192] preg_replace(): The /e modifier is deprecated, use preg_replace_callback instead D:\www\ThinkPHP\Lib\Template\ThinkTemplate.class.php 第 372 行.
NOTIC: [8192] preg_replace(): The /e modifier is deprecated, use preg_replace_callback instead D:\www\ThinkPHP\Lib\Template\ThinkTemplate.class.php 第 372 行.
NOTIC: [8192] preg_replace(): The /e modifier is deprecated, use preg_replace_callback instead D:\www\ThinkPHP\Lib\Template\ThinkTemplate.class.php 第 372 行.
NOTIC: [8192] preg_replace(): The /e modifier is deprecated, use preg_replace_callback instead D:\www\ThinkPHP\Lib\Template\ThinkTemplate.class.php 第 372 行.
NOTIC: [8192] preg_replace(): The /e modifier is deprecated, use preg_replace_callback instead D:\www\ThinkPHP\Lib\Template\ThinkTemplate.class.php 第 372 行.
NOTIC: [8192] preg_replace(): The /e modifier is deprecated, use preg_replace_callback instead D:\www\ThinkPHP\Lib\Template\ThinkTemplate.class.php 第 372 行.
NOTIC: [8192] preg_replace(): The /e modifier is deprecated, use preg_replace_callback instead D:\www\ThinkPHP\Lib\Template\ThinkTemplate.class.php 第 372 行.
NOTIC: [8192] preg_replace(): The /e modifier is deprecated, use preg_replace_callback instead D:\www\ThinkPHP\Lib\Template\ThinkTemplate.class.php 第 372 行.
NOTIC: [8192] preg_replace(): The /e modifier is deprecated, use preg_replace_callback instead D:\www\ThinkPHP\Lib\Template\ThinkTemplate.class.php 第 372 行.
NOTIC: [8192] preg_replace(): The /e modifier is deprecated, use preg_replace_callback instead D:\www\ThinkPHP\Lib\Template\ThinkTemplate.class.php 第 372 行.
NOTIC: [8192] preg_replace(): The /e modifier is deprecated, use preg_replace_callback instead D:\www\ThinkPHP\Lib\Template\ThinkTemplate.class.php 第 372 行.
NOTIC: [8192] preg_replace(): The /e modifier is deprecated, use preg_replace_callback instead D:\www\ThinkPHP\Lib\Template\ThinkTemplate.class.php 第 372 行.
NOTIC: [8192] preg_replace(): The /e modifier is deprecated, use preg_replace_callback instead D:\www\ThinkPHP\Lib\Template\ThinkTemplate.class.php 第 372 行.
NOTIC: [8192] preg_replace(): The /e modifier is deprecated, use preg_replace_callback instead D:\www\ThinkPHP\Lib\Template\ThinkTemplate.class.php 第 372 行.
NOTIC: [8192] preg_replace(): The /e modifier is deprecated, use preg_replace_callback instead D:\www\ThinkPHP\Lib\Template\ThinkTemplate.class.php 第 372 行.
NOTIC: [8192] preg_replace(): The /e modifier is deprecated, use preg_replace_callback instead D:\www\ThinkPHP\Lib\Template\ThinkTemplate.class.php 第 372 行.
NOTIC: [8192] preg_replace(): The /e modifier is deprecated, use preg_replace_callback instead D:\www\ThinkPHP\Lib\Template\ThinkTemplate.class.php 第 372 行.
NOTIC: [8192] preg_replace(): The /e modifier is deprecated, use preg_replace_callback instead D:\www\ThinkPHP\Lib\Template\ThinkTemplate.class.php 第 372 行.
NOTIC: [8192] preg_replace(): The /e modifier is deprecated, use preg_replace_callback instead D:\www\ThinkPHP\Lib\Template\ThinkTemplate.class.php 第 372 行.
NOTIC: [8192] preg_replace(): The /e modifier is deprecated, use preg_replace_callback instead D:\www\ThinkPHP\Lib\Template\ThinkTemplate.class.php 第 372 行.
NOTIC: [8192] preg_replace(): The /e modifier is deprecated, use preg_replace_callback instead D:\www\ThinkPHP\Lib\Template\ThinkTemplate.class.php 第 372 行.
NOTIC: [8192] preg_replace(): The /e modifier is deprecated, use preg_replace_callback instead D:\www\ThinkPHP\Lib\Template\ThinkTemplate.class.php 第 372 行.
NOTIC: [8192] preg_replace(): The /e modifier is deprecated, use preg_replace_callback instead D:\www\ThinkPHP\Lib\Template\ThinkTemplate.class.php 第 372 行.
NOTIC: [8192] preg_replace(): The /e modifier is deprecated, use preg_replace_callback instead D:\www\ThinkPHP\Lib\Template\ThinkTemplate.class.php 第 361 行.
NOTIC: [8192] preg_replace(): The /e modifier is deprecated, use preg_replace_callback instead D:\www\ThinkPHP\Lib\Template\ThinkTemplate.class.php 第 361 行.
NOTIC: [8192] preg_replace(): The /e modifier is deprecated, use preg_replace_callback instead D:\www\ThinkPHP\Lib\Template\ThinkTemplate.class.php 第 361 行.
NOTIC: [8192] preg_replace(): The /e modifier is deprecated, use preg_replace_callback instead D:\www\ThinkPHP\Lib\Template\ThinkTemplate.class.php 第 361 行.
NOTIC: [8192] preg_replace(): The /e modifier is deprecated, use preg_replace_callback instead D:\www\ThinkPHP\Lib\Template\ThinkTemplate.class.php 第 361 行.
NOTIC: [8192] preg_replace(): The /e modifier is deprecated, use preg_replace_callback instead D:\www\ThinkPHP\Lib\Template\ThinkTemplate.class.php 第 361 行.
NOTIC: [8192] preg_replace(): The /e modifier is deprecated, use preg_replace_callback instead D:\www\ThinkPHP\Lib\Template\ThinkTemplate.class.php 第 372 行.
NOTIC: [8192] preg_replace(): The /e modifier is deprecated, use preg_replace_callback instead D:\www\ThinkPHP\Lib\Template\ThinkTemplate.class.php 第 372 行.
NOTIC: [8192] preg_replace(): The /e modifier is deprecated, use preg_replace_callback instead D:\www\ThinkPHP\Lib\Template\ThinkTemplate.class.php 第 372 行.
NOTIC: [8192] preg_replace(): The /e modifier is deprecated, use preg_replace_callback instead D:\www\ThinkPHP\Lib\Template\ThinkTemplate.class.php 第 195 行.
NOTIC: [8192] preg_replace(): The /e modifier is deprecated, use preg_replace_callback instead D:\www\ThinkPHP\Lib\Template\ThinkTemplate.class.php 第 125 行.
INFO: Run ParseTemplate Behavior [ RunTime:-0.003502s ]
INFO: [ view_parse ] --END-- [ RunTime:0.005815s ]
INFO: [ view_filter ] --START--
INFO: Run ContentReplace Behavior [ RunTime:-0.009456s ]
INFO: Run TokenBuild Behavior [ RunTime:-0.010023s ]
INFO: Run WriteHtmlCache Behavior [ RunTime:-0.010831s ]
INFO: Run ShowRuntime Behavior [ RunTime:-0.011162s ]
INFO: [ view_filter ] --END-- [ RunTime:0.002584s ]
INFO: [ view_end ] --START--
INFO: Run ShowPageTrace Behavior [ RunTime:-0.012381s ]
INFO: [ view_end ] --END-- [ RunTime:0.001051s ]

