[ 2022-04-25T09:02:17+08:00 ] 0.0.0.0 /pcn/index.php/Public/login?jumpUrl=/pcn/
INFO: [ route_check ] --START--
INFO: Run CheckRoute Behavior [ RunTime:0.001172s ]
INFO: [ route_check ] --END-- [ RunTime:0.001809s ]
NOTIC: [8192] preg_replace(): The /e modifier is deprecated, use preg_replace_callback instead D:\www\ThinkPHP\Lib\Core\Dispatcher.class.php 第 122 行.
INFO: [ app_begin ] --START--
INFO: Run ReadHtmlCache Behavior [ RunTime:-0.001254s ]
INFO: Run CheckLang Behavior [ RunTime:-0.002078s ]
INFO: [ app_begin ] --END-- [ RunTime:0.004038s ]
INFO: [ view_template ] --START--
INFO: Run LocationTemplate Behavior [ RunTime:-0.008367s ]
INFO: [ view_template ] --END-- [ RunTime:0.000984s ]
INFO: [ view_parse ] --START--
NOTIC: [8192] preg_replace(): The /e modifier is deprecated, use preg_replace_callback instead D:\www\ThinkPHP\Lib\Template\ThinkTemplate.class.php 第 161 行.
NOTIC: [8192] preg_replace(): The /e modifier is deprecated, use preg_replace_callback instead D:\www\ThinkPHP\Lib\Template\ThinkTemplate.class.php 第 372 行.
NOTIC: [8192] preg_replace(): The /e modifier is deprecated, use preg_replace_callback instead D:\www\ThinkPHP\Lib\Template\ThinkTemplate.class.php 第 372 行.
NOTIC: [8192] preg_replace(): The /e modifier is deprecated, use preg_replace_callback instead D:\www\ThinkPHP\Lib\Template\ThinkTemplate.class.php 第 372 行.
NOTIC: [8192] preg_replace(): The /e modifier is deprecated, use preg_replace_callback instead D:\www\ThinkPHP\Lib\Template\ThinkTemplate.class.php 第 372 行.
NOTIC: [8192] preg_replace(): The /e modifier is deprecated, use preg_replace_callback instead D:\www\ThinkPHP\Lib\Template\ThinkTemplate.class.php 第 372 行.
NOTIC: [8192] preg_replace(): The /e modifier is deprecated, use preg_replace_callback instead D:\www\ThinkPHP\Lib\Template\ThinkTemplate.class.php 第 372 行.
NOTIC: [8192] preg_replace(): The /e modifier is deprecated, use preg_replace_callback instead D:\www\ThinkPHP\Lib\Template\ThinkTemplate.class.php 第 372 行.
NOTIC: [8192] preg_replace(): The /e modifier is deprecated, use preg_replace_callback instead D:\www\ThinkPHP\Lib\Template\ThinkTemplate.class.php 第 372 行.
NOTIC: [8192] preg_replace(): The /e modifier is deprecated, use preg_replace_callback instead D:\www\ThinkPHP\Lib\Template\ThinkTemplate.class.php 第 372 行.
NOTIC: [8192] preg_replace(): The /e modifier is deprecated, use preg_replace_callback instead D:\www\ThinkPHP\Lib\Template\ThinkTemplate.class.php 第 372 行.
NOTIC: [8192] preg_replace(): The /e modifier is deprecated, use preg_replace_callback instead D:\www\ThinkPHP\Lib\Template\ThinkTemplate.class.php 第 372 行.
NOTIC: [8192] preg_replace(): The /e modifier is deprecated, use preg_replace_callback instead D:\www\ThinkPHP\Lib\Template\ThinkTemplate.class.php 第 372 行.
NOTIC: [8192] preg_replace(): The /e modifier is deprecated, use preg_replace_callback instead D:\www\ThinkPHP\Lib\Template\ThinkTemplate.class.php 第 361 行.
NOTIC: [8192] preg_replace(): The /e modifier is deprecated, use preg_replace_callback instead D:\www\ThinkPHP\Lib\Template\ThinkTemplate.class.php 第 361 行.
NOTIC: [8192] preg_replace(): The /e modifier is deprecated, use preg_replace_callback instead D:\www\ThinkPHP\Lib\Template\ThinkTemplate.class.php 第 372 行.
NOTIC: [8192] preg_replace(): The /e modifier is deprecated, use preg_replace_callback instead D:\www\ThinkPHP\Lib\Template\ThinkTemplate.class.php 第 372 行.
NOTIC: [8192] preg_replace(): The /e modifier is deprecated, use preg_replace_callback instead D:\www\ThinkPHP\Lib\Template\ThinkTemplate.class.php 第 372 行.
NOTIC: [8192] preg_replace(): The /e modifier is deprecated, use preg_replace_callback instead D:\www\ThinkPHP\Lib\Template\ThinkTemplate.class.php 第 361 行.
NOTIC: [8192] preg_replace(): The /e modifier is deprecated, use preg_replace_callback instead D:\www\ThinkPHP\Lib\Template\ThinkTemplate.class.php 第 372 行.
NOTIC: [8192] preg_replace(): The /e modifier is deprecated, use preg_replace_callback instead D:\www\ThinkPHP\Lib\Template\ThinkTemplate.class.php 第 372 行.
NOTIC: [8192] preg_replace(): The /e modifier is deprecated, use preg_replace_callback instead D:\www\ThinkPHP\Lib\Template\ThinkTemplate.class.php 第 372 行.
NOTIC: [8192] preg_replace(): The /e modifier is deprecated, use preg_replace_callback instead D:\www\ThinkPHP\Lib\Template\ThinkTemplate.class.php 第 372 行.
NOTIC: [8192] preg_replace(): The /e modifier is deprecated, use preg_replace_callback instead D:\www\ThinkPHP\Lib\Template\ThinkTemplate.class.php 第 372 行.
NOTIC: [8192] preg_replace(): The /e modifier is deprecated, use preg_replace_callback instead D:\www\ThinkPHP\Lib\Template\ThinkTemplate.class.php 第 372 行.
NOTIC: [8192] preg_replace(): The /e modifier is deprecated, use preg_replace_callback instead D:\www\ThinkPHP\Lib\Template\ThinkTemplate.class.php 第 372 行.
NOTIC: [8192] preg_replace(): The /e modifier is deprecated, use preg_replace_callback instead D:\www\ThinkPHP\Lib\Template\ThinkTemplate.class.php 第 372 行.
NOTIC: [8192] preg_replace(): The /e modifier is deprecated, use preg_replace_callback instead D:\www\ThinkPHP\Lib\Template\ThinkTemplate.class.php 第 372 行.
NOTIC: [8192] preg_replace(): The /e modifier is deprecated, use preg_replace_callback instead D:\www\ThinkPHP\Lib\Template\ThinkTemplate.class.php 第 372 行.
NOTIC: [8192] preg_replace(): The /e modifier is deprecated, use preg_replace_callback instead D:\www\ThinkPHP\Lib\Template\ThinkTemplate.class.php 第 372 行.
NOTIC: [8192] preg_replace(): The /e modifier is deprecated, use preg_replace_callback instead D:\www\ThinkPHP\Lib\Template\ThinkTemplate.class.php 第 372 行.
NOTIC: [8192] preg_replace(): The /e modifier is deprecated, use preg_replace_callback instead D:\www\ThinkPHP\Lib\Template\ThinkTemplate.class.php 第 372 行.
NOTIC: [8192] preg_replace(): The /e modifier is deprecated, use preg_replace_callback instead D:\www\ThinkPHP\Lib\Template\ThinkTemplate.class.php 第 372 行.
NOTIC: [8192] preg_replace(): The /e modifier is deprecated, use preg_replace_callback instead D:\www\ThinkPHP\Lib\Template\ThinkTemplate.class.php 第 372 行.
NOTIC: [8192] preg_replace(): The /e modifier is deprecated, use preg_replace_callback instead D:\www\ThinkPHP\Lib\Template\ThinkTemplate.class.php 第 372 行.
NOTIC: [8192] preg_replace(): The /e modifier is deprecated, use preg_replace_callback instead D:\www\ThinkPHP\Lib\Template\ThinkTemplate.class.php 第 372 行.
NOTIC: [8192] preg_replace(): The /e modifier is deprecated, use preg_replace_callback instead D:\www\ThinkPHP\Lib\Template\ThinkTemplate.class.php 第 372 行.
NOTIC: [8192] preg_replace(): The /e modifier is deprecated, use preg_replace_callback instead D:\www\ThinkPHP\Lib\Template\ThinkTemplate.class.php 第 372 行.
NOTIC: [8192] preg_replace(): The /e modifier is deprecated, use preg_replace_callback instead D:\www\ThinkPHP\Lib\Template\ThinkTemplate.class.php 第 372 行.
NOTIC: [8192] preg_replace(): The /e modifier is deprecated, use preg_replace_callback instead D:\www\ThinkPHP\Lib\Template\ThinkTemplate.class.php 第 372 行.
NOTIC: [8192] preg_replace(): The /e modifier is deprecated, use preg_replace_callback instead D:\www\ThinkPHP\Lib\Template\ThinkTemplate.class.php 第 372 行.
NOTIC: [8192] preg_replace(): The /e modifier is deprecated, use preg_replace_callback instead D:\www\ThinkPHP\Lib\Template\ThinkTemplate.class.php 第 372 行.
NOTIC: [8192] preg_replace(): The /e modifier is deprecated, use preg_replace_callback instead D:\www\ThinkPHP\Lib\Template\ThinkTemplate.class.php 第 372 行.
NOTIC: [8192] preg_replace(): The /e modifier is deprecated, use preg_replace_callback instead D:\www\ThinkPHP\Lib\Template\ThinkTemplate.class.php 第 372 行.
NOTIC: [8192] preg_replace(): The /e modifier is deprecated, use preg_replace_callback instead D:\www\ThinkPHP\Lib\Template\ThinkTemplate.class.php 第 372 行.
NOTIC: [8192] preg_replace(): The /e modifier is deprecated, use preg_replace_callback instead D:\www\ThinkPHP\Lib\Template\ThinkTemplate.class.php 第 372 行.
NOTIC: [8192] preg_replace(): The /e modifier is deprecated, use preg_replace_callback instead D:\www\ThinkPHP\Lib\Template\ThinkTemplate.class.php 第 372 行.
NOTIC: [8192] preg_replace(): The /e modifier is deprecated, use preg_replace_callback instead D:\www\ThinkPHP\Lib\Template\ThinkTemplate.class.php 第 372 行.
NOTIC: [8192] preg_replace(): The /e modifier is deprecated, use preg_replace_callback instead D:\www\ThinkPHP\Lib\Template\ThinkTemplate.class.php 第 372 行.
NOTIC: [8192] preg_replace(): The /e modifier is deprecated, use preg_replace_callback instead D:\www\ThinkPHP\Lib\Template\ThinkTemplate.class.php 第 372 行.
NOTIC: [8192] preg_replace(): The /e modifier is deprecated, use preg_replace_callback instead D:\www\ThinkPHP\Lib\Template\ThinkTemplate.class.php 第 372 行.
NOTIC: [8192] preg_replace(): The /e modifier is deprecated, use preg_replace_callback instead D:\www\ThinkPHP\Lib\Template\ThinkTemplate.class.php 第 372 行.
NOTIC: [8192] preg_replace(): The /e modifier is deprecated, use preg_replace_callback instead D:\www\ThinkPHP\Lib\Template\ThinkTemplate.class.php 第 372 行.
NOTIC: [8192] preg_replace(): The /e modifier is deprecated, use preg_replace_callback instead D:\www\ThinkPHP\Lib\Template\ThinkTemplate.class.php 第 372 行.
NOTIC: [8192] preg_replace(): The /e modifier is deprecated, use preg_replace_callback instead D:\www\ThinkPHP\Lib\Template\ThinkTemplate.class.php 第 372 行.
NOTIC: [8192] preg_replace(): The /e modifier is deprecated, use preg_replace_callback instead D:\www\ThinkPHP\Lib\Template\ThinkTemplate.class.php 第 372 行.
NOTIC: [8192] preg_replace(): The /e modifier is deprecated, use preg_replace_callback instead D:\www\ThinkPHP\Lib\Template\ThinkTemplate.class.php 第 372 行.
NOTIC: [8192] preg_replace(): The /e modifier is deprecated, use preg_replace_callback instead D:\www\ThinkPHP\Lib\Template\ThinkTemplate.class.php 第 372 行.
NOTIC: [8192] preg_replace(): The /e modifier is deprecated, use preg_replace_callback instead D:\www\ThinkPHP\Lib\Template\ThinkTemplate.class.php 第 372 行.
NOTIC: [8192] preg_replace(): The /e modifier is deprecated, use preg_replace_callback instead D:\www\ThinkPHP\Lib\Template\ThinkTemplate.class.php 第 372 行.
NOTIC: [8192] preg_replace(): The /e modifier is deprecated, use preg_replace_callback instead D:\www\ThinkPHP\Lib\Template\ThinkTemplate.class.php 第 372 行.
NOTIC: [8192] preg_replace(): The /e modifier is deprecated, use preg_replace_callback instead D:\www\ThinkPHP\Lib\Template\ThinkTemplate.class.php 第 372 行.
NOTIC: [8192] preg_replace(): The /e modifier is deprecated, use preg_replace_callback instead D:\www\ThinkPHP\Lib\Template\ThinkTemplate.class.php 第 372 行.
NOTIC: [8192] preg_replace(): The /e modifier is deprecated, use preg_replace_callback instead D:\www\ThinkPHP\Lib\Template\ThinkTemplate.class.php 第 372 行.
NOTIC: [8192] preg_replace(): The /e modifier is deprecated, use preg_replace_callback instead D:\www\ThinkPHP\Lib\Template\ThinkTemplate.class.php 第 372 行.
NOTIC: [8192] preg_replace(): The /e modifier is deprecated, use preg_replace_callback instead D:\www\ThinkPHP\Lib\Template\ThinkTemplate.class.php 第 372 行.
NOTIC: [8192] preg_replace(): The /e modifier is deprecated, use preg_replace_callback instead D:\www\ThinkPHP\Lib\Template\ThinkTemplate.class.php 第 372 行.
NOTIC: [8192] preg_replace(): The /e modifier is deprecated, use preg_replace_callback instead D:\www\ThinkPHP\Lib\Template\ThinkTemplate.class.php 第 372 行.
NOTIC: [8192] preg_replace(): The /e modifier is deprecated, use preg_replace_callback instead D:\www\ThinkPHP\Lib\Template\ThinkTemplate.class.php 第 372 行.
NOTIC: [8192] preg_replace(): The /e modifier is deprecated, use preg_replace_callback instead D:\www\ThinkPHP\Lib\Template\ThinkTemplate.class.php 第 372 行.
NOTIC: [8192] preg_replace(): The /e modifier is deprecated, use preg_replace_callback instead D:\www\ThinkPHP\Lib\Template\ThinkTemplate.class.php 第 372 行.
NOTIC: [8192] preg_replace(): The /e modifier is deprecated, use preg_replace_callback instead D:\www\ThinkPHP\Lib\Template\ThinkTemplate.class.php 第 372 行.
NOTIC: [8192] preg_replace(): The /e modifier is deprecated, use preg_replace_callback instead D:\www\ThinkPHP\Lib\Template\ThinkTemplate.class.php 第 372 行.
NOTIC: [8192] preg_replace(): The /e modifier is deprecated, use preg_replace_callback instead D:\www\ThinkPHP\Lib\Template\ThinkTemplate.class.php 第 372 行.
NOTIC: [8192] preg_replace(): The /e modifier is deprecated, use preg_replace_callback instead D:\www\ThinkPHP\Lib\Template\ThinkTemplate.class.php 第 372 行.
NOTIC: [8192] preg_replace(): The /e modifier is deprecated, use preg_replace_callback instead D:\www\ThinkPHP\Lib\Template\ThinkTemplate.class.php 第 372 行.
NOTIC: [8192] preg_replace(): The /e modifier is deprecated, use preg_replace_callback instead D:\www\ThinkPHP\Lib\Template\ThinkTemplate.class.php 第 372 行.
NOTIC: [8192] preg_replace(): The /e modifier is deprecated, use preg_replace_callback instead D:\www\ThinkPHP\Lib\Template\ThinkTemplate.class.php 第 372 行.
NOTIC: [8192] preg_replace(): The /e modifier is deprecated, use preg_replace_callback instead D:\www\ThinkPHP\Lib\Template\ThinkTemplate.class.php 第 372 行.
NOTIC: [8192] preg_replace(): The /e modifier is deprecated, use preg_replace_callback instead D:\www\ThinkPHP\Lib\Template\ThinkTemplate.class.php 第 372 行.
NOTIC: [8192] preg_replace(): The /e modifier is deprecated, use preg_replace_callback instead D:\www\ThinkPHP\Lib\Template\ThinkTemplate.class.php 第 372 行.
NOTIC: [8192] preg_replace(): The /e modifier is deprecated, use preg_replace_callback instead D:\www\ThinkPHP\Lib\Template\ThinkTemplate.class.php 第 372 行.
NOTIC: [8192] preg_replace(): The /e modifier is deprecated, use preg_replace_callback instead D:\www\ThinkPHP\Lib\Template\ThinkTemplate.class.php 第 372 行.
NOTIC: [8192] preg_replace(): The /e modifier is deprecated, use preg_replace_callback instead D:\www\ThinkPHP\Lib\Template\ThinkTemplate.class.php 第 372 行.
NOTIC: [8192] preg_replace(): The /e modifier is deprecated, use preg_replace_callback instead D:\www\ThinkPHP\Lib\Template\ThinkTemplate.class.php 第 372 行.
NOTIC: [8192] preg_replace(): The /e modifier is deprecated, use preg_replace_callback instead D:\www\ThinkPHP\Lib\Template\ThinkTemplate.class.php 第 361 行.
NOTIC: [8192] preg_replace(): The /e modifier is deprecated, use preg_replace_callback instead D:\www\ThinkPHP\Lib\Template\ThinkTemplate.class.php 第 361 行.
NOTIC: [8192] preg_replace(): The /e modifier is deprecated, use preg_replace_callback instead D:\www\ThinkPHP\Lib\Template\ThinkTemplate.class.php 第 361 行.
NOTIC: [8192] preg_replace(): The /e modifier is deprecated, use preg_replace_callback instead D:\www\ThinkPHP\Lib\Template\ThinkTemplate.class.php 第 361 行.
NOTIC: [8192] preg_replace(): The /e modifier is deprecated, use preg_replace_callback instead D:\www\ThinkPHP\Lib\Template\ThinkTemplate.class.php 第 361 行.
NOTIC: [8192] preg_replace(): The /e modifier is deprecated, use preg_replace_callback instead D:\www\ThinkPHP\Lib\Template\ThinkTemplate.class.php 第 361 行.
NOTIC: [8192] preg_replace(): The /e modifier is deprecated, use preg_replace_callback instead D:\www\ThinkPHP\Lib\Template\ThinkTemplate.class.php 第 372 行.
NOTIC: [8192] preg_replace(): The /e modifier is deprecated, use preg_replace_callback instead D:\www\ThinkPHP\Lib\Template\ThinkTemplate.class.php 第 372 行.
NOTIC: [8192] preg_replace(): The /e modifier is deprecated, use preg_replace_callback instead D:\www\ThinkPHP\Lib\Template\ThinkTemplate.class.php 第 372 行.
NOTIC: [8192] preg_replace(): The /e modifier is deprecated, use preg_replace_callback instead D:\www\ThinkPHP\Lib\Template\ThinkTemplate.class.php 第 195 行.
NOTIC: [8192] preg_replace(): The /e modifier is deprecated, use preg_replace_callback instead D:\www\ThinkPHP\Lib\Template\ThinkTemplate.class.php 第 125 行.
INFO: Run ParseTemplate Behavior [ RunTime:-0.009437s ]
INFO: [ view_parse ] --END-- [ RunTime:0.017567s ]
INFO: [ view_filter ] --START--
INFO: Run ContentReplace Behavior [ RunTime:-0.027201s ]
INFO: Run TokenBuild Behavior [ RunTime:-0.027989s ]
INFO: Run WriteHtmlCache Behavior [ RunTime:-0.029052s ]
INFO: Run ShowRuntime Behavior [ RunTime:-0.029584s ]
INFO: [ view_filter ] --END-- [ RunTime:0.003058s ]
INFO: [ view_end ] --START--
INFO: Run ShowPageTrace Behavior [ RunTime:-0.030377s ]
INFO: [ view_end ] --END-- [ RunTime:0.000843s ]

[ 2022-04-25T09:02:20+08:00 ] 0.0.0.0 /pcn/index.php/Public/checkLogin
INFO: [ route_check ] --START--
INFO: Run CheckRoute Behavior [ RunTime:0.000911s ]
INFO: [ route_check ] --END-- [ RunTime:0.001228s ]
NOTIC: [8192] preg_replace(): The /e modifier is deprecated, use preg_replace_callback instead D:\www\ThinkPHP\Lib\Core\Dispatcher.class.php 第 122 行.
INFO: [ app_begin ] --START--
INFO: Run ReadHtmlCache Behavior [ RunTime:-0.000804s ]
INFO: Run CheckLang Behavior [ RunTime:-0.001997s ]
INFO: [ app_begin ] --END-- [ RunTime:0.003156s ]
NOTIC: [8192] mysql_connect(): The mysql extension is deprecated and will be removed in the future: use mysqli or PDO instead D:\www\ThinkPHP\Lib\Driver\Db\DbMysql.class.php 第 55 行.
SQL: SHOW COLUMNS FROM `pcn_userrules` [ RunTime:0.020885s ]
NOTIC: [8] Undefined index: COMPUTERNAME D:\www\PCN\Lib\Action\PublicAction.class.php 第 44 行.
SQL: UPDATE `pcn_userrules` SET `local_ip`='10.120.40.241',`last_time`='2022-04-25 09:02:20' WHERE user_name='sheng.zhang' and status=1 [ RunTime:0.012889s ]
NOTIC: [8192] preg_replace(): The /e modifier is deprecated, use preg_replace_callback instead D:\www\ThinkPHP\Lib\Core\Db.class.php 第 572 行.
SQL: SELECT * FROM `pcn_userrules` WHERE user_name='sheng.zhang' and status=1 LIMIT 1   [ RunTime:0.000455s ]
INFO: [ view_template ] --START--
INFO: Run LocationTemplate Behavior [ RunTime:-0.333383s ]
INFO: [ view_template ] --END-- [ RunTime:0.000519s ]
INFO: [ view_parse ] --START--
NOTIC: [8192] preg_replace(): The /e modifier is deprecated, use preg_replace_callback instead D:\www\ThinkPHP\Lib\Template\ThinkTemplate.class.php 第 161 行.
NOTIC: [8192] preg_replace(): The /e modifier is deprecated, use preg_replace_callback instead D:\www\ThinkPHP\Lib\Template\ThinkTemplate.class.php 第 372 行.
NOTIC: [8192] preg_replace(): The /e modifier is deprecated, use preg_replace_callback instead D:\www\ThinkPHP\Lib\Template\ThinkTemplate.class.php 第 372 行.
NOTIC: [8192] preg_replace(): The /e modifier is deprecated, use preg_replace_callback instead D:\www\ThinkPHP\Lib\Template\ThinkTemplate.class.php 第 372 行.
NOTIC: [8192] preg_replace(): The /e modifier is deprecated, use preg_replace_callback instead D:\www\ThinkPHP\Lib\Template\ThinkTemplate.class.php 第 372 行.
NOTIC: [8192] preg_replace(): The /e modifier is deprecated, use preg_replace_callback instead D:\www\ThinkPHP\Lib\Template\ThinkTemplate.class.php 第 372 行.
NOTIC: [8192] preg_replace(): The /e modifier is deprecated, use preg_replace_callback instead D:\www\ThinkPHP\Lib\Template\ThinkTemplate.class.php 第 372 行.
NOTIC: [8192] preg_replace(): The /e modifier is deprecated, use preg_replace_callback instead D:\www\ThinkPHP\Lib\Template\ThinkTemplate.class.php 第 372 行.
NOTIC: [8192] preg_replace(): The /e modifier is deprecated, use preg_replace_callback instead D:\www\ThinkPHP\Lib\Template\ThinkTemplate.class.php 第 372 行.
NOTIC: [8192] preg_replace(): The /e modifier is deprecated, use preg_replace_callback instead D:\www\ThinkPHP\Lib\Template\ThinkTemplate.class.php 第 372 行.
NOTIC: [8192] preg_replace(): The /e modifier is deprecated, use preg_replace_callback instead D:\www\ThinkPHP\Lib\Template\ThinkTemplate.class.php 第 372 行.
NOTIC: [8192] preg_replace(): The /e modifier is deprecated, use preg_replace_callback instead D:\www\ThinkPHP\Lib\Template\ThinkTemplate.class.php 第 372 行.
NOTIC: [8192] preg_replace(): The /e modifier is deprecated, use preg_replace_callback instead D:\www\ThinkPHP\Lib\Template\ThinkTemplate.class.php 第 372 行.
NOTIC: [8192] preg_replace(): The /e modifier is deprecated, use preg_replace_callback instead D:\www\ThinkPHP\Lib\Template\ThinkTemplate.class.php 第 361 行.
NOTIC: [8192] preg_replace(): The /e modifier is deprecated, use preg_replace_callback instead D:\www\ThinkPHP\Lib\Template\ThinkTemplate.class.php 第 361 行.
NOTIC: [8192] preg_replace(): The /e modifier is deprecated, use preg_replace_callback instead D:\www\ThinkPHP\Lib\Template\ThinkTemplate.class.php 第 372 行.
NOTIC: [8192] preg_replace(): The /e modifier is deprecated, use preg_replace_callback instead D:\www\ThinkPHP\Lib\Template\ThinkTemplate.class.php 第 372 行.
NOTIC: [8192] preg_replace(): The /e modifier is deprecated, use preg_replace_callback instead D:\www\ThinkPHP\Lib\Template\ThinkTemplate.class.php 第 372 行.
NOTIC: [8192] preg_replace(): The /e modifier is deprecated, use preg_replace_callback instead D:\www\ThinkPHP\Lib\Template\ThinkTemplate.class.php 第 361 行.
NOTIC: [8192] preg_replace(): The /e modifier is deprecated, use preg_replace_callback instead D:\www\ThinkPHP\Lib\Template\ThinkTemplate.class.php 第 372 行.
NOTIC: [8192] preg_replace(): The /e modifier is deprecated, use preg_replace_callback instead D:\www\ThinkPHP\Lib\Template\ThinkTemplate.class.php 第 372 行.
NOTIC: [8192] preg_replace(): The /e modifier is deprecated, use preg_replace_callback instead D:\www\ThinkPHP\Lib\Template\ThinkTemplate.class.php 第 372 行.
NOTIC: [8192] preg_replace(): The /e modifier is deprecated, use preg_replace_callback instead D:\www\ThinkPHP\Lib\Template\ThinkTemplate.class.php 第 372 行.
NOTIC: [8192] preg_replace(): The /e modifier is deprecated, use preg_replace_callback instead D:\www\ThinkPHP\Lib\Template\ThinkTemplate.class.php 第 372 行.
NOTIC: [8192] preg_replace(): The /e modifier is deprecated, use preg_replace_callback instead D:\www\ThinkPHP\Lib\Template\ThinkTemplate.class.php 第 372 行.
NOTIC: [8192] preg_replace(): The /e modifier is deprecated, use preg_replace_callback instead D:\www\ThinkPHP\Lib\Template\ThinkTemplate.class.php 第 372 行.
NOTIC: [8192] preg_replace(): The /e modifier is deprecated, use preg_replace_callback instead D:\www\ThinkPHP\Lib\Template\ThinkTemplate.class.php 第 372 行.
NOTIC: [8192] preg_replace(): The /e modifier is deprecated, use preg_replace_callback instead D:\www\ThinkPHP\Lib\Template\ThinkTemplate.class.php 第 372 行.
NOTIC: [8192] preg_replace(): The /e modifier is deprecated, use preg_replace_callback instead D:\www\ThinkPHP\Lib\Template\ThinkTemplate.class.php 第 372 行.
NOTIC: [8192] preg_replace(): The /e modifier is deprecated, use preg_replace_callback instead D:\www\ThinkPHP\Lib\Template\ThinkTemplate.class.php 第 372 行.
NOTIC: [8192] preg_replace(): The /e modifier is deprecated, use preg_replace_callback instead D:\www\ThinkPHP\Lib\Template\ThinkTemplate.class.php 第 372 行.
NOTIC: [8192] preg_replace(): The /e modifier is deprecated, use preg_replace_callback instead D:\www\ThinkPHP\Lib\Template\ThinkTemplate.class.php 第 372 行.
NOTIC: [8192] preg_replace(): The /e modifier is deprecated, use preg_replace_callback instead D:\www\ThinkPHP\Lib\Template\ThinkTemplate.class.php 第 372 行.
NOTIC: [8192] preg_replace(): The /e modifier is deprecated, use preg_replace_callback instead D:\www\ThinkPHP\Lib\Template\ThinkTemplate.class.php 第 372 行.
NOTIC: [8192] preg_replace(): The /e modifier is deprecated, use preg_replace_callback instead D:\www\ThinkPHP\Lib\Template\ThinkTemplate.class.php 第 372 行.
NOTIC: [8192] preg_replace(): The /e modifier is deprecated, use preg_replace_callback instead D:\www\ThinkPHP\Lib\Template\ThinkTemplate.class.php 第 372 行.
NOTIC: [8192] preg_replace(): The /e modifier is deprecated, use preg_replace_callback instead D:\www\ThinkPHP\Lib\Template\ThinkTemplate.class.php 第 372 行.
NOTIC: [8192] preg_replace(): The /e modifier is deprecated, use preg_replace_callback instead D:\www\ThinkPHP\Lib\Template\ThinkTemplate.class.php 第 372 行.
NOTIC: [8192] preg_replace(): The /e modifier is deprecated, use preg_replace_callback instead D:\www\ThinkPHP\Lib\Template\ThinkTemplate.class.php 第 372 行.
NOTIC: [8192] preg_replace(): The /e modifier is deprecated, use preg_replace_callback instead D:\www\ThinkPHP\Lib\Template\ThinkTemplate.class.php 第 372 行.
NOTIC: [8192] preg_replace(): The /e modifier is deprecated, use preg_replace_callback instead D:\www\ThinkPHP\Lib\Template\ThinkTemplate.class.php 第 372 行.
NOTIC: [8192] preg_replace(): The /e modifier is deprecated, use preg_replace_callback instead D:\www\ThinkPHP\Lib\Template\ThinkTemplate.class.php 第 372 行.
NOTIC: [8192] preg_replace(): The /e modifier is deprecated, use preg_replace_callback instead D:\www\ThinkPHP\Lib\Template\ThinkTemplate.class.php 第 372 行.
NOTIC: [8192] preg_replace(): The /e modifier is deprecated, use preg_replace_callback instead D:\www\ThinkPHP\Lib\Template\ThinkTemplate.class.php 第 372 行.
NOTIC: [8192] preg_replace(): The /e modifier is deprecated, use preg_replace_callback instead D:\www\ThinkPHP\Lib\Template\ThinkTemplate.class.php 第 372 行.
NOTIC: [8192] preg_replace(): The /e modifier is deprecated, use preg_replace_callback instead D:\www\ThinkPHP\Lib\Template\ThinkTemplate.class.php 第 372 行.
NOTIC: [8192] preg_replace(): The /e modifier is deprecated, use preg_replace_callback instead D:\www\ThinkPHP\Lib\Template\ThinkTemplate.class.php 第 372 行.
NOTIC: [8192] preg_replace(): The /e modifier is deprecated, use preg_replace_callback instead D:\www\ThinkPHP\Lib\Template\ThinkTemplate.class.php 第 372 行.
NOTIC: [8192] preg_replace(): The /e modifier is deprecated, use preg_replace_callback instead D:\www\ThinkPHP\Lib\Template\ThinkTemplate.class.php 第 372 行.
NOTIC: [8192] preg_replace(): The /e modifier is deprecated, use preg_replace_callback instead D:\www\ThinkPHP\Lib\Template\ThinkTemplate.class.php 第 372 行.
NOTIC: [8192] preg_replace(): The /e modifier is deprecated, use preg_replace_callback instead D:\www\ThinkPHP\Lib\Template\ThinkTemplate.class.php 第 372 行.
NOTIC: [8192] preg_replace(): The /e modifier is deprecated, use preg_replace_callback instead D:\www\ThinkPHP\Lib\Template\ThinkTemplate.class.php 第 372 行.
NOTIC: [8192] preg_replace(): The /e modifier is deprecated, use preg_replace_callback instead D:\www\ThinkPHP\Lib\Template\ThinkTemplate.class.php 第 372 行.
NOTIC: [8192] preg_replace(): The /e modifier is deprecated, use preg_replace_callback instead D:\www\ThinkPHP\Lib\Template\ThinkTemplate.class.php 第 372 行.
NOTIC: [8192] preg_replace(): The /e modifier is deprecated, use preg_replace_callback instead D:\www\ThinkPHP\Lib\Template\ThinkTemplate.class.php 第 372 行.
NOTIC: [8192] preg_replace(): The /e modifier is deprecated, use preg_replace_callback instead D:\www\ThinkPHP\Lib\Template\ThinkTemplate.class.php 第 372 行.
NOTIC: [8192] preg_replace(): The /e modifier is deprecated, use preg_replace_callback instead D:\www\ThinkPHP\Lib\Template\ThinkTemplate.class.php 第 372 行.
NOTIC: [8192] preg_replace(): The /e modifier is deprecated, use preg_replace_callback instead D:\www\ThinkPHP\Lib\Template\ThinkTemplate.class.php 第 372 行.
NOTIC: [8192] preg_replace(): The /e modifier is deprecated, use preg_replace_callback instead D:\www\ThinkPHP\Lib\Template\ThinkTemplate.class.php 第 372 行.
NOTIC: [8192] preg_replace(): The /e modifier is deprecated, use preg_replace_callback instead D:\www\ThinkPHP\Lib\Template\ThinkTemplate.class.php 第 372 行.
NOTIC: [8192] preg_replace(): The /e modifier is deprecated, use preg_replace_callback instead D:\www\ThinkPHP\Lib\Template\ThinkTemplate.class.php 第 372 行.
NOTIC: [8192] preg_replace(): The /e modifier is deprecated, use preg_replace_callback instead D:\www\ThinkPHP\Lib\Template\ThinkTemplate.class.php 第 372 行.
NOTIC: [8192] preg_replace(): The /e modifier is deprecated, use preg_replace_callback instead D:\www\ThinkPHP\Lib\Template\ThinkTemplate.class.php 第 372 行.
NOTIC: [8192] preg_replace(): The /e modifier is deprecated, use preg_replace_callback instead D:\www\ThinkPHP\Lib\Template\ThinkTemplate.class.php 第 372 行.
NOTIC: [8192] preg_replace(): The /e modifier is deprecated, use preg_replace_callback instead D:\www\ThinkPHP\Lib\Template\ThinkTemplate.class.php 第 372 行.
NOTIC: [8192] preg_replace(): The /e modifier is deprecated, use preg_replace_callback instead D:\www\ThinkPHP\Lib\Template\ThinkTemplate.class.php 第 372 行.
NOTIC: [8192] preg_replace(): The /e modifier is deprecated, use preg_replace_callback instead D:\www\ThinkPHP\Lib\Template\ThinkTemplate.class.php 第 372 行.
NOTIC: [8192] preg_replace(): The /e modifier is deprecated, use preg_replace_callback instead D:\www\ThinkPHP\Lib\Template\ThinkTemplate.class.php 第 372 行.
NOTIC: [8192] preg_replace(): The /e modifier is deprecated, use preg_replace_callback instead D:\www\ThinkPHP\Lib\Template\ThinkTemplate.class.php 第 372 行.
NOTIC: [8192] preg_replace(): The /e modifier is deprecated, use preg_replace_callback instead D:\www\ThinkPHP\Lib\Template\ThinkTemplate.class.php 第 372 行.
NOTIC: [8192] preg_replace(): The /e modifier is deprecated, use preg_replace_callback instead D:\www\ThinkPHP\Lib\Template\ThinkTemplate.class.php 第 372 行.
NOTIC: [8192] preg_replace(): The /e modifier is deprecated, use preg_replace_callback instead D:\www\ThinkPHP\Lib\Template\ThinkTemplate.class.php 第 372 行.
NOTIC: [8192] preg_replace(): The /e modifier is deprecated, use preg_replace_callback instead D:\www\ThinkPHP\Lib\Template\ThinkTemplate.class.php 第 372 行.
NOTIC: [8192] preg_replace(): The /e modifier is deprecated, use preg_replace_callback instead D:\www\ThinkPHP\Lib\Template\ThinkTemplate.class.php 第 372 行.
NOTIC: [8192] preg_replace(): The /e modifier is deprecated, use preg_replace_callback instead D:\www\ThinkPHP\Lib\Template\ThinkTemplate.class.php 第 372 行.
NOTIC: [8192] preg_replace(): The /e modifier is deprecated, use preg_replace_callback instead D:\www\ThinkPHP\Lib\Template\ThinkTemplate.class.php 第 372 行.
NOTIC: [8192] preg_replace(): The /e modifier is deprecated, use preg_replace_callback instead D:\www\ThinkPHP\Lib\Template\ThinkTemplate.class.php 第 372 行.
NOTIC: [8192] preg_replace(): The /e modifier is deprecated, use preg_replace_callback instead D:\www\ThinkPHP\Lib\Template\ThinkTemplate.class.php 第 372 行.
NOTIC: [8192] preg_replace(): The /e modifier is deprecated, use preg_replace_callback instead D:\www\ThinkPHP\Lib\Template\ThinkTemplate.class.php 第 372 行.
NOTIC: [8192] preg_replace(): The /e modifier is deprecated, use preg_replace_callback instead D:\www\ThinkPHP\Lib\Template\ThinkTemplate.class.php 第 372 行.
NOTIC: [8192] preg_replace(): The /e modifier is deprecated, use preg_replace_callback instead D:\www\ThinkPHP\Lib\Template\ThinkTemplate.class.php 第 372 行.
NOTIC: [8192] preg_replace(): The /e modifier is deprecated, use preg_replace_callback instead D:\www\ThinkPHP\Lib\Template\ThinkTemplate.class.php 第 372 行.
NOTIC: [8192] preg_replace(): The /e modifier is deprecated, use preg_replace_callback instead D:\www\ThinkPHP\Lib\Template\ThinkTemplate.class.php 第 372 行.
NOTIC: [8192] preg_replace(): The /e modifier is deprecated, use preg_replace_callback instead D:\www\ThinkPHP\Lib\Template\ThinkTemplate.class.php 第 372 行.
NOTIC: [8192] preg_replace(): The /e modifier is deprecated, use preg_replace_callback instead D:\www\ThinkPHP\Lib\Template\ThinkTemplate.class.php 第 372 行.
NOTIC: [8192] preg_replace(): The /e modifier is deprecated, use preg_replace_callback instead D:\www\ThinkPHP\Lib\Template\ThinkTemplate.class.php 第 361 行.
NOTIC: [8192] preg_replace(): The /e modifier is deprecated, use preg_replace_callback instead D:\www\ThinkPHP\Lib\Template\ThinkTemplate.class.php 第 361 行.
NOTIC: [8192] preg_replace(): The /e modifier is deprecated, use preg_replace_callback instead D:\www\ThinkPHP\Lib\Template\ThinkTemplate.class.php 第 361 行.
NOTIC: [8192] preg_replace(): The /e modifier is deprecated, use preg_replace_callback instead D:\www\ThinkPHP\Lib\Template\ThinkTemplate.class.php 第 361 行.
NOTIC: [8192] preg_replace(): The /e modifier is deprecated, use preg_replace_callback instead D:\www\ThinkPHP\Lib\Template\ThinkTemplate.class.php 第 361 行.
NOTIC: [8192] preg_replace(): The /e modifier is deprecated, use preg_replace_callback instead D:\www\ThinkPHP\Lib\Template\ThinkTemplate.class.php 第 361 行.
NOTIC: [8192] preg_replace(): The /e modifier is deprecated, use preg_replace_callback instead D:\www\ThinkPHP\Lib\Template\ThinkTemplate.class.php 第 372 行.
NOTIC: [8192] preg_replace(): The /e modifier is deprecated, use preg_replace_callback instead D:\www\ThinkPHP\Lib\Template\ThinkTemplate.class.php 第 372 行.
NOTIC: [8192] preg_replace(): The /e modifier is deprecated, use preg_replace_callback instead D:\www\ThinkPHP\Lib\Template\ThinkTemplate.class.php 第 372 行.
NOTIC: [8192] preg_replace(): The /e modifier is deprecated, use preg_replace_callback instead D:\www\ThinkPHP\Lib\Template\ThinkTemplate.class.php 第 195 行.
NOTIC: [8192] preg_replace(): The /e modifier is deprecated, use preg_replace_callback instead D:\www\ThinkPHP\Lib\Template\ThinkTemplate.class.php 第 125 行.
INFO: Run ParseTemplate Behavior [ RunTime:-0.333998s ]
INFO: [ view_parse ] --END-- [ RunTime:0.008111s ]
INFO: [ view_filter ] --START--
INFO: Run ContentReplace Behavior [ RunTime:-0.342161s ]
INFO: Run TokenBuild Behavior [ RunTime:-0.342373s ]
INFO: Run WriteHtmlCache Behavior [ RunTime:-0.342579s ]
INFO: Run ShowRuntime Behavior [ RunTime:-0.342737s ]
INFO: [ view_filter ] --END-- [ RunTime:0.001113s ]
INFO: [ view_end ] --START--
INFO: Run ShowPageTrace Behavior [ RunTime:-0.343345s ]
INFO: [ view_end ] --END-- [ RunTime:0.000317s ]

[ 2022-04-25T09:02:21+08:00 ] 0.0.0.0 /pcn/index.php/Index/index
INFO: [ route_check ] --START--
INFO: Run CheckRoute Behavior [ RunTime:0.003466s ]
INFO: [ route_check ] --END-- [ RunTime:0.003999s ]
NOTIC: [8192] preg_replace(): The /e modifier is deprecated, use preg_replace_callback instead D:\www\ThinkPHP\Lib\Core\Dispatcher.class.php 第 122 行.
INFO: [ app_begin ] --START--
INFO: Run ReadHtmlCache Behavior [ RunTime:-0.000775s ]
INFO: Run CheckLang Behavior [ RunTime:-0.001305s ]
INFO: [ app_begin ] --END-- [ RunTime:0.001445s ]
INFO: [ view_template ] --START--
INFO: Run LocationTemplate Behavior [ RunTime:-0.008494s ]
INFO: [ view_template ] --END-- [ RunTime:0.001903s ]
INFO: [ view_parse ] --START--
NOTIC: [8192] preg_replace(): The /e modifier is deprecated, use preg_replace_callback instead D:\www\ThinkPHP\Lib\Template\ThinkTemplate.class.php 第 161 行.
NOTIC: [8192] preg_replace(): The /e modifier is deprecated, use preg_replace_callback instead D:\www\ThinkPHP\Lib\Template\ThinkTemplate.class.php 第 372 行.
NOTIC: [8192] preg_replace(): The /e modifier is deprecated, use preg_replace_callback instead D:\www\ThinkPHP\Lib\Template\ThinkTemplate.class.php 第 372 行.
NOTIC: [8192] preg_replace(): The /e modifier is deprecated, use preg_replace_callback instead D:\www\ThinkPHP\Lib\Template\ThinkTemplate.class.php 第 372 行.
NOTIC: [8192] preg_replace(): The /e modifier is deprecated, use preg_replace_callback instead D:\www\ThinkPHP\Lib\Template\ThinkTemplate.class.php 第 372 行.
NOTIC: [8192] preg_replace(): The /e modifier is deprecated, use preg_replace_callback instead D:\www\ThinkPHP\Lib\Template\ThinkTemplate.class.php 第 372 行.
NOTIC: [8192] preg_replace(): The /e modifier is deprecated, use preg_replace_callback instead D:\www\ThinkPHP\Lib\Template\ThinkTemplate.class.php 第 372 行.
NOTIC: [8192] preg_replace(): The /e modifier is deprecated, use preg_replace_callback instead D:\www\ThinkPHP\Lib\Template\ThinkTemplate.class.php 第 372 行.
NOTIC: [8192] preg_replace(): The /e modifier is deprecated, use preg_replace_callback instead D:\www\ThinkPHP\Lib\Template\ThinkTemplate.class.php 第 372 行.
NOTIC: [8192] preg_replace(): The /e modifier is deprecated, use preg_replace_callback instead D:\www\ThinkPHP\Lib\Template\ThinkTemplate.class.php 第 372 行.
NOTIC: [8192] preg_replace(): The /e modifier is deprecated, use preg_replace_callback instead D:\www\ThinkPHP\Lib\Template\ThinkTemplate.class.php 第 372 行.
NOTIC: [8192] preg_replace(): The /e modifier is deprecated, use preg_replace_callback instead D:\www\ThinkPHP\Lib\Template\ThinkTemplate.class.php 第 372 行.
NOTIC: [8192] preg_replace(): The /e modifier is deprecated, use preg_replace_callback instead D:\www\ThinkPHP\Lib\Template\ThinkTemplate.class.php 第 372 行.
NOTIC: [8192] preg_replace(): The /e modifier is deprecated, use preg_replace_callback instead D:\www\ThinkPHP\Lib\Template\ThinkTemplate.class.php 第 361 行.
NOTIC: [8192] preg_replace(): The /e modifier is deprecated, use preg_replace_callback instead D:\www\ThinkPHP\Lib\Template\ThinkTemplate.class.php 第 361 行.
NOTIC: [8192] preg_replace(): The /e modifier is deprecated, use preg_replace_callback instead D:\www\ThinkPHP\Lib\Template\ThinkTemplate.class.php 第 372 行.
NOTIC: [8192] preg_replace(): The /e modifier is deprecated, use preg_replace_callback instead D:\www\ThinkPHP\Lib\Template\ThinkTemplate.class.php 第 372 行.
NOTIC: [8192] preg_replace(): The /e modifier is deprecated, use preg_replace_callback instead D:\www\ThinkPHP\Lib\Template\ThinkTemplate.class.php 第 372 行.
NOTIC: [8192] preg_replace(): The /e modifier is deprecated, use preg_replace_callback instead D:\www\ThinkPHP\Lib\Template\ThinkTemplate.class.php 第 361 行.
NOTIC: [8192] preg_replace(): The /e modifier is deprecated, use preg_replace_callback instead D:\www\ThinkPHP\Lib\Template\ThinkTemplate.class.php 第 372 行.
NOTIC: [8192] preg_replace(): The /e modifier is deprecated, use preg_replace_callback instead D:\www\ThinkPHP\Lib\Template\ThinkTemplate.class.php 第 372 行.
NOTIC: [8192] preg_replace(): The /e modifier is deprecated, use preg_replace_callback instead D:\www\ThinkPHP\Lib\Template\ThinkTemplate.class.php 第 372 行.
NOTIC: [8192] preg_replace(): The /e modifier is deprecated, use preg_replace_callback instead D:\www\ThinkPHP\Lib\Template\ThinkTemplate.class.php 第 372 行.
NOTIC: [8192] preg_replace(): The /e modifier is deprecated, use preg_replace_callback instead D:\www\ThinkPHP\Lib\Template\ThinkTemplate.class.php 第 372 行.
NOTIC: [8192] preg_replace(): The /e modifier is deprecated, use preg_replace_callback instead D:\www\ThinkPHP\Lib\Template\ThinkTemplate.class.php 第 372 行.
NOTIC: [8192] preg_replace(): The /e modifier is deprecated, use preg_replace_callback instead D:\www\ThinkPHP\Lib\Template\ThinkTemplate.class.php 第 372 行.
NOTIC: [8192] preg_replace(): The /e modifier is deprecated, use preg_replace_callback instead D:\www\ThinkPHP\Lib\Template\ThinkTemplate.class.php 第 372 行.
NOTIC: [8192] preg_replace(): The /e modifier is deprecated, use preg_replace_callback instead D:\www\ThinkPHP\Lib\Template\ThinkTemplate.class.php 第 372 行.
NOTIC: [8192] preg_replace(): The /e modifier is deprecated, use preg_replace_callback instead D:\www\ThinkPHP\Lib\Template\ThinkTemplate.class.php 第 372 行.
NOTIC: [8192] preg_replace(): The /e modifier is deprecated, use preg_replace_callback instead D:\www\ThinkPHP\Lib\Template\ThinkTemplate.class.php 第 372 行.
NOTIC: [8192] preg_replace(): The /e modifier is deprecated, use preg_replace_callback instead D:\www\ThinkPHP\Lib\Template\ThinkTemplate.class.php 第 372 行.
NOTIC: [8192] preg_replace(): The /e modifier is deprecated, use preg_replace_callback instead D:\www\ThinkPHP\Lib\Template\ThinkTemplate.class.php 第 372 行.
NOTIC: [8192] preg_replace(): The /e modifier is deprecated, use preg_replace_callback instead D:\www\ThinkPHP\Lib\Template\ThinkTemplate.class.php 第 372 行.
NOTIC: [8192] preg_replace(): The /e modifier is deprecated, use preg_replace_callback instead D:\www\ThinkPHP\Lib\Template\ThinkTemplate.class.php 第 372 行.
NOTIC: [8192] preg_replace(): The /e modifier is deprecated, use preg_replace_callback instead D:\www\ThinkPHP\Lib\Template\ThinkTemplate.class.php 第 372 行.
NOTIC: [8192] preg_replace(): The /e modifier is deprecated, use preg_replace_callback instead D:\www\ThinkPHP\Lib\Template\ThinkTemplate.class.php 第 372 行.
NOTIC: [8192] preg_replace(): The /e modifier is deprecated, use preg_replace_callback instead D:\www\ThinkPHP\Lib\Template\ThinkTemplate.class.php 第 372 行.
NOTIC: [8192] preg_replace(): The /e modifier is deprecated, use preg_replace_callback instead D:\www\ThinkPHP\Lib\Template\ThinkTemplate.class.php 第 372 行.
NOTIC: [8192] preg_replace(): The /e modifier is deprecated, use preg_replace_callback instead D:\www\ThinkPHP\Lib\Template\ThinkTemplate.class.php 第 372 行.
NOTIC: [8192] preg_replace(): The /e modifier is deprecated, use preg_replace_callback instead D:\www\ThinkPHP\Lib\Template\ThinkTemplate.class.php 第 372 行.
NOTIC: [8192] preg_replace(): The /e modifier is deprecated, use preg_replace_callback instead D:\www\ThinkPHP\Lib\Template\ThinkTemplate.class.php 第 372 行.
NOTIC: [8192] preg_replace(): The /e modifier is deprecated, use preg_replace_callback instead D:\www\ThinkPHP\Lib\Template\ThinkTemplate.class.php 第 372 行.
NOTIC: [8192] preg_replace(): The /e modifier is deprecated, use preg_replace_callback instead D:\www\ThinkPHP\Lib\Template\ThinkTemplate.class.php 第 372 行.
NOTIC: [8192] preg_replace(): The /e modifier is deprecated, use preg_replace_callback instead D:\www\ThinkPHP\Lib\Template\ThinkTemplate.class.php 第 372 行.
NOTIC: [8192] preg_replace(): The /e modifier is deprecated, use preg_replace_callback instead D:\www\ThinkPHP\Lib\Template\ThinkTemplate.class.php 第 372 行.
NOTIC: [8192] preg_replace(): The /e modifier is deprecated, use preg_replace_callback instead D:\www\ThinkPHP\Lib\Template\ThinkTemplate.class.php 第 372 行.
NOTIC: [8192] preg_replace(): The /e modifier is deprecated, use preg_replace_callback instead D:\www\ThinkPHP\Lib\Template\ThinkTemplate.class.php 第 372 行.
NOTIC: [8192] preg_replace(): The /e modifier is deprecated, use preg_replace_callback instead D:\www\ThinkPHP\Lib\Template\ThinkTemplate.class.php 第 372 行.
NOTIC: [8192] preg_replace(): The /e modifier is deprecated, use preg_replace_callback instead D:\www\ThinkPHP\Lib\Template\ThinkTemplate.class.php 第 372 行.
NOTIC: [8192] preg_replace(): The /e modifier is deprecated, use preg_replace_callback instead D:\www\ThinkPHP\Lib\Template\ThinkTemplate.class.php 第 372 行.
NOTIC: [8192] preg_replace(): The /e modifier is deprecated, use preg_replace_callback instead D:\www\ThinkPHP\Lib\Template\ThinkTemplate.class.php 第 372 行.
NOTIC: [8192] preg_replace(): The /e modifier is deprecated, use preg_replace_callback instead D:\www\ThinkPHP\Lib\Template\ThinkTemplate.class.php 第 372 行.
NOTIC: [8192] preg_replace(): The /e modifier is deprecated, use preg_replace_callback instead D:\www\ThinkPHP\Lib\Template\ThinkTemplate.class.php 第 372 行.
NOTIC: [8192] preg_replace(): The /e modifier is deprecated, use preg_replace_callback instead D:\www\ThinkPHP\Lib\Template\ThinkTemplate.class.php 第 372 行.
NOTIC: [8192] preg_replace(): The /e modifier is deprecated, use preg_replace_callback instead D:\www\ThinkPHP\Lib\Template\ThinkTemplate.class.php 第 372 行.
NOTIC: [8192] preg_replace(): The /e modifier is deprecated, use preg_replace_callback instead D:\www\ThinkPHP\Lib\Template\ThinkTemplate.class.php 第 372 行.
NOTIC: [8192] preg_replace(): The /e modifier is deprecated, use preg_replace_callback instead D:\www\ThinkPHP\Lib\Template\ThinkTemplate.class.php 第 372 行.
NOTIC: [8192] preg_replace(): The /e modifier is deprecated, use preg_replace_callback instead D:\www\ThinkPHP\Lib\Template\ThinkTemplate.class.php 第 372 行.
NOTIC: [8192] preg_replace(): The /e modifier is deprecated, use preg_replace_callback instead D:\www\ThinkPHP\Lib\Template\ThinkTemplate.class.php 第 372 行.
NOTIC: [8192] preg_replace(): The /e modifier is deprecated, use preg_replace_callback instead D:\www\ThinkPHP\Lib\Template\ThinkTemplate.class.php 第 372 行.
NOTIC: [8192] preg_replace(): The /e modifier is deprecated, use preg_replace_callback instead D:\www\ThinkPHP\Lib\Template\ThinkTemplate.class.php 第 372 行.
NOTIC: [8192] preg_replace(): The /e modifier is deprecated, use preg_replace_callback instead D:\www\ThinkPHP\Lib\Template\ThinkTemplate.class.php 第 372 行.
NOTIC: [8192] preg_replace(): The /e modifier is deprecated, use preg_replace_callback instead D:\www\ThinkPHP\Lib\Template\ThinkTemplate.class.php 第 372 行.
NOTIC: [8192] preg_replace(): The /e modifier is deprecated, use preg_replace_callback instead D:\www\ThinkPHP\Lib\Template\ThinkTemplate.class.php 第 372 行.
NOTIC: [8192] preg_replace(): The /e modifier is deprecated, use preg_replace_callback instead D:\www\ThinkPHP\Lib\Template\ThinkTemplate.class.php 第 372 行.
NOTIC: [8192] preg_replace(): The /e modifier is deprecated, use preg_replace_callback instead D:\www\ThinkPHP\Lib\Template\ThinkTemplate.class.php 第 372 行.
NOTIC: [8192] preg_replace(): The /e modifier is deprecated, use preg_replace_callback instead D:\www\ThinkPHP\Lib\Template\ThinkTemplate.class.php 第 372 行.
NOTIC: [8192] preg_replace(): The /e modifier is deprecated, use preg_replace_callback instead D:\www\ThinkPHP\Lib\Template\ThinkTemplate.class.php 第 372 行.
NOTIC: [8192] preg_replace(): The /e modifier is deprecated, use preg_replace_callback instead D:\www\ThinkPHP\Lib\Template\ThinkTemplate.class.php 第 372 行.
NOTIC: [8192] preg_replace(): The /e modifier is deprecated, use preg_replace_callback instead D:\www\ThinkPHP\Lib\Template\ThinkTemplate.class.php 第 372 行.
NOTIC: [8192] preg_replace(): The /e modifier is deprecated, use preg_replace_callback instead D:\www\ThinkPHP\Lib\Template\ThinkTemplate.class.php 第 372 行.
NOTIC: [8192] preg_replace(): The /e modifier is deprecated, use preg_replace_callback instead D:\www\ThinkPHP\Lib\Template\ThinkTemplate.class.php 第 372 行.
NOTIC: [8192] preg_replace(): The /e modifier is deprecated, use preg_replace_callback instead D:\www\ThinkPHP\Lib\Template\ThinkTemplate.class.php 第 372 行.
NOTIC: [8192] preg_replace(): The /e modifier is deprecated, use preg_replace_callback instead D:\www\ThinkPHP\Lib\Template\ThinkTemplate.class.php 第 372 行.
NOTIC: [8192] preg_replace(): The /e modifier is deprecated, use preg_replace_callback instead D:\www\ThinkPHP\Lib\Template\ThinkTemplate.class.php 第 372 行.
NOTIC: [8192] preg_replace(): The /e modifier is deprecated, use preg_replace_callback instead D:\www\ThinkPHP\Lib\Template\ThinkTemplate.class.php 第 372 行.
NOTIC: [8192] preg_replace(): The /e modifier is deprecated, use preg_replace_callback instead D:\www\ThinkPHP\Lib\Template\ThinkTemplate.class.php 第 372 行.
NOTIC: [8192] preg_replace(): The /e modifier is deprecated, use preg_replace_callback instead D:\www\ThinkPHP\Lib\Template\ThinkTemplate.class.php 第 372 行.
NOTIC: [8192] preg_replace(): The /e modifier is deprecated, use preg_replace_callback instead D:\www\ThinkPHP\Lib\Template\ThinkTemplate.class.php 第 372 行.
NOTIC: [8192] preg_replace(): The /e modifier is deprecated, use preg_replace_callback instead D:\www\ThinkPHP\Lib\Template\ThinkTemplate.class.php 第 372 行.
NOTIC: [8192] preg_replace(): The /e modifier is deprecated, use preg_replace_callback instead D:\www\ThinkPHP\Lib\Template\ThinkTemplate.class.php 第 372 行.
NOTIC: [8192] preg_replace(): The /e modifier is deprecated, use preg_replace_callback instead D:\www\ThinkPHP\Lib\Template\ThinkTemplate.class.php 第 372 行.
NOTIC: [8192] preg_replace(): The /e modifier is deprecated, use preg_replace_callback instead D:\www\ThinkPHP\Lib\Template\ThinkTemplate.class.php 第 372 行.
NOTIC: [8192] preg_replace(): The /e modifier is deprecated, use preg_replace_callback instead D:\www\ThinkPHP\Lib\Template\ThinkTemplate.class.php 第 372 行.
NOTIC: [8192] preg_replace(): The /e modifier is deprecated, use preg_replace_callback instead D:\www\ThinkPHP\Lib\Template\ThinkTemplate.class.php 第 372 行.
NOTIC: [8192] preg_replace(): The /e modifier is deprecated, use preg_replace_callback instead D:\www\ThinkPHP\Lib\Template\ThinkTemplate.class.php 第 361 行.
NOTIC: [8192] preg_replace(): The /e modifier is deprecated, use preg_replace_callback instead D:\www\ThinkPHP\Lib\Template\ThinkTemplate.class.php 第 361 行.
NOTIC: [8192] preg_replace(): The /e modifier is deprecated, use preg_replace_callback instead D:\www\ThinkPHP\Lib\Template\ThinkTemplate.class.php 第 361 行.
NOTIC: [8192] preg_replace(): The /e modifier is deprecated, use preg_replace_callback instead D:\www\ThinkPHP\Lib\Template\ThinkTemplate.class.php 第 361 行.
NOTIC: [8192] preg_replace(): The /e modifier is deprecated, use preg_replace_callback instead D:\www\ThinkPHP\Lib\Template\ThinkTemplate.class.php 第 361 行.
NOTIC: [8192] preg_replace(): The /e modifier is deprecated, use preg_replace_callback instead D:\www\ThinkPHP\Lib\Template\ThinkTemplate.class.php 第 361 行.
NOTIC: [8192] preg_replace(): The /e modifier is deprecated, use preg_replace_callback instead D:\www\ThinkPHP\Lib\Template\ThinkTemplate.class.php 第 372 行.
NOTIC: [8192] preg_replace(): The /e modifier is deprecated, use preg_replace_callback instead D:\www\ThinkPHP\Lib\Template\ThinkTemplate.class.php 第 372 行.
NOTIC: [8192] preg_replace(): The /e modifier is deprecated, use preg_replace_callback instead D:\www\ThinkPHP\Lib\Template\ThinkTemplate.class.php 第 372 行.
NOTIC: [8192] preg_replace(): The /e modifier is deprecated, use preg_replace_callback instead D:\www\ThinkPHP\Lib\Template\ThinkTemplate.class.php 第 195 行.
NOTIC: [8192] preg_replace(): The /e modifier is deprecated, use preg_replace_callback instead D:\www\ThinkPHP\Lib\Template\ThinkTemplate.class.php 第 125 行.
INFO: Run ParseTemplate Behavior [ RunTime:-0.010503s ]
INFO: [ view_parse ] --END-- [ RunTime:0.015945s ]
INFO: [ view_filter ] --START--
INFO: Run ContentReplace Behavior [ RunTime:-0.026531s ]
INFO: Run TokenBuild Behavior [ RunTime:-0.027173s ]
INFO: Run WriteHtmlCache Behavior [ RunTime:-0.029221s ]
INFO: Run ShowRuntime Behavior [ RunTime:-0.029670s ]
INFO: [ view_filter ] --END-- [ RunTime:0.004336s ]
INFO: [ view_end ] --START--
INFO: Run ShowPageTrace Behavior [ RunTime:-0.031073s ]
INFO: [ view_end ] --END-- [ RunTime:0.001825s ]

[ 2022-04-25T09:02:21+08:00 ] 0.0.0.0 /pcn/index.php/Index/getData?limit=10&offset=0&search=&_=1650848541649
INFO: [ route_check ] --START--
INFO: Run CheckRoute Behavior [ RunTime:0.000375s ]
INFO: [ route_check ] --END-- [ RunTime:0.000534s ]
NOTIC: [8192] preg_replace(): The /e modifier is deprecated, use preg_replace_callback instead D:\www\ThinkPHP\Lib\Core\Dispatcher.class.php 第 122 行.
INFO: [ app_begin ] --START--
INFO: Run ReadHtmlCache Behavior [ RunTime:-0.000300s ]
INFO: Run CheckLang Behavior [ RunTime:-0.000648s ]
INFO: [ app_begin ] --END-- [ RunTime:0.000876s ]
NOTIC: [8192] mysql_connect(): The mysql extension is deprecated and will be removed in the future: use mysqli or PDO instead D:\www\ThinkPHP\Lib\Driver\Db\DbMysql.class.php 第 55 行.
SQL: SHOW COLUMNS FROM `pcn_main` [ RunTime:0.002103s ]
NOTIC: [8192] preg_replace(): The /e modifier is deprecated, use preg_replace_callback instead D:\www\ThinkPHP\Lib\Core\Db.class.php 第 572 行.
SQL: SELECT COUNT(*) AS tp_count FROM `pcn_main` WHERE internal_pn like '%%' ||pcn_no like '%%'  LIMIT 1   [ RunTime:0.005163s ]
NOTIC: [8192] preg_replace(): The /e modifier is deprecated, use preg_replace_callback instead D:\www\ThinkPHP\Lib\Core\Db.class.php 第 572 行.
SQL: SELECT * FROM `pcn_main` WHERE internal_pn like '%%' ||pcn_no like '%%'  ORDER BY id desc LIMIT 0,10   [ RunTime:0.003892s ]

[ 2022-04-25T09:10:47+08:00 ] 0.0.0.0 /pcn/index.php/Index/index
INFO: [ route_check ] --START--
INFO: Run CheckRoute Behavior [ RunTime:0.000441s ]
INFO: [ route_check ] --END-- [ RunTime:0.000588s ]
NOTIC: [8192] preg_replace(): The /e modifier is deprecated, use preg_replace_callback instead D:\www\ThinkPHP\Lib\Core\Dispatcher.class.php 第 122 行.
INFO: [ app_begin ] --START--
INFO: Run ReadHtmlCache Behavior [ RunTime:-0.000323s ]
INFO: Run CheckLang Behavior [ RunTime:-0.000695s ]
INFO: [ app_begin ] --END-- [ RunTime:0.000993s ]
INFO: [ view_template ] --START--
INFO: Run LocationTemplate Behavior [ RunTime:-0.004902s ]
INFO: [ view_template ] --END-- [ RunTime:0.000441s ]
INFO: [ view_parse ] --START--
NOTIC: [8192] preg_replace(): The /e modifier is deprecated, use preg_replace_callback instead D:\www\ThinkPHP\Lib\Template\ThinkTemplate.class.php 第 161 行.
NOTIC: [8192] preg_replace(): The /e modifier is deprecated, use preg_replace_callback instead D:\www\ThinkPHP\Lib\Template\ThinkTemplate.class.php 第 372 行.
NOTIC: [8192] preg_replace(): The /e modifier is deprecated, use preg_replace_callback instead D:\www\ThinkPHP\Lib\Template\ThinkTemplate.class.php 第 372 行.
NOTIC: [8192] preg_replace(): The /e modifier is deprecated, use preg_replace_callback instead D:\www\ThinkPHP\Lib\Template\ThinkTemplate.class.php 第 372 行.
NOTIC: [8192] preg_replace(): The /e modifier is deprecated, use preg_replace_callback instead D:\www\ThinkPHP\Lib\Template\ThinkTemplate.class.php 第 372 行.
NOTIC: [8192] preg_replace(): The /e modifier is deprecated, use preg_replace_callback instead D:\www\ThinkPHP\Lib\Template\ThinkTemplate.class.php 第 372 行.
NOTIC: [8192] preg_replace(): The /e modifier is deprecated, use preg_replace_callback instead D:\www\ThinkPHP\Lib\Template\ThinkTemplate.class.php 第 372 行.
NOTIC: [8192] preg_replace(): The /e modifier is deprecated, use preg_replace_callback instead D:\www\ThinkPHP\Lib\Template\ThinkTemplate.class.php 第 372 行.
NOTIC: [8192] preg_replace(): The /e modifier is deprecated, use preg_replace_callback instead D:\www\ThinkPHP\Lib\Template\ThinkTemplate.class.php 第 372 行.
NOTIC: [8192] preg_replace(): The /e modifier is deprecated, use preg_replace_callback instead D:\www\ThinkPHP\Lib\Template\ThinkTemplate.class.php 第 372 行.
NOTIC: [8192] preg_replace(): The /e modifier is deprecated, use preg_replace_callback instead D:\www\ThinkPHP\Lib\Template\ThinkTemplate.class.php 第 372 行.
NOTIC: [8192] preg_replace(): The /e modifier is deprecated, use preg_replace_callback instead D:\www\ThinkPHP\Lib\Template\ThinkTemplate.class.php 第 372 行.
NOTIC: [8192] preg_replace(): The /e modifier is deprecated, use preg_replace_callback instead D:\www\ThinkPHP\Lib\Template\ThinkTemplate.class.php 第 372 行.
NOTIC: [8192] preg_replace(): The /e modifier is deprecated, use preg_replace_callback instead D:\www\ThinkPHP\Lib\Template\ThinkTemplate.class.php 第 361 行.
NOTIC: [8192] preg_replace(): The /e modifier is deprecated, use preg_replace_callback instead D:\www\ThinkPHP\Lib\Template\ThinkTemplate.class.php 第 361 行.
NOTIC: [8192] preg_replace(): The /e modifier is deprecated, use preg_replace_callback instead D:\www\ThinkPHP\Lib\Template\ThinkTemplate.class.php 第 372 行.
NOTIC: [8192] preg_replace(): The /e modifier is deprecated, use preg_replace_callback instead D:\www\ThinkPHP\Lib\Template\ThinkTemplate.class.php 第 372 行.
NOTIC: [8192] preg_replace(): The /e modifier is deprecated, use preg_replace_callback instead D:\www\ThinkPHP\Lib\Template\ThinkTemplate.class.php 第 372 行.
NOTIC: [8192] preg_replace(): The /e modifier is deprecated, use preg_replace_callback instead D:\www\ThinkPHP\Lib\Template\ThinkTemplate.class.php 第 361 行.
NOTIC: [8192] preg_replace(): The /e modifier is deprecated, use preg_replace_callback instead D:\www\ThinkPHP\Lib\Template\ThinkTemplate.class.php 第 372 行.
NOTIC: [8192] preg_replace(): The /e modifier is deprecated, use preg_replace_callback instead D:\www\ThinkPHP\Lib\Template\ThinkTemplate.class.php 第 372 行.
NOTIC: [8192] preg_replace(): The /e modifier is deprecated, use preg_replace_callback instead D:\www\ThinkPHP\Lib\Template\ThinkTemplate.class.php 第 372 行.
NOTIC: [8192] preg_replace(): The /e modifier is deprecated, use preg_replace_callback instead D:\www\ThinkPHP\Lib\Template\ThinkTemplate.class.php 第 372 行.
NOTIC: [8192] preg_replace(): The /e modifier is deprecated, use preg_replace_callback instead D:\www\ThinkPHP\Lib\Template\ThinkTemplate.class.php 第 372 行.
NOTIC: [8192] preg_replace(): The /e modifier is deprecated, use preg_replace_callback instead D:\www\ThinkPHP\Lib\Template\ThinkTemplate.class.php 第 372 行.
NOTIC: [8192] preg_replace(): The /e modifier is deprecated, use preg_replace_callback instead D:\www\ThinkPHP\Lib\Template\ThinkTemplate.class.php 第 372 行.
NOTIC: [8192] preg_replace(): The /e modifier is deprecated, use preg_replace_callback instead D:\www\ThinkPHP\Lib\Template\ThinkTemplate.class.php 第 372 行.
NOTIC: [8192] preg_replace(): The /e modifier is deprecated, use preg_replace_callback instead D:\www\ThinkPHP\Lib\Template\ThinkTemplate.class.php 第 372 行.
NOTIC: [8192] preg_replace(): The /e modifier is deprecated, use preg_replace_callback instead D:\www\ThinkPHP\Lib\Template\ThinkTemplate.class.php 第 372 行.
NOTIC: [8192] preg_replace(): The /e modifier is deprecated, use preg_replace_callback instead D:\www\ThinkPHP\Lib\Template\ThinkTemplate.class.php 第 372 行.
NOTIC: [8192] preg_replace(): The /e modifier is deprecated, use preg_replace_callback instead D:\www\ThinkPHP\Lib\Template\ThinkTemplate.class.php 第 372 行.
NOTIC: [8192] preg_replace(): The /e modifier is deprecated, use preg_replace_callback instead D:\www\ThinkPHP\Lib\Template\ThinkTemplate.class.php 第 372 行.
NOTIC: [8192] preg_replace(): The /e modifier is deprecated, use preg_replace_callback instead D:\www\ThinkPHP\Lib\Template\ThinkTemplate.class.php 第 372 行.
NOTIC: [8192] preg_replace(): The /e modifier is deprecated, use preg_replace_callback instead D:\www\ThinkPHP\Lib\Template\ThinkTemplate.class.php 第 372 行.
NOTIC: [8192] preg_replace(): The /e modifier is deprecated, use preg_replace_callback instead D:\www\ThinkPHP\Lib\Template\ThinkTemplate.class.php 第 372 行.
NOTIC: [8192] preg_replace(): The /e modifier is deprecated, use preg_replace_callback instead D:\www\ThinkPHP\Lib\Template\ThinkTemplate.class.php 第 372 行.
NOTIC: [8192] preg_replace(): The /e modifier is deprecated, use preg_replace_callback instead D:\www\ThinkPHP\Lib\Template\ThinkTemplate.class.php 第 372 行.
NOTIC: [8192] preg_replace(): The /e modifier is deprecated, use preg_replace_callback instead D:\www\ThinkPHP\Lib\Template\ThinkTemplate.class.php 第 372 行.
NOTIC: [8192] preg_replace(): The /e modifier is deprecated, use preg_replace_callback instead D:\www\ThinkPHP\Lib\Template\ThinkTemplate.class.php 第 372 行.
NOTIC: [8192] preg_replace(): The /e modifier is deprecated, use preg_replace_callback instead D:\www\ThinkPHP\Lib\Template\ThinkTemplate.class.php 第 372 行.
NOTIC: [8192] preg_replace(): The /e modifier is deprecated, use preg_replace_callback instead D:\www\ThinkPHP\Lib\Template\ThinkTemplate.class.php 第 372 行.
NOTIC: [8192] preg_replace(): The /e modifier is deprecated, use preg_replace_callback instead D:\www\ThinkPHP\Lib\Template\ThinkTemplate.class.php 第 372 行.
NOTIC: [8192] preg_replace(): The /e modifier is deprecated, use preg_replace_callback instead D:\www\ThinkPHP\Lib\Template\ThinkTemplate.class.php 第 372 行.
NOTIC: [8192] preg_replace(): The /e modifier is deprecated, use preg_replace_callback instead D:\www\ThinkPHP\Lib\Template\ThinkTemplate.class.php 第 372 行.
NOTIC: [8192] preg_replace(): The /e modifier is deprecated, use preg_replace_callback instead D:\www\ThinkPHP\Lib\Template\ThinkTemplate.class.php 第 372 行.
NOTIC: [8192] preg_replace(): The /e modifier is deprecated, use preg_replace_callback instead D:\www\ThinkPHP\Lib\Template\ThinkTemplate.class.php 第 372 行.
NOTIC: [8192] preg_replace(): The /e modifier is deprecated, use preg_replace_callback instead D:\www\ThinkPHP\Lib\Template\ThinkTemplate.class.php 第 372 行.
NOTIC: [8192] preg_replace(): The /e modifier is deprecated, use preg_replace_callback instead D:\www\ThinkPHP\Lib\Template\ThinkTemplate.class.php 第 372 行.
NOTIC: [8192] preg_replace(): The /e modifier is deprecated, use preg_replace_callback instead D:\www\ThinkPHP\Lib\Template\ThinkTemplate.class.php 第 372 行.
NOTIC: [8192] preg_replace(): The /e modifier is deprecated, use preg_replace_callback instead D:\www\ThinkPHP\Lib\Template\ThinkTemplate.class.php 第 372 行.
NOTIC: [8192] preg_replace(): The /e modifier is deprecated, use preg_replace_callback instead D:\www\ThinkPHP\Lib\Template\ThinkTemplate.class.php 第 372 行.
NOTIC: [8192] preg_replace(): The /e modifier is deprecated, use preg_replace_callback instead D:\www\ThinkPHP\Lib\Template\ThinkTemplate.class.php 第 372 行.
NOTIC: [8192] preg_replace(): The /e modifier is deprecated, use preg_replace_callback instead D:\www\ThinkPHP\Lib\Template\ThinkTemplate.class.php 第 372 行.
NOTIC: [8192] preg_replace(): The /e modifier is deprecated, use preg_replace_callback instead D:\www\ThinkPHP\Lib\Template\ThinkTemplate.class.php 第 372 行.
NOTIC: [8192] preg_replace(): The /e modifier is deprecated, use preg_replace_callback instead D:\www\ThinkPHP\Lib\Template\ThinkTemplate.class.php 第 372 行.
NOTIC: [8192] preg_replace(): The /e modifier is deprecated, use preg_replace_callback instead D:\www\ThinkPHP\Lib\Template\ThinkTemplate.class.php 第 372 行.
NOTIC: [8192] preg_replace(): The /e modifier is deprecated, use preg_replace_callback instead D:\www\ThinkPHP\Lib\Template\ThinkTemplate.class.php 第 372 行.
NOTIC: [8192] preg_replace(): The /e modifier is deprecated, use preg_replace_callback instead D:\www\ThinkPHP\Lib\Template\ThinkTemplate.class.php 第 372 行.
NOTIC: [8192] preg_replace(): The /e modifier is deprecated, use preg_replace_callback instead D:\www\ThinkPHP\Lib\Template\ThinkTemplate.class.php 第 372 行.
NOTIC: [8192] preg_replace(): The /e modifier is deprecated, use preg_replace_callback instead D:\www\ThinkPHP\Lib\Template\ThinkTemplate.class.php 第 372 行.
NOTIC: [8192] preg_replace(): The /e modifier is deprecated, use preg_replace_callback instead D:\www\ThinkPHP\Lib\Template\ThinkTemplate.class.php 第 372 行.
NOTIC: [8192] preg_replace(): The /e modifier is deprecated, use preg_replace_callback instead D:\www\ThinkPHP\Lib\Template\ThinkTemplate.class.php 第 372 行.
NOTIC: [8192] preg_replace(): The /e modifier is deprecated, use preg_replace_callback instead D:\www\ThinkPHP\Lib\Template\ThinkTemplate.class.php 第 372 行.
NOTIC: [8192] preg_replace(): The /e modifier is deprecated, use preg_replace_callback instead D:\www\ThinkPHP\Lib\Template\ThinkTemplate.class.php 第 372 行.
NOTIC: [8192] preg_replace(): The /e modifier is deprecated, use preg_replace_callback instead D:\www\ThinkPHP\Lib\Template\ThinkTemplate.class.php 第 372 行.
NOTIC: [8192] preg_replace(): The /e modifier is deprecated, use preg_replace_callback instead D:\www\ThinkPHP\Lib\Template\ThinkTemplate.class.php 第 372 行.
NOTIC: [8192] preg_replace(): The /e modifier is deprecated, use preg_replace_callback instead D:\www\ThinkPHP\Lib\Template\ThinkTemplate.class.php 第 372 行.
NOTIC: [8192] preg_replace(): The /e modifier is deprecated, use preg_replace_callback instead D:\www\ThinkPHP\Lib\Template\ThinkTemplate.class.php 第 372 行.
NOTIC: [8192] preg_replace(): The /e modifier is deprecated, use preg_replace_callback instead D:\www\ThinkPHP\Lib\Template\ThinkTemplate.class.php 第 372 行.
NOTIC: [8192] preg_replace(): The /e modifier is deprecated, use preg_replace_callback instead D:\www\ThinkPHP\Lib\Template\ThinkTemplate.class.php 第 372 行.
NOTIC: [8192] preg_replace(): The /e modifier is deprecated, use preg_replace_callback instead D:\www\ThinkPHP\Lib\Template\ThinkTemplate.class.php 第 372 行.
NOTIC: [8192] preg_replace(): The /e modifier is deprecated, use preg_replace_callback instead D:\www\ThinkPHP\Lib\Template\ThinkTemplate.class.php 第 372 行.
NOTIC: [8192] preg_replace(): The /e modifier is deprecated, use preg_replace_callback instead D:\www\ThinkPHP\Lib\Template\ThinkTemplate.class.php 第 372 行.
NOTIC: [8192] preg_replace(): The /e modifier is deprecated, use preg_replace_callback instead D:\www\ThinkPHP\Lib\Template\ThinkTemplate.class.php 第 372 行.
NOTIC: [8192] preg_replace(): The /e modifier is deprecated, use preg_replace_callback instead D:\www\ThinkPHP\Lib\Template\ThinkTemplate.class.php 第 372 行.
NOTIC: [8192] preg_replace(): The /e modifier is deprecated, use preg_replace_callback instead D:\www\ThinkPHP\Lib\Template\ThinkTemplate.class.php 第 372 行.
NOTIC: [8192] preg_replace(): The /e modifier is deprecated, use preg_replace_callback instead D:\www\ThinkPHP\Lib\Template\ThinkTemplate.class.php 第 372 行.
NOTIC: [8192] preg_replace(): The /e modifier is deprecated, use preg_replace_callback instead D:\www\ThinkPHP\Lib\Template\ThinkTemplate.class.php 第 372 行.
NOTIC: [8192] preg_replace(): The /e modifier is deprecated, use preg_replace_callback instead D:\www\ThinkPHP\Lib\Template\ThinkTemplate.class.php 第 372 行.
NOTIC: [8192] preg_replace(): The /e modifier is deprecated, use preg_replace_callback instead D:\www\ThinkPHP\Lib\Template\ThinkTemplate.class.php 第 372 行.
NOTIC: [8192] preg_replace(): The /e modifier is deprecated, use preg_replace_callback instead D:\www\ThinkPHP\Lib\Template\ThinkTemplate.class.php 第 372 行.
NOTIC: [8192] preg_replace(): The /e modifier is deprecated, use preg_replace_callback instead D:\www\ThinkPHP\Lib\Template\ThinkTemplate.class.php 第 372 行.
NOTIC: [8192] preg_replace(): The /e modifier is deprecated, use preg_replace_callback instead D:\www\ThinkPHP\Lib\Template\ThinkTemplate.class.php 第 372 行.
NOTIC: [8192] preg_replace(): The /e modifier is deprecated, use preg_replace_callback instead D:\www\ThinkPHP\Lib\Template\ThinkTemplate.class.php 第 372 行.
NOTIC: [8192] preg_replace(): The /e modifier is deprecated, use preg_replace_callback instead D:\www\ThinkPHP\Lib\Template\ThinkTemplate.class.php 第 372 行.
NOTIC: [8192] preg_replace(): The /e modifier is deprecated, use preg_replace_callback instead D:\www\ThinkPHP\Lib\Template\ThinkTemplate.class.php 第 361 行.
NOTIC: [8192] preg_replace(): The /e modifier is deprecated, use preg_replace_callback instead D:\www\ThinkPHP\Lib\Template\ThinkTemplate.class.php 第 361 行.
NOTIC: [8192] preg_replace(): The /e modifier is deprecated, use preg_replace_callback instead D:\www\ThinkPHP\Lib\Template\ThinkTemplate.class.php 第 361 行.
NOTIC: [8192] preg_replace(): The /e modifier is deprecated, use preg_replace_callback instead D:\www\ThinkPHP\Lib\Template\ThinkTemplate.class.php 第 361 行.
NOTIC: [8192] preg_replace(): The /e modifier is deprecated, use preg_replace_callback instead D:\www\ThinkPHP\Lib\Template\ThinkTemplate.class.php 第 361 行.
NOTIC: [8192] preg_replace(): The /e modifier is deprecated, use preg_replace_callback instead D:\www\ThinkPHP\Lib\Template\ThinkTemplate.class.php 第 361 行.
NOTIC: [8192] preg_replace(): The /e modifier is deprecated, use preg_replace_callback instead D:\www\ThinkPHP\Lib\Template\ThinkTemplate.class.php 第 372 行.
NOTIC: [8192] preg_replace(): The /e modifier is deprecated, use preg_replace_callback instead D:\www\ThinkPHP\Lib\Template\ThinkTemplate.class.php 第 372 行.
NOTIC: [8192] preg_replace(): The /e modifier is deprecated, use preg_replace_callback instead D:\www\ThinkPHP\Lib\Template\ThinkTemplate.class.php 第 372 行.
NOTIC: [8192] preg_replace(): The /e modifier is deprecated, use preg_replace_callback instead D:\www\ThinkPHP\Lib\Template\ThinkTemplate.class.php 第 195 行.
NOTIC: [8192] preg_replace(): The /e modifier is deprecated, use preg_replace_callback instead D:\www\ThinkPHP\Lib\Template\ThinkTemplate.class.php 第 125 行.
INFO: Run ParseTemplate Behavior [ RunTime:-0.005409s ]
INFO: [ view_parse ] --END-- [ RunTime:0.006279s ]
INFO: [ view_filter ] --START--
INFO: Run ContentReplace Behavior [ RunTime:-0.011762s ]
INFO: Run TokenBuild Behavior [ RunTime:-0.012163s ]
INFO: Run WriteHtmlCache Behavior [ RunTime:-0.012479s ]
INFO: Run ShowRuntime Behavior [ RunTime:-0.012690s ]
INFO: [ view_filter ] --END-- [ RunTime:0.001243s ]
INFO: [ view_end ] --START--
INFO: Run ShowPageTrace Behavior [ RunTime:-0.013078s ]
INFO: [ view_end ] --END-- [ RunTime:0.000338s ]

[ 2022-04-25T09:10:47+08:00 ] 0.0.0.0 /pcn/index.php/Index/getData?limit=10&offset=0&search=&_=1650849047257
INFO: [ route_check ] --START--
INFO: Run CheckRoute Behavior [ RunTime:0.000969s ]
INFO: [ route_check ] --END-- [ RunTime:0.001384s ]
NOTIC: [8192] preg_replace(): The /e modifier is deprecated, use preg_replace_callback instead D:\www\ThinkPHP\Lib\Core\Dispatcher.class.php 第 122 行.
INFO: [ app_begin ] --START--
INFO: Run ReadHtmlCache Behavior [ RunTime:-0.000748s ]
INFO: Run CheckLang Behavior [ RunTime:-0.002409s ]
INFO: [ app_begin ] --END-- [ RunTime:0.004522s ]
NOTIC: [8192] mysql_connect(): The mysql extension is deprecated and will be removed in the future: use mysqli or PDO instead D:\www\ThinkPHP\Lib\Driver\Db\DbMysql.class.php 第 55 行.
SQL: SHOW COLUMNS FROM `pcn_main` [ RunTime:0.000884s ]
NOTIC: [8192] preg_replace(): The /e modifier is deprecated, use preg_replace_callback instead D:\www\ThinkPHP\Lib\Core\Db.class.php 第 572 行.
SQL: SELECT COUNT(*) AS tp_count FROM `pcn_main` WHERE internal_pn like '%%' ||pcn_no like '%%'  LIMIT 1   [ RunTime:0.001234s ]
NOTIC: [8192] preg_replace(): The /e modifier is deprecated, use preg_replace_callback instead D:\www\ThinkPHP\Lib\Core\Db.class.php 第 572 行.
SQL: SELECT * FROM `pcn_main` WHERE internal_pn like '%%' ||pcn_no like '%%'  ORDER BY id desc LIMIT 0,10   [ RunTime:0.001975s ]

[ 2022-04-25T09:25:24+08:00 ] 0.0.0.0 /pcn/index.php/Index/index
INFO: [ route_check ] --START--
INFO: Run CheckRoute Behavior [ RunTime:0.002199s ]
INFO: [ route_check ] --END-- [ RunTime:0.002620s ]
NOTIC: [8192] preg_replace(): The /e modifier is deprecated, use preg_replace_callback instead D:\www\ThinkPHP\Lib\Core\Dispatcher.class.php 第 122 行.
INFO: [ app_begin ] --START--
INFO: Run ReadHtmlCache Behavior [ RunTime:-0.001180s ]
INFO: Run CheckLang Behavior [ RunTime:-0.001968s ]
INFO: [ app_begin ] --END-- [ RunTime:0.001575s ]
INFO: [ view_template ] --START--
INFO: Run LocationTemplate Behavior [ RunTime:-0.007249s ]
INFO: [ view_template ] --END-- [ RunTime:0.000376s ]
INFO: [ view_parse ] --START--
NOTIC: [8192] preg_replace(): The /e modifier is deprecated, use preg_replace_callback instead D:\www\ThinkPHP\Lib\Template\ThinkTemplate.class.php 第 161 行.
NOTIC: [8192] preg_replace(): The /e modifier is deprecated, use preg_replace_callback instead D:\www\ThinkPHP\Lib\Template\ThinkTemplate.class.php 第 372 行.
NOTIC: [8192] preg_replace(): The /e modifier is deprecated, use preg_replace_callback instead D:\www\ThinkPHP\Lib\Template\ThinkTemplate.class.php 第 372 行.
NOTIC: [8192] preg_replace(): The /e modifier is deprecated, use preg_replace_callback instead D:\www\ThinkPHP\Lib\Template\ThinkTemplate.class.php 第 372 行.
NOTIC: [8192] preg_replace(): The /e modifier is deprecated, use preg_replace_callback instead D:\www\ThinkPHP\Lib\Template\ThinkTemplate.class.php 第 372 行.
NOTIC: [8192] preg_replace(): The /e modifier is deprecated, use preg_replace_callback instead D:\www\ThinkPHP\Lib\Template\ThinkTemplate.class.php 第 372 行.
NOTIC: [8192] preg_replace(): The /e modifier is deprecated, use preg_replace_callback instead D:\www\ThinkPHP\Lib\Template\ThinkTemplate.class.php 第 372 行.
NOTIC: [8192] preg_replace(): The /e modifier is deprecated, use preg_replace_callback instead D:\www\ThinkPHP\Lib\Template\ThinkTemplate.class.php 第 372 行.
NOTIC: [8192] preg_replace(): The /e modifier is deprecated, use preg_replace_callback instead D:\www\ThinkPHP\Lib\Template\ThinkTemplate.class.php 第 372 行.
NOTIC: [8192] preg_replace(): The /e modifier is deprecated, use preg_replace_callback instead D:\www\ThinkPHP\Lib\Template\ThinkTemplate.class.php 第 372 行.
NOTIC: [8192] preg_replace(): The /e modifier is deprecated, use preg_replace_callback instead D:\www\ThinkPHP\Lib\Template\ThinkTemplate.class.php 第 372 行.
NOTIC: [8192] preg_replace(): The /e modifier is deprecated, use preg_replace_callback instead D:\www\ThinkPHP\Lib\Template\ThinkTemplate.class.php 第 372 行.
NOTIC: [8192] preg_replace(): The /e modifier is deprecated, use preg_replace_callback instead D:\www\ThinkPHP\Lib\Template\ThinkTemplate.class.php 第 372 行.
NOTIC: [8192] preg_replace(): The /e modifier is deprecated, use preg_replace_callback instead D:\www\ThinkPHP\Lib\Template\ThinkTemplate.class.php 第 361 行.
NOTIC: [8192] preg_replace(): The /e modifier is deprecated, use preg_replace_callback instead D:\www\ThinkPHP\Lib\Template\ThinkTemplate.class.php 第 361 行.
NOTIC: [8192] preg_replace(): The /e modifier is deprecated, use preg_replace_callback instead D:\www\ThinkPHP\Lib\Template\ThinkTemplate.class.php 第 372 行.
NOTIC: [8192] preg_replace(): The /e modifier is deprecated, use preg_replace_callback instead D:\www\ThinkPHP\Lib\Template\ThinkTemplate.class.php 第 372 行.
NOTIC: [8192] preg_replace(): The /e modifier is deprecated, use preg_replace_callback instead D:\www\ThinkPHP\Lib\Template\ThinkTemplate.class.php 第 372 行.
NOTIC: [8192] preg_replace(): The /e modifier is deprecated, use preg_replace_callback instead D:\www\ThinkPHP\Lib\Template\ThinkTemplate.class.php 第 361 行.
NOTIC: [8192] preg_replace(): The /e modifier is deprecated, use preg_replace_callback instead D:\www\ThinkPHP\Lib\Template\ThinkTemplate.class.php 第 372 行.
NOTIC: [8192] preg_replace(): The /e modifier is deprecated, use preg_replace_callback instead D:\www\ThinkPHP\Lib\Template\ThinkTemplate.class.php 第 372 行.
NOTIC: [8192] preg_replace(): The /e modifier is deprecated, use preg_replace_callback instead D:\www\ThinkPHP\Lib\Template\ThinkTemplate.class.php 第 372 行.
NOTIC: [8192] preg_replace(): The /e modifier is deprecated, use preg_replace_callback instead D:\www\ThinkPHP\Lib\Template\ThinkTemplate.class.php 第 372 行.
NOTIC: [8192] preg_replace(): The /e modifier is deprecated, use preg_replace_callback instead D:\www\ThinkPHP\Lib\Template\ThinkTemplate.class.php 第 372 行.
NOTIC: [8192] preg_replace(): The /e modifier is deprecated, use preg_replace_callback instead D:\www\ThinkPHP\Lib\Template\ThinkTemplate.class.php 第 372 行.
NOTIC: [8192] preg_replace(): The /e modifier is deprecated, use preg_replace_callback instead D:\www\ThinkPHP\Lib\Template\ThinkTemplate.class.php 第 372 行.
NOTIC: [8192] preg_replace(): The /e modifier is deprecated, use preg_replace_callback instead D:\www\ThinkPHP\Lib\Template\ThinkTemplate.class.php 第 372 行.
NOTIC: [8192] preg_replace(): The /e modifier is deprecated, use preg_replace_callback instead D:\www\ThinkPHP\Lib\Template\ThinkTemplate.class.php 第 372 行.
NOTIC: [8192] preg_replace(): The /e modifier is deprecated, use preg_replace_callback instead D:\www\ThinkPHP\Lib\Template\ThinkTemplate.class.php 第 372 行.
NOTIC: [8192] preg_replace(): The /e modifier is deprecated, use preg_replace_callback instead D:\www\ThinkPHP\Lib\Template\ThinkTemplate.class.php 第 372 行.
NOTIC: [8192] preg_replace(): The /e modifier is deprecated, use preg_replace_callback instead D:\www\ThinkPHP\Lib\Template\ThinkTemplate.class.php 第 372 行.
NOTIC: [8192] preg_replace(): The /e modifier is deprecated, use preg_replace_callback instead D:\www\ThinkPHP\Lib\Template\ThinkTemplate.class.php 第 372 行.
NOTIC: [8192] preg_replace(): The /e modifier is deprecated, use preg_replace_callback instead D:\www\ThinkPHP\Lib\Template\ThinkTemplate.class.php 第 372 行.
NOTIC: [8192] preg_replace(): The /e modifier is deprecated, use preg_replace_callback instead D:\www\ThinkPHP\Lib\Template\ThinkTemplate.class.php 第 372 行.
NOTIC: [8192] preg_replace(): The /e modifier is deprecated, use preg_replace_callback instead D:\www\ThinkPHP\Lib\Template\ThinkTemplate.class.php 第 372 行.
NOTIC: [8192] preg_replace(): The /e modifier is deprecated, use preg_replace_callback instead D:\www\ThinkPHP\Lib\Template\ThinkTemplate.class.php 第 372 行.
NOTIC: [8192] preg_replace(): The /e modifier is deprecated, use preg_replace_callback instead D:\www\ThinkPHP\Lib\Template\ThinkTemplate.class.php 第 372 行.
NOTIC: [8192] preg_replace(): The /e modifier is deprecated, use preg_replace_callback instead D:\www\ThinkPHP\Lib\Template\ThinkTemplate.class.php 第 372 行.
NOTIC: [8192] preg_replace(): The /e modifier is deprecated, use preg_replace_callback instead D:\www\ThinkPHP\Lib\Template\ThinkTemplate.class.php 第 372 行.
NOTIC: [8192] preg_replace(): The /e modifier is deprecated, use preg_replace_callback instead D:\www\ThinkPHP\Lib\Template\ThinkTemplate.class.php 第 372 行.
NOTIC: [8192] preg_replace(): The /e modifier is deprecated, use preg_replace_callback instead D:\www\ThinkPHP\Lib\Template\ThinkTemplate.class.php 第 372 行.
NOTIC: [8192] preg_replace(): The /e modifier is deprecated, use preg_replace_callback instead D:\www\ThinkPHP\Lib\Template\ThinkTemplate.class.php 第 372 行.
NOTIC: [8192] preg_replace(): The /e modifier is deprecated, use preg_replace_callback instead D:\www\ThinkPHP\Lib\Template\ThinkTemplate.class.php 第 372 行.
NOTIC: [8192] preg_replace(): The /e modifier is deprecated, use preg_replace_callback instead D:\www\ThinkPHP\Lib\Template\ThinkTemplate.class.php 第 372 行.
NOTIC: [8192] preg_replace(): The /e modifier is deprecated, use preg_replace_callback instead D:\www\ThinkPHP\Lib\Template\ThinkTemplate.class.php 第 372 行.
NOTIC: [8192] preg_replace(): The /e modifier is deprecated, use preg_replace_callback instead D:\www\ThinkPHP\Lib\Template\ThinkTemplate.class.php 第 372 行.
NOTIC: [8192] preg_replace(): The /e modifier is deprecated, use preg_replace_callback instead D:\www\ThinkPHP\Lib\Template\ThinkTemplate.class.php 第 372 行.
NOTIC: [8192] preg_replace(): The /e modifier is deprecated, use preg_replace_callback instead D:\www\ThinkPHP\Lib\Template\ThinkTemplate.class.php 第 372 行.
NOTIC: [8192] preg_replace(): The /e modifier is deprecated, use preg_replace_callback instead D:\www\ThinkPHP\Lib\Template\ThinkTemplate.class.php 第 372 行.
NOTIC: [8192] preg_replace(): The /e modifier is deprecated, use preg_replace_callback instead D:\www\ThinkPHP\Lib\Template\ThinkTemplate.class.php 第 372 行.
NOTIC: [8192] preg_replace(): The /e modifier is deprecated, use preg_replace_callback instead D:\www\ThinkPHP\Lib\Template\ThinkTemplate.class.php 第 372 行.
NOTIC: [8192] preg_replace(): The /e modifier is deprecated, use preg_replace_callback instead D:\www\ThinkPHP\Lib\Template\ThinkTemplate.class.php 第 372 行.
NOTIC: [8192] preg_replace(): The /e modifier is deprecated, use preg_replace_callback instead D:\www\ThinkPHP\Lib\Template\ThinkTemplate.class.php 第 372 行.
NOTIC: [8192] preg_replace(): The /e modifier is deprecated, use preg_replace_callback instead D:\www\ThinkPHP\Lib\Template\ThinkTemplate.class.php 第 372 行.
NOTIC: [8192] preg_replace(): The /e modifier is deprecated, use preg_replace_callback instead D:\www\ThinkPHP\Lib\Template\ThinkTemplate.class.php 第 372 行.
NOTIC: [8192] preg_replace(): The /e modifier is deprecated, use preg_replace_callback instead D:\www\ThinkPHP\Lib\Template\ThinkTemplate.class.php 第 372 行.
NOTIC: [8192] preg_replace(): The /e modifier is deprecated, use preg_replace_callback instead D:\www\ThinkPHP\Lib\Template\ThinkTemplate.class.php 第 372 行.
NOTIC: [8192] preg_replace(): The /e modifier is deprecated, use preg_replace_callback instead D:\www\ThinkPHP\Lib\Template\ThinkTemplate.class.php 第 372 行.
NOTIC: [8192] preg_replace(): The /e modifier is deprecated, use preg_replace_callback instead D:\www\ThinkPHP\Lib\Template\ThinkTemplate.class.php 第 372 行.
NOTIC: [8192] preg_replace(): The /e modifier is deprecated, use preg_replace_callback instead D:\www\ThinkPHP\Lib\Template\ThinkTemplate.class.php 第 372 行.
NOTIC: [8192] preg_replace(): The /e modifier is deprecated, use preg_replace_callback instead D:\www\ThinkPHP\Lib\Template\ThinkTemplate.class.php 第 372 行.
NOTIC: [8192] preg_replace(): The /e modifier is deprecated, use preg_replace_callback instead D:\www\ThinkPHP\Lib\Template\ThinkTemplate.class.php 第 372 行.
NOTIC: [8192] preg_replace(): The /e modifier is deprecated, use preg_replace_callback instead D:\www\ThinkPHP\Lib\Template\ThinkTemplate.class.php 第 372 行.
NOTIC: [8192] preg_replace(): The /e modifier is deprecated, use preg_replace_callback instead D:\www\ThinkPHP\Lib\Template\ThinkTemplate.class.php 第 372 行.
NOTIC: [8192] preg_replace(): The /e modifier is deprecated, use preg_replace_callback instead D:\www\ThinkPHP\Lib\Template\ThinkTemplate.class.php 第 372 行.
NOTIC: [8192] preg_replace(): The /e modifier is deprecated, use preg_replace_callback instead D:\www\ThinkPHP\Lib\Template\ThinkTemplate.class.php 第 372 行.
NOTIC: [8192] preg_replace(): The /e modifier is deprecated, use preg_replace_callback instead D:\www\ThinkPHP\Lib\Template\ThinkTemplate.class.php 第 372 行.
NOTIC: [8192] preg_replace(): The /e modifier is deprecated, use preg_replace_callback instead D:\www\ThinkPHP\Lib\Template\ThinkTemplate.class.php 第 372 行.
NOTIC: [8192] preg_replace(): The /e modifier is deprecated, use preg_replace_callback instead D:\www\ThinkPHP\Lib\Template\ThinkTemplate.class.php 第 372 行.
NOTIC: [8192] preg_replace(): The /e modifier is deprecated, use preg_replace_callback instead D:\www\ThinkPHP\Lib\Template\ThinkTemplate.class.php 第 372 行.
NOTIC: [8192] preg_replace(): The /e modifier is deprecated, use preg_replace_callback instead D:\www\ThinkPHP\Lib\Template\ThinkTemplate.class.php 第 372 行.
NOTIC: [8192] preg_replace(): The /e modifier is deprecated, use preg_replace_callback instead D:\www\ThinkPHP\Lib\Template\ThinkTemplate.class.php 第 372 行.
NOTIC: [8192] preg_replace(): The /e modifier is deprecated, use preg_replace_callback instead D:\www\ThinkPHP\Lib\Template\ThinkTemplate.class.php 第 372 行.
NOTIC: [8192] preg_replace(): The /e modifier is deprecated, use preg_replace_callback instead D:\www\ThinkPHP\Lib\Template\ThinkTemplate.class.php 第 372 行.
NOTIC: [8192] preg_replace(): The /e modifier is deprecated, use preg_replace_callback instead D:\www\ThinkPHP\Lib\Template\ThinkTemplate.class.php 第 372 行.
NOTIC: [8192] preg_replace(): The /e modifier is deprecated, use preg_replace_callback instead D:\www\ThinkPHP\Lib\Template\ThinkTemplate.class.php 第 372 行.
NOTIC: [8192] preg_replace(): The /e modifier is deprecated, use preg_replace_callback instead D:\www\ThinkPHP\Lib\Template\ThinkTemplate.class.php 第 372 行.
NOTIC: [8192] preg_replace(): The /e modifier is deprecated, use preg_replace_callback instead D:\www\ThinkPHP\Lib\Template\ThinkTemplate.class.php 第 372 行.
NOTIC: [8192] preg_replace(): The /e modifier is deprecated, use preg_replace_callback instead D:\www\ThinkPHP\Lib\Template\ThinkTemplate.class.php 第 372 行.
NOTIC: [8192] preg_replace(): The /e modifier is deprecated, use preg_replace_callback instead D:\www\ThinkPHP\Lib\Template\ThinkTemplate.class.php 第 372 行.
NOTIC: [8192] preg_replace(): The /e modifier is deprecated, use preg_replace_callback instead D:\www\ThinkPHP\Lib\Template\ThinkTemplate.class.php 第 372 行.
NOTIC: [8192] preg_replace(): The /e modifier is deprecated, use preg_replace_callback instead D:\www\ThinkPHP\Lib\Template\ThinkTemplate.class.php 第 372 行.
NOTIC: [8192] preg_replace(): The /e modifier is deprecated, use preg_replace_callback instead D:\www\ThinkPHP\Lib\Template\ThinkTemplate.class.php 第 372 行.
NOTIC: [8192] preg_replace(): The /e modifier is deprecated, use preg_replace_callback instead D:\www\ThinkPHP\Lib\Template\ThinkTemplate.class.php 第 372 行.
NOTIC: [8192] preg_replace(): The /e modifier is deprecated, use preg_replace_callback instead D:\www\ThinkPHP\Lib\Template\ThinkTemplate.class.php 第 372 行.
NOTIC: [8192] preg_replace(): The /e modifier is deprecated, use preg_replace_callback instead D:\www\ThinkPHP\Lib\Template\ThinkTemplate.class.php 第 361 行.
NOTIC: [8192] preg_replace(): The /e modifier is deprecated, use preg_replace_callback instead D:\www\ThinkPHP\Lib\Template\ThinkTemplate.class.php 第 361 行.
NOTIC: [8192] preg_replace(): The /e modifier is deprecated, use preg_replace_callback instead D:\www\ThinkPHP\Lib\Template\ThinkTemplate.class.php 第 361 行.
NOTIC: [8192] preg_replace(): The /e modifier is deprecated, use preg_replace_callback instead D:\www\ThinkPHP\Lib\Template\ThinkTemplate.class.php 第 361 行.
NOTIC: [8192] preg_replace(): The /e modifier is deprecated, use preg_replace_callback instead D:\www\ThinkPHP\Lib\Template\ThinkTemplate.class.php 第 361 行.
NOTIC: [8192] preg_replace(): The /e modifier is deprecated, use preg_replace_callback instead D:\www\ThinkPHP\Lib\Template\ThinkTemplate.class.php 第 361 行.
NOTIC: [8192] preg_replace(): The /e modifier is deprecated, use preg_replace_callback instead D:\www\ThinkPHP\Lib\Template\ThinkTemplate.class.php 第 372 行.
NOTIC: [8192] preg_replace(): The /e modifier is deprecated, use preg_replace_callback instead D:\www\ThinkPHP\Lib\Template\ThinkTemplate.class.php 第 372 行.
NOTIC: [8192] preg_replace(): The /e modifier is deprecated, use preg_replace_callback instead D:\www\ThinkPHP\Lib\Template\ThinkTemplate.class.php 第 372 行.
NOTIC: [8192] preg_replace(): The /e modifier is deprecated, use preg_replace_callback instead D:\www\ThinkPHP\Lib\Template\ThinkTemplate.class.php 第 195 行.
NOTIC: [8192] preg_replace(): The /e modifier is deprecated, use preg_replace_callback instead D:\www\ThinkPHP\Lib\Template\ThinkTemplate.class.php 第 125 行.
INFO: Run ParseTemplate Behavior [ RunTime:-0.007688s ]
INFO: [ view_parse ] --END-- [ RunTime:0.005973s ]
INFO: [ view_filter ] --START--
INFO: Run ContentReplace Behavior [ RunTime:-0.013732s ]
INFO: Run TokenBuild Behavior [ RunTime:-0.014097s ]
INFO: Run WriteHtmlCache Behavior [ RunTime:-0.014389s ]
INFO: Run ShowRuntime Behavior [ RunTime:-0.014585s ]
INFO: [ view_filter ] --END-- [ RunTime:0.001166s ]
INFO: [ view_end ] --START--
INFO: Run ShowPageTrace Behavior [ RunTime:-0.014969s ]
INFO: [ view_end ] --END-- [ RunTime:0.000340s ]

[ 2022-04-25T09:25:24+08:00 ] 0.0.0.0 /pcn/index.php/Index/getData?limit=10&offset=0&search=&_=1650849924831
INFO: [ route_check ] --START--
INFO: Run CheckRoute Behavior [ RunTime:0.002027s ]
INFO: [ route_check ] --END-- [ RunTime:0.002548s ]
NOTIC: [8192] preg_replace(): The /e modifier is deprecated, use preg_replace_callback instead D:\www\ThinkPHP\Lib\Core\Dispatcher.class.php 第 122 行.
INFO: [ app_begin ] --START--
INFO: Run ReadHtmlCache Behavior [ RunTime:-0.001817s ]
INFO: Run CheckLang Behavior [ RunTime:-0.002932s ]
INFO: [ app_begin ] --END-- [ RunTime:0.002898s ]
NOTIC: [8192] mysql_connect(): The mysql extension is deprecated and will be removed in the future: use mysqli or PDO instead D:\www\ThinkPHP\Lib\Driver\Db\DbMysql.class.php 第 55 行.
SQL: SHOW COLUMNS FROM `pcn_main` [ RunTime:0.001011s ]
NOTIC: [8192] preg_replace(): The /e modifier is deprecated, use preg_replace_callback instead D:\www\ThinkPHP\Lib\Core\Db.class.php 第 572 行.
SQL: SELECT COUNT(*) AS tp_count FROM `pcn_main` WHERE internal_pn like '%%' ||pcn_no like '%%'  LIMIT 1   [ RunTime:0.000713s ]
NOTIC: [8192] preg_replace(): The /e modifier is deprecated, use preg_replace_callback instead D:\www\ThinkPHP\Lib\Core\Db.class.php 第 572 行.
SQL: SELECT * FROM `pcn_main` WHERE internal_pn like '%%' ||pcn_no like '%%'  ORDER BY id desc LIMIT 0,10   [ RunTime:0.000713s ]

